Using pre-set license
Built from '2022.2/release' branch; Version is '2022.2.1f1 (4fead5835099) revision 5237461'; Using compiler version '192829333'; Build Type 'Release'
OS: 'Windows 11  (10.0.22621) 64bit Core' Language: 'fr' Physical Memory: 16163 MB
BatchMode: 1, IsHumanControllingUs: 0, StartBugReporterOnCrash: 0, Is64bit: 1, IsPro: 1

COMMAND LINE ARGUMENTS:
C:\Program Files\Unity\Hub\Editor\2022.2.1f1\Editor\Unity.exe
-adb2
-batchMode
-noUpm
-name
AssetImportWorker11
-projectPath
C:/Users/zBouarfa/Desktop/brief2/brief_2
-logFile
Logs/AssetImportWorker11.log
-srvPort
55644
Successfully changed project path to: C:/Users/zBouarfa/Desktop/brief2/brief_2
C:/Users/zBouarfa/Desktop/brief2/brief_2
[UnityMemory] Configuration Parameters - Can be set up in boot.config
    "memorysetup-bucket-allocator-granularity=16"
    "memorysetup-bucket-allocator-bucket-count=8"
    "memorysetup-bucket-allocator-block-size=33554432"
    "memorysetup-bucket-allocator-block-count=8"
    "memorysetup-main-allocator-block-size=16777216"
    "memorysetup-thread-allocator-block-size=16777216"
    "memorysetup-gfx-main-allocator-block-size=16777216"
    "memorysetup-gfx-thread-allocator-block-size=16777216"
    "memorysetup-cache-allocator-block-size=4194304"
    "memorysetup-typetree-allocator-block-size=2097152"
    "memorysetup-profiler-bucket-allocator-granularity=16"
    "memorysetup-profiler-bucket-allocator-bucket-count=8"
    "memorysetup-profiler-bucket-allocator-block-size=33554432"
    "memorysetup-profiler-bucket-allocator-block-count=8"
    "memorysetup-profiler-allocator-block-size=16777216"
    "memorysetup-profiler-editor-allocator-block-size=1048576"
    "memorysetup-temp-allocator-size-main=16777216"
    "memorysetup-job-temp-allocator-block-size=2097152"
    "memorysetup-job-temp-allocator-block-size-background=1048576"
    "memorysetup-job-temp-allocator-reduction-small-platforms=262144"
    "memorysetup-temp-allocator-size-background-worker=32768"
    "memorysetup-temp-allocator-size-job-worker=262144"
    "memorysetup-temp-allocator-size-preload-manager=33554432"
    "memorysetup-temp-allocator-size-nav-mesh-worker=65536"
    "memorysetup-temp-allocator-size-audio-worker=65536"
    "memorysetup-temp-allocator-size-cloud-worker=32768"
    "memorysetup-temp-allocator-size-gi-baking-worker=262144"
    "memorysetup-temp-allocator-size-gfx=262144"
Player connection [13928] Host "[IP] 10.0.21.214 [Port] 0 [Flags] 2 [Guid] 3138207311 [EditorId] 3138207311 [Version] 1048832 [Id] WindowsEditor(7,simplon-3d-06) [Debug] 1 [PackageName] WindowsEditor [ProjectName] Editor" joined multi-casting on [225.0.0.222:54997]...

Player connection [13928] Host "[IP] 10.0.21.214 [Port] 0 [Flags] 2 [Guid] 3138207311 [EditorId] 3138207311 [Version] 1048832 [Id] WindowsEditor(7,simplon-3d-06) [Debug] 1 [PackageName] WindowsEditor [ProjectName] Editor" joined alternative multi-casting on [225.0.0.222:34997]...

Refreshing native plugins compatible for Editor in 4.21 ms, found 2 plugins.
Preloading 0 native plugins for Editor in 0.00 ms.
Initialize engine version: 2022.2.1f1 (4fead5835099)
[Subsystems] Discovering subsystems at path C:/Program Files/Unity/Hub/Editor/2022.2.1f1/Editor/Data/Resources/UnitySubsystems
[Subsystems] Discovering subsystems at path C:/Users/zBouarfa/Desktop/brief2/brief_2/Assets
GfxDevice: creating device client; threaded=0; jobified=0
Direct3D:
    Version:  Direct3D 11.0 [level 11.1]
    Renderer: NVIDIA GeForce RTX 3060 Laptop GPU (ID=0x2520)
    Vendor:   NVIDIA
    VRAM:     6023 MB
    Driver:   27.21.14.6275
Initialize mono
Mono path[0] = 'C:/Program Files/Unity/Hub/Editor/2022.2.1f1/Editor/Data/Managed'
Mono path[1] = 'C:/Program Files/Unity/Hub/Editor/2022.2.1f1/Editor/Data/MonoBleedingEdge/lib/mono/unityjit-win32'
Mono config path = 'C:/Program Files/Unity/Hub/Editor/2022.2.1f1/Editor/Data/MonoBleedingEdge/etc'
Using monoOptions --debugger-agent=transport=dt_socket,embedding=1,server=y,suspend=n,address=127.0.0.1:56544
Begin MonoManager ReloadAssembly
Registering precompiled unity dll's ...
Register platform support module: C:/Program Files/Unity/Hub/Editor/2022.2.1f1/Editor/Data/PlaybackEngines/WindowsStandaloneSupport/UnityEditor.WindowsStandalone.Extensions.dll
Registered in 0.003498 seconds.
- Loaded All Assemblies, in  0.226 seconds
Native extension for WindowsStandalone target not found
Mono: successfully reloaded assembly
- Finished resetting the current domain, in  0.190 seconds
Domain Reload Profiling:
	ReloadAssembly (132ms)
		BeginReloadAssembly (53ms)
			ExecutionOrderSort (0ms)
			DisableScriptedObjects (0ms)
			BackupInstance (0ms)
			ReleaseScriptingObjects (0ms)
			CreateAndSetChildDomain (1ms)
		LoadAllAssembliesAndSetupDomain (0ms)
			LoadAssemblies (51ms)
			RebuildTransferFunctionScriptingTraits (0ms)
			SetupTypeCache (90ms)
				TypeCache.Initialize (90ms)
					TypeCache.ScanAssembly (89ms)
				ResolveRequiredComponents (0ms)
		FinalizeReload (0ms)
			ReleaseScriptCaches (0ms)
			RebuildScriptCaches (0ms)
			SetupLoadedEditorAssemblies (147ms)
				LogAssemblyErrors (0ms)
				InitializePlatformSupportModulesInManaged (6ms)
				SetLoadedEditorAssemblies (6ms)
				RefreshPlugins (0ms)
				BeforeProcessingInitializeOnLoad (1ms)
				ProcessInitializeOnLoadAttributes (98ms)
				ProcessInitializeOnLoadMethodAttributes (36ms)
				AfterProcessingInitializeOnLoad (0ms)
				EditorAssembliesLoaded (0ms)
			ExecutionOrderSort2 (0ms)
			AwakeInstancesAfterBackupRestoration (0ms)
========================================================================
Worker process is ready to serve import requests
Begin MonoManager ReloadAssembly
- Loaded All Assemblies, in  0.347 seconds
Refreshing native plugins compatible for Editor in 1.25 ms, found 2 plugins.
Native extension for WindowsStandalone target not found
Mono: successfully reloaded assembly
- Finished resetting the current domain, in  0.321 seconds
Domain Reload Profiling:
	ReloadAssembly (156ms)
		BeginReloadAssembly (90ms)
			ExecutionOrderSort (0ms)
			DisableScriptedObjects (4ms)
			BackupInstance (0ms)
			ReleaseScriptingObjects (0ms)
			CreateAndSetChildDomain (20ms)
		LoadAllAssembliesAndSetupDomain (190ms)
			LoadAssemblies (51ms)
			RebuildTransferFunctionScriptingTraits (0ms)
			SetupTypeCache (177ms)
				TypeCache.Initialize (137ms)
					TypeCache.ScanAssembly (134ms)
				ResolveRequiredComponents (1ms)
		FinalizeReload (0ms)
			ReleaseScriptCaches (0ms)
			RebuildScriptCaches (0ms)
			SetupLoadedEditorAssemblies (227ms)
				LogAssemblyErrors (0ms)
				InitializePlatformSupportModulesInManaged (4ms)
				SetLoadedEditorAssemblies (4ms)
				RefreshPlugins (0ms)
				BeforeProcessingInitializeOnLoad (31ms)
				ProcessInitializeOnLoadAttributes (166ms)
				ProcessInitializeOnLoadMethodAttributes (19ms)
				AfterProcessingInitializeOnLoad (3ms)
				EditorAssembliesLoaded (0ms)
			ExecutionOrderSort2 (0ms)
			AwakeInstancesAfterBackupRestoration (4ms)
Launched and connected shader compiler UnityShaderCompiler.exe after 0.03 seconds
Refreshing native plugins compatible for Editor in 1.26 ms, found 2 plugins.
Preloading 0 native plugins for Editor in 0.00 ms.
Unloading 1708 Unused Serialized files (Serialized files now loaded: 0)
Unloading 20 unused Assets / (56.8 KB). Loaded Objects now: 2195.
Memory consumption went from 295.4 MB to 295.3 MB.
Total: 2.494100 ms (FindLiveObjects: 0.127300 ms CreateObjectMapping: 0.045900 ms MarkObjects: 2.216500 ms  DeleteObjects: 0.103600 ms)

AssetImportParameters requested are different than current active one (requested -> active):
  custom:video-decoder-webm-vp8: 9c59270c3fd7afecdb556c50c9e8de78 -> 
  custom:container-demuxer-ogg: 62fdf1f143b41e24485cea50d1cbac27 -> 
  custom:AudioImporter_EditorPlatform: d09bf68614088b80899f8185d706f6e7 -> 
  custom:video-codec-MediaFoundation-h265: 746d11721c4dcdbdad8f713fa42b33f4 -> 
  custom:video-decoder-ogg-theora: a1e56fd34408186e4bbccfd4996cb3dc -> 
  custom:framework-win-MediaFoundation: 216162199b28c13a410421893ffa2e32 -> 
  custom:video-encoder-webm-vp8: eb34c28f22e8b96e1ab97ce403110664 -> 
  custom:audio-decoder-ogg-vorbis: bf7c407c2cedff20999df2af8eb42d56 -> 
  custom:container-demuxer-webm: 4f35f7cbe854078d1ac9338744f61a02 -> 
  custom:audio-encoder-webm-vorbis: bf7c407c2cedff20999df2af8eb42d56 -> 
  custom:container-muxer-webm: aa71ff27fc2769a1b78a27578f13a17b -> 
========================================================================
Received Import Request.
  Time since last request: 83300.957474 seconds.
  path: Assets/Brick Project Studio/Brief2/Apartment kit/Furniture/Kitchen/Appliances
  artifactKey: Guid(9d1b8e8288d67e24fa563a8d19b1684f) Importer(815301076,1909f56bfc062723c751e8b465ee728b)
Number of updated assets reloaded before import = 0
Start importing Assets/Brick Project Studio/Brief2/Apartment kit/Furniture/Kitchen/Appliances using Guid(9d1b8e8288d67e24fa563a8d19b1684f) Importer(815301076,1909f56bfc062723c751e8b465ee728b)  -> (artifact id: 'b1453921eeca2111abe39d63a5c3b222') in 0.012878 seconds 
Number of asset objects unloaded after import = 0
========================================================================
Received Import Request.
  Time since last request: 0.047596 seconds.
  path: Assets/Brick Project Studio/Brief2/Apartment kit/Furniture/Kitchen/Appliances/Fridge_01.prefab
  artifactKey: Guid(b9f258a086096d24aa7861fa20deed65) Importer(815301076,1909f56bfc062723c751e8b465ee728b)
Number of updated assets reloaded before import = 0
Start importing Assets/Brick Project Studio/Brief2/Apartment kit/Furniture/Kitchen/Appliances/Fridge_01.prefab using Guid(b9f258a086096d24aa7861fa20deed65) Importer(815301076,1909f56bfc062723c751e8b465ee728b)  -> (artifact id: '95b480d6bd994ae73d86d35e0b2fae02') in 0.143912 seconds 
Number of asset objects unloaded after import = 226
========================================================================
Received Import Request.
  Time since last request: 12.926184 seconds.
  path: Assets/Brick Project Studio/Brief2/Apartment kit/Furniture/Kitchen/Cabinets
  artifactKey: Guid(1fefdc64112392844841a44ee966f389) Importer(815301076,1909f56bfc062723c751e8b465ee728b)
Number of updated assets reloaded before import = 0
Start importing Assets/Brick Project Studio/Brief2/Apartment kit/Furniture/Kitchen/Cabinets using Guid(1fefdc64112392844841a44ee966f389) Importer(815301076,1909f56bfc062723c751e8b465ee728b)  -> (artifact id: 'd6927a8f0d4f682ec028ba210327f699') in 0.006497 seconds 
Number of asset objects unloaded after import = 0
========================================================================
Received Import Request.
  Time since last request: 0.072007 seconds.
  path: Assets/Brick Project Studio/Brief2/Apartment kit/Furniture/Kitchen/Cabinets/Cabinet_Base_Corner_01.prefab
  artifactKey: Guid(9e4d4910b774d1f48810a4fa933835c5) Importer(815301076,1909f56bfc062723c751e8b465ee728b)
Number of updated assets reloaded before import = 0
Start importing Assets/Brick Project Studio/Brief2/Apartment kit/Furniture/Kitchen/Cabinets/Cabinet_Base_Corner_01.prefab using Guid(9e4d4910b774d1f48810a4fa933835c5) Importer(815301076,1909f56bfc062723c751e8b465ee728b)  -> (artifact id: '78ce80417425fdeebe6be5534fd2544e') in 0.021754 seconds 
Number of asset objects unloaded after import = 45
========================================================================
Received Import Request.
  Time since last request: 0.002275 seconds.
  path: Assets/Brick Project Studio/Brief2/Apartment kit/Furniture/Kitchen/Cabinets/Cabinet_Base_SD_01.prefab
  artifactKey: Guid(d9d9f374cc51a6b4fb75751346d70b83) Importer(815301076,1909f56bfc062723c751e8b465ee728b)
Number of updated assets reloaded before import = 0
Start importing Assets/Brick Project Studio/Brief2/Apartment kit/Furniture/Kitchen/Cabinets/Cabinet_Base_SD_01.prefab using Guid(d9d9f374cc51a6b4fb75751346d70b83) Importer(815301076,1909f56bfc062723c751e8b465ee728b)  -> (artifact id: '59794986c14703d824d323f2c68d20a4') in 0.029260 seconds 
Number of asset objects unloaded after import = 51
========================================================================
Received Import Request.
  Time since last request: 0.000020 seconds.
  path: Assets/Brick Project Studio/Brief2/Apartment kit/Furniture/Kitchen/Cabinets/Cabinet_Wall_DD_01.prefab
  artifactKey: Guid(d2d91ff190ebafa41b8fa852ad4c0f8c) Importer(815301076,1909f56bfc062723c751e8b465ee728b)
Number of updated assets reloaded before import = 0
Start importing Assets/Brick Project Studio/Brief2/Apartment kit/Furniture/Kitchen/Cabinets/Cabinet_Wall_DD_01.prefab using Guid(d2d91ff190ebafa41b8fa852ad4c0f8c) Importer(815301076,1909f56bfc062723c751e8b465ee728b)  -> (artifact id: '5d0f7e55adf8e4287ed8ed24d40233b7') in 0.036238 seconds 
Number of asset objects unloaded after import = 38
========================================================================
Received Import Request.
  Time since last request: 0.000017 seconds.
  path: Assets/Brick Project Studio/Brief2/Apartment kit/Furniture/Kitchen/Cabinets/Cabinet_Wall_SD_01.prefab
  artifactKey: Guid(36510e737e626954986f2c5112be9091) Importer(815301076,1909f56bfc062723c751e8b465ee728b)
Number of updated assets reloaded before import = 0
Start importing Assets/Brick Project Studio/Brief2/Apartment kit/Furniture/Kitchen/Cabinets/Cabinet_Wall_SD_01.prefab using Guid(36510e737e626954986f2c5112be9091) Importer(815301076,1909f56bfc062723c751e8b465ee728b)  -> (artifact id: '611271704e9d7bf8cb51bdde1bb8e1c9') in 0.033288 seconds 
Number of asset objects unloaded after import = 25
========================================================================
Received Import Request.
  Time since last request: 0.000016 seconds.
  path: Assets/Brick Project Studio/Brief2/Apartment kit/Furniture/Kitchen/Cabinets/Cabinet_Base_Sink_01.prefab
  artifactKey: Guid(1a83256f7767c2c46a1371969648490c) Importer(815301076,1909f56bfc062723c751e8b465ee728b)
Number of updated assets reloaded before import = 0
Start importing Assets/Brick Project Studio/Brief2/Apartment kit/Furniture/Kitchen/Cabinets/Cabinet_Base_Sink_01.prefab using Guid(1a83256f7767c2c46a1371969648490c) Importer(815301076,1909f56bfc062723c751e8b465ee728b)  -> (artifact id: 'ac76c9fb0c16bfcbd70917ac7e3b5ff5') in 0.036360 seconds 
Number of asset objects unloaded after import = 75
Editor requested this worker to shutdown with reason: Scaling down because of idle timeout
TcpMessagingSession - receive error: operation aborted. errorcode: 995, details: L’opération d’entrée/sortie a été abandonnée en raison de l’arrêt d’un thread ou à la demande d’une application.
AssetImportWorker is now disconnected from the server
Process exiting
Exiting without the bug reporter. Application will terminate with return code 0