Using pre-set license
Built from '2022.2/release' branch; Version is '2022.2.1f1 (4fead5835099) revision 5237461'; Using compiler version '192829333'; Build Type 'Release'
OS: 'Windows 11  (10.0.22621) 64bit Core' Language: 'fr' Physical Memory: 16163 MB
BatchMode: 1, IsHumanControllingUs: 0, StartBugReporterOnCrash: 0, Is64bit: 1, IsPro: 1

COMMAND LINE ARGUMENTS:
C:\Program Files\Unity\Hub\Editor\2022.2.1f1\Editor\Unity.exe
-adb2
-batchMode
-noUpm
-name
AssetImportWorker4
-projectPath
C:/Users/zBouarfa/Desktop/brief2/brief_2
-logFile
Logs/AssetImportWorker4.log
-srvPort
55644
Successfully changed project path to: C:/Users/zBouarfa/Desktop/brief2/brief_2
C:/Users/zBouarfa/Desktop/brief2/brief_2
[UnityMemory] Configuration Parameters - Can be set up in boot.config
    "memorysetup-bucket-allocator-granularity=16"
    "memorysetup-bucket-allocator-bucket-count=8"
    "memorysetup-bucket-allocator-block-size=33554432"
    "memorysetup-bucket-allocator-block-count=8"
    "memorysetup-main-allocator-block-size=16777216"
    "memorysetup-thread-allocator-block-size=16777216"
    "memorysetup-gfx-main-allocator-block-size=16777216"
    "memorysetup-gfx-thread-allocator-block-size=16777216"
    "memorysetup-cache-allocator-block-size=4194304"
    "memorysetup-typetree-allocator-block-size=2097152"
    "memorysetup-profiler-bucket-allocator-granularity=16"
    "memorysetup-profiler-bucket-allocator-bucket-count=8"
    "memorysetup-profiler-bucket-allocator-block-size=33554432"
    "memorysetup-profiler-bucket-allocator-block-count=8"
    "memorysetup-profiler-allocator-block-size=16777216"
    "memorysetup-profiler-editor-allocator-block-size=1048576"
    "memorysetup-temp-allocator-size-main=16777216"
    "memorysetup-job-temp-allocator-block-size=2097152"
    "memorysetup-job-temp-allocator-block-size-background=1048576"
    "memorysetup-job-temp-allocator-reduction-small-platforms=262144"
    "memorysetup-temp-allocator-size-background-worker=32768"
    "memorysetup-temp-allocator-size-job-worker=262144"
    "memorysetup-temp-allocator-size-preload-manager=33554432"
    "memorysetup-temp-allocator-size-nav-mesh-worker=65536"
    "memorysetup-temp-allocator-size-audio-worker=65536"
    "memorysetup-temp-allocator-size-cloud-worker=32768"
    "memorysetup-temp-allocator-size-gi-baking-worker=262144"
    "memorysetup-temp-allocator-size-gfx=262144"
Player connection [7172] Host "[IP] 10.0.21.214 [Port] 0 [Flags] 2 [Guid] 3323751086 [EditorId] 3323751086 [Version] 1048832 [Id] WindowsEditor(7,simplon-3d-06) [Debug] 1 [PackageName] WindowsEditor [ProjectName] Editor" joined multi-casting on [225.0.0.222:54997]...

Player connection [7172] Host "[IP] 10.0.21.214 [Port] 0 [Flags] 2 [Guid] 3323751086 [EditorId] 3323751086 [Version] 1048832 [Id] WindowsEditor(7,simplon-3d-06) [Debug] 1 [PackageName] WindowsEditor [ProjectName] Editor" joined alternative multi-casting on [225.0.0.222:34997]...

Refreshing native plugins compatible for Editor in 6.03 ms, found 2 plugins.
Preloading 0 native plugins for Editor in 0.00 ms.
Initialize engine version: 2022.2.1f1 (4fead5835099)
[Subsystems] Discovering subsystems at path C:/Program Files/Unity/Hub/Editor/2022.2.1f1/Editor/Data/Resources/UnitySubsystems
[Subsystems] Discovering subsystems at path C:/Users/zBouarfa/Desktop/brief2/brief_2/Assets
GfxDevice: creating device client; threaded=0; jobified=0
Direct3D:
    Version:  Direct3D 11.0 [level 11.1]
    Renderer: NVIDIA GeForce RTX 3060 Laptop GPU (ID=0x2520)
    Vendor:   NVIDIA
    VRAM:     6023 MB
    Driver:   27.21.14.6275
Initialize mono
Mono path[0] = 'C:/Program Files/Unity/Hub/Editor/2022.2.1f1/Editor/Data/Managed'
Mono path[1] = 'C:/Program Files/Unity/Hub/Editor/2022.2.1f1/Editor/Data/MonoBleedingEdge/lib/mono/unityjit-win32'
Mono config path = 'C:/Program Files/Unity/Hub/Editor/2022.2.1f1/Editor/Data/MonoBleedingEdge/etc'
Using monoOptions --debugger-agent=transport=dt_socket,embedding=1,server=y,suspend=n,address=127.0.0.1:56876
Begin MonoManager ReloadAssembly
Registering precompiled unity dll's ...
Register platform support module: C:/Program Files/Unity/Hub/Editor/2022.2.1f1/Editor/Data/PlaybackEngines/WindowsStandaloneSupport/UnityEditor.WindowsStandalone.Extensions.dll
Registered in 0.003356 seconds.
- Loaded All Assemblies, in  0.249 seconds
Native extension for WindowsStandalone target not found
Mono: successfully reloaded assembly
- Finished resetting the current domain, in  0.184 seconds
Domain Reload Profiling:
	ReloadAssembly (154ms)
		BeginReloadAssembly (66ms)
			ExecutionOrderSort (0ms)
			DisableScriptedObjects (0ms)
			BackupInstance (0ms)
			ReleaseScriptingObjects (0ms)
			CreateAndSetChildDomain (1ms)
		LoadAllAssembliesAndSetupDomain (0ms)
			LoadAssemblies (65ms)
			RebuildTransferFunctionScriptingTraits (0ms)
			SetupTypeCache (92ms)
				TypeCache.Initialize (91ms)
					TypeCache.ScanAssembly (90ms)
				ResolveRequiredComponents (0ms)
		FinalizeReload (0ms)
			ReleaseScriptCaches (0ms)
			RebuildScriptCaches (0ms)
			SetupLoadedEditorAssemblies (143ms)
				LogAssemblyErrors (0ms)
				InitializePlatformSupportModulesInManaged (6ms)
				SetLoadedEditorAssemblies (6ms)
				RefreshPlugins (0ms)
				BeforeProcessingInitializeOnLoad (1ms)
				ProcessInitializeOnLoadAttributes (98ms)
				ProcessInitializeOnLoadMethodAttributes (33ms)
				AfterProcessingInitializeOnLoad (0ms)
				EditorAssembliesLoaded (0ms)
			ExecutionOrderSort2 (0ms)
			AwakeInstancesAfterBackupRestoration (0ms)
========================================================================
Worker process is ready to serve import requests
Begin MonoManager ReloadAssembly
- Loaded All Assemblies, in  0.342 seconds
Refreshing native plugins compatible for Editor in 1.34 ms, found 2 plugins.
Native extension for WindowsStandalone target not found
Mono: successfully reloaded assembly
- Finished resetting the current domain, in  0.329 seconds
Domain Reload Profiling:
	ReloadAssembly (145ms)
		BeginReloadAssembly (79ms)
			ExecutionOrderSort (0ms)
			DisableScriptedObjects (4ms)
			BackupInstance (0ms)
			ReleaseScriptingObjects (0ms)
			CreateAndSetChildDomain (16ms)
		LoadAllAssembliesAndSetupDomain (195ms)
			LoadAssemblies (45ms)
			RebuildTransferFunctionScriptingTraits (0ms)
			SetupTypeCache (182ms)
				TypeCache.Initialize (141ms)
					TypeCache.ScanAssembly (138ms)
				ResolveRequiredComponents (2ms)
		FinalizeReload (0ms)
			ReleaseScriptCaches (0ms)
			RebuildScriptCaches (0ms)
			SetupLoadedEditorAssemblies (232ms)
				LogAssemblyErrors (0ms)
				InitializePlatformSupportModulesInManaged (5ms)
				SetLoadedEditorAssemblies (5ms)
				RefreshPlugins (0ms)
				BeforeProcessingInitializeOnLoad (32ms)
				ProcessInitializeOnLoadAttributes (168ms)
				ProcessInitializeOnLoadMethodAttributes (19ms)
				AfterProcessingInitializeOnLoad (3ms)
				EditorAssembliesLoaded (0ms)
			ExecutionOrderSort2 (0ms)
			AwakeInstancesAfterBackupRestoration (4ms)
Launched and connected shader compiler UnityShaderCompiler.exe after 0.03 seconds
Refreshing native plugins compatible for Editor in 1.33 ms, found 2 plugins.
Preloading 0 native plugins for Editor in 0.00 ms.
Unloading 1708 Unused Serialized files (Serialized files now loaded: 0)
Unloading 20 unused Assets / (56.8 KB). Loaded Objects now: 2192.
Memory consumption went from 295.1 MB to 295.0 MB.
Total: 2.298200 ms (FindLiveObjects: 0.151500 ms CreateObjectMapping: 0.028800 ms MarkObjects: 2.009800 ms  DeleteObjects: 0.106600 ms)

AssetImportParameters requested are different than current active one (requested -> active):
  custom:video-decoder-webm-vp8: 9c59270c3fd7afecdb556c50c9e8de78 -> 
  custom:container-demuxer-ogg: 62fdf1f143b41e24485cea50d1cbac27 -> 
  custom:AudioImporter_EditorPlatform: d09bf68614088b80899f8185d706f6e7 -> 
  custom:video-codec-MediaFoundation-h265: 746d11721c4dcdbdad8f713fa42b33f4 -> 
  custom:video-decoder-ogg-theora: a1e56fd34408186e4bbccfd4996cb3dc -> 
  custom:framework-win-MediaFoundation: 216162199b28c13a410421893ffa2e32 -> 
  custom:video-encoder-webm-vp8: eb34c28f22e8b96e1ab97ce403110664 -> 
  custom:audio-decoder-ogg-vorbis: bf7c407c2cedff20999df2af8eb42d56 -> 
  custom:container-demuxer-webm: 4f35f7cbe854078d1ac9338744f61a02 -> 
  custom:audio-encoder-webm-vorbis: bf7c407c2cedff20999df2af8eb42d56 -> 
  custom:container-muxer-webm: aa71ff27fc2769a1b78a27578f13a17b -> 
========================================================================
Received Import Request.
  Time since last request: 76071.259653 seconds.
  path: Assets/Brick Project Studio/Brief2/Apartment kit/Prefabs/Apt Build Kit/Exteriors/Special
  artifactKey: Guid(3ebc6688b55257043963eb9761805ea3) Importer(815301076,1909f56bfc062723c751e8b465ee728b)
Number of updated assets reloaded before import = 0
Start importing Assets/Brick Project Studio/Brief2/Apartment kit/Prefabs/Apt Build Kit/Exteriors/Special using Guid(3ebc6688b55257043963eb9761805ea3) Importer(815301076,1909f56bfc062723c751e8b465ee728b)  -> (artifact id: 'bd0647f44f469c43bebba528fd7159af') in 0.008340 seconds 
Number of asset objects unloaded after import = 0
========================================================================
Received Import Request.
  Time since last request: 0.079123 seconds.
  path: Assets/Brick Project Studio/Brief2/Apartment kit/Prefabs/Apt Build Kit/Exteriors/Special/Ext_apt_01_01.prefab
  artifactKey: Guid(1804b0ce951149d4f8c62b573d634580) Importer(815301076,1909f56bfc062723c751e8b465ee728b)
Number of updated assets reloaded before import = 0
Start importing Assets/Brick Project Studio/Brief2/Apartment kit/Prefabs/Apt Build Kit/Exteriors/Special/Ext_apt_01_01.prefab using Guid(1804b0ce951149d4f8c62b573d634580) Importer(815301076,1909f56bfc062723c751e8b465ee728b)  -> (artifact id: 'd00b2b4ada6d52baa71cca04a49d1637') in 0.119754 seconds 
Number of asset objects unloaded after import = 10
========================================================================
Received Import Request.
  Time since last request: 80.550143 seconds.
  path: Assets/Brick Project Studio/Brief2/Apartment kit/Prefabs/Apt Build Kit/Int into Ext
  artifactKey: Guid(ed6ae6691b439b14ca460438d201a64a) Importer(815301076,1909f56bfc062723c751e8b465ee728b)
Number of updated assets reloaded before import = 0
Start importing Assets/Brick Project Studio/Brief2/Apartment kit/Prefabs/Apt Build Kit/Int into Ext using Guid(ed6ae6691b439b14ca460438d201a64a) Importer(815301076,1909f56bfc062723c751e8b465ee728b)  -> (artifact id: '3781d65d12eb8b97c363e08e01e705a4') in 0.011016 seconds 
Number of asset objects unloaded after import = 0
========================================================================
Received Import Request.
  Time since last request: 2.052498 seconds.
  path: Assets/Brick Project Studio/Brief2/Apartment kit/Prefabs/Apt Build Kit/Int into Ext/IntExt_apt_01_01.prefab
  artifactKey: Guid(bb9f07d059873044e83eed13d1495a4c) Importer(815301076,1909f56bfc062723c751e8b465ee728b)
Number of updated assets reloaded before import = 0
Start importing Assets/Brick Project Studio/Brief2/Apartment kit/Prefabs/Apt Build Kit/Int into Ext/IntExt_apt_01_01.prefab using Guid(bb9f07d059873044e83eed13d1495a4c) Importer(815301076,1909f56bfc062723c751e8b465ee728b)  -> (artifact id: '1d79bb5746976200abce3bb90af84e84') in 0.023139 seconds 
Number of asset objects unloaded after import = 16
========================================================================
Received Import Request.
  Time since last request: 0.002612 seconds.
  path: Assets/Brick Project Studio/Brief2/Apartment kit/Prefabs/Apt Build Kit/Int into Ext/IntExt_apt_01_03.prefab
  artifactKey: Guid(fd89e5fd063bbe449bfd219cac1ec948) Importer(815301076,1909f56bfc062723c751e8b465ee728b)
Number of updated assets reloaded before import = 0
Start importing Assets/Brick Project Studio/Brief2/Apartment kit/Prefabs/Apt Build Kit/Int into Ext/IntExt_apt_01_03.prefab using Guid(fd89e5fd063bbe449bfd219cac1ec948) Importer(815301076,1909f56bfc062723c751e8b465ee728b)  -> (artifact id: '568feaeb12f7fa8217050e0d8ef21764') in 0.034887 seconds 
Number of asset objects unloaded after import = 15
========================================================================
Received Import Request.
  Time since last request: 0.000024 seconds.
  path: Assets/Brick Project Studio/Brief2/Apartment kit/Prefabs/Apt Build Kit/Int into Ext/IntExt_apt_DoorFrame_R_01_01.prefab
  artifactKey: Guid(33a7e848ce42e7b43a917cdab018b9cc) Importer(815301076,1909f56bfc062723c751e8b465ee728b)
Number of updated assets reloaded before import = 0
Start importing Assets/Brick Project Studio/Brief2/Apartment kit/Prefabs/Apt Build Kit/Int into Ext/IntExt_apt_DoorFrame_R_01_01.prefab using Guid(33a7e848ce42e7b43a917cdab018b9cc) Importer(815301076,1909f56bfc062723c751e8b465ee728b)  -> (artifact id: '43ab98a2155029e0275ceb391d815c2b') in 0.021430 seconds 
Number of asset objects unloaded after import = 26
========================================================================
Received Import Request.
  Time since last request: 0.000022 seconds.
  path: Assets/Brick Project Studio/Brief2/Apartment kit/Prefabs/Apt Build Kit/Int into Ext/IntExt_apt_DoorFrame_L_01_01.prefab
  artifactKey: Guid(0c61fe183d6f98d42a9b0250ecf21842) Importer(815301076,1909f56bfc062723c751e8b465ee728b)
Number of updated assets reloaded before import = 0
Start importing Assets/Brick Project Studio/Brief2/Apartment kit/Prefabs/Apt Build Kit/Int into Ext/IntExt_apt_DoorFrame_L_01_01.prefab using Guid(0c61fe183d6f98d42a9b0250ecf21842) Importer(815301076,1909f56bfc062723c751e8b465ee728b)  -> (artifact id: '58ec601dd45c5b1a1ee6ce138a7aac2a') in 0.029250 seconds 
Number of asset objects unloaded after import = 26
========================================================================
Received Import Request.
  Time since last request: 0.000015 seconds.
  path: Assets/Brick Project Studio/Brief2/Apartment kit/Prefabs/Apt Build Kit/Int into Ext/IntExt_apt_DoorFrame_02_01.prefab
  artifactKey: Guid(eca1c14fa4f815e4d96961d241f47cfd) Importer(815301076,1909f56bfc062723c751e8b465ee728b)
Number of updated assets reloaded before import = 0
Start importing Assets/Brick Project Studio/Brief2/Apartment kit/Prefabs/Apt Build Kit/Int into Ext/IntExt_apt_DoorFrame_02_01.prefab using Guid(eca1c14fa4f815e4d96961d241f47cfd) Importer(815301076,1909f56bfc062723c751e8b465ee728b)  -> (artifact id: 'bd6d8e2af17a459902e2f6d7419ca31c') in 0.022036 seconds 
Number of asset objects unloaded after import = 25
========================================================================
Received Import Request.
  Time since last request: 25.679161 seconds.
  path: Assets/Brick Project Studio/Brief2/Apartment kit/Prefabs/Structures
  artifactKey: Guid(f6dc307e06e8ef24c8e1c93ae6b5c18d) Importer(815301076,1909f56bfc062723c751e8b465ee728b)
Number of updated assets reloaded before import = 0
Start importing Assets/Brick Project Studio/Brief2/Apartment kit/Prefabs/Structures using Guid(f6dc307e06e8ef24c8e1c93ae6b5c18d) Importer(815301076,1909f56bfc062723c751e8b465ee728b)  -> (artifact id: 'b40133fce7887174b4dc91b8370c0324') in 0.005121 seconds 
Number of asset objects unloaded after import = 0
========================================================================
Received Import Request.
  Time since last request: 0.897716 seconds.
  path: Assets/Brick Project Studio/Brief2/Apartment kit/Prefabs/Structures/Structure 01.prefab
  artifactKey: Guid(49f576a03ece56a4e9c640ed081f6a68) Importer(815301076,1909f56bfc062723c751e8b465ee728b)
Number of updated assets reloaded before import = 0
Start importing Assets/Brick Project Studio/Brief2/Apartment kit/Prefabs/Structures/Structure 01.prefab using Guid(49f576a03ece56a4e9c640ed081f6a68) Importer(815301076,1909f56bfc062723c751e8b465ee728b)  -> (artifact id: '30cdf14844abe2d16c9e9084ad6a1146') in 1.666073 seconds 
Number of asset objects unloaded after import = 4501
========================================================================
Received Import Request.
  Time since last request: 11.109648 seconds.
  path: Assets/Brick Project Studio/Brief2/Apartment kit/Prefabs/Apt Build Kit/Interiors
  artifactKey: Guid(c93f3d6e1c2f1e54ca29176954baccbb) Importer(815301076,1909f56bfc062723c751e8b465ee728b)
Number of updated assets reloaded before import = 0
Start importing Assets/Brick Project Studio/Brief2/Apartment kit/Prefabs/Apt Build Kit/Interiors using Guid(c93f3d6e1c2f1e54ca29176954baccbb) Importer(815301076,1909f56bfc062723c751e8b465ee728b)  -> (artifact id: '9fe3083698c809588bb5ad3ae1665e6c') in 0.004861 seconds 
Number of asset objects unloaded after import = 0
========================================================================
Received Import Request.
  Time since last request: 0.061257 seconds.
  path: Assets/Brick Project Studio/Brief2/Apartment kit/Prefabs/Apt Build Kit/Interiors/Apartment_Kit.prefab
  artifactKey: Guid(9f5cf41eb9d32ea47906bc22c07fc533) Importer(815301076,1909f56bfc062723c751e8b465ee728b)
Number of updated assets reloaded before import = 0
Start importing Assets/Brick Project Studio/Brief2/Apartment kit/Prefabs/Apt Build Kit/Interiors/Apartment_Kit.prefab using Guid(9f5cf41eb9d32ea47906bc22c07fc533) Importer(815301076,1909f56bfc062723c751e8b465ee728b)  -> (artifact id: '2d45543d93472511058df9d01ba24eed') in 0.052257 seconds 
Number of asset objects unloaded after import = 348
========================================================================
Received Import Request.
  Time since last request: 2.740836 seconds.
  path: Assets/Brick Project Studio/Brief2/Apartment kit/Prefabs/Apt Build Kit/Interiors/Walls Frames & Doors
  artifactKey: Guid(0c7d15f7f26c038489dc5563a9cb2646) Importer(815301076,1909f56bfc062723c751e8b465ee728b)
Number of updated assets reloaded before import = 0
Start importing Assets/Brick Project Studio/Brief2/Apartment kit/Prefabs/Apt Build Kit/Interiors/Walls Frames & Doors using Guid(0c7d15f7f26c038489dc5563a9cb2646) Importer(815301076,1909f56bfc062723c751e8b465ee728b)  -> (artifact id: '30dc5cc100865f9e475fc841bd34437d') in 0.005110 seconds 
Number of asset objects unloaded after import = 0
========================================================================
Received Import Request.
  Time since last request: 2.666356 seconds.
  path: Assets/Brick Project Studio/Brief2/Apartment kit/Prefabs/Apt Build Kit/Interiors/Walls Frames & Doors/Apt_01
  artifactKey: Guid(226c023f060c1f04991ebb0ef1097cfd) Importer(815301076,1909f56bfc062723c751e8b465ee728b)
Number of updated assets reloaded before import = 0
Start importing Assets/Brick Project Studio/Brief2/Apartment kit/Prefabs/Apt Build Kit/Interiors/Walls Frames & Doors/Apt_01 using Guid(226c023f060c1f04991ebb0ef1097cfd) Importer(815301076,1909f56bfc062723c751e8b465ee728b)  -> (artifact id: 'baf261d131c232f71dc832853ae60b0e') in 0.004958 seconds 
Number of asset objects unloaded after import = 0
========================================================================
Received Import Request.
  Time since last request: 0.070409 seconds.
  path: Assets/Brick Project Studio/Brief2/Apartment kit/Prefabs/Apt Build Kit/Interiors/Walls Frames & Doors/Apt_01/Int_Apt_01_Corner_01.prefab
  artifactKey: Guid(4ddec33f57bc4c74680f805d105aa0cc) Importer(815301076,1909f56bfc062723c751e8b465ee728b)
Number of updated assets reloaded before import = 0
Start importing Assets/Brick Project Studio/Brief2/Apartment kit/Prefabs/Apt Build Kit/Interiors/Walls Frames & Doors/Apt_01/Int_Apt_01_Corner_01.prefab using Guid(4ddec33f57bc4c74680f805d105aa0cc) Importer(815301076,1909f56bfc062723c751e8b465ee728b)  -> (artifact id: '5a77defc00cfd6b9789c6496cf6404c1') in 0.034971 seconds 
Number of asset objects unloaded after import = 12
========================================================================
Received Import Request.
  Time since last request: 0.000015 seconds.
  path: Assets/Brick Project Studio/Brief2/Apartment kit/Prefabs/Apt Build Kit/Interiors/Walls Frames & Doors/Apt_01/Int_Apt_01_Pillar_4x4.prefab
  artifactKey: Guid(336374783a6a6f9438803704ebba706f) Importer(815301076,1909f56bfc062723c751e8b465ee728b)
Number of updated assets reloaded before import = 0
Start importing Assets/Brick Project Studio/Brief2/Apartment kit/Prefabs/Apt Build Kit/Interiors/Walls Frames & Doors/Apt_01/Int_Apt_01_Pillar_4x4.prefab using Guid(336374783a6a6f9438803704ebba706f) Importer(815301076,1909f56bfc062723c751e8b465ee728b)  -> (artifact id: '5dc61580badc354634420517dbae932e') in 0.035089 seconds 
Number of asset objects unloaded after import = 12
========================================================================
Received Import Request.
  Time since last request: 0.000016 seconds.
  path: Assets/Brick Project Studio/Brief2/Apartment kit/Prefabs/Apt Build Kit/Interiors/Walls Frames & Doors/Apt_01/Int_Apt_01_Pillar_3x3.prefab
  artifactKey: Guid(867f5b00c17d4de4db8a0cb3f519283b) Importer(815301076,1909f56bfc062723c751e8b465ee728b)
Number of updated assets reloaded before import = 0
Start importing Assets/Brick Project Studio/Brief2/Apartment kit/Prefabs/Apt Build Kit/Interiors/Walls Frames & Doors/Apt_01/Int_Apt_01_Pillar_3x3.prefab using Guid(867f5b00c17d4de4db8a0cb3f519283b) Importer(815301076,1909f56bfc062723c751e8b465ee728b)  -> (artifact id: '5646dd362b0a0ae9a61a7a79b3768fb6') in 0.029555 seconds 
Number of asset objects unloaded after import = 12
========================================================================
Received Import Request.
  Time since last request: 0.000016 seconds.
  path: Assets/Brick Project Studio/Brief2/Apartment kit/Prefabs/Apt Build Kit/Interiors/Walls Frames & Doors/Apt_01/Int_Apt_01_Wall_03.prefab
  artifactKey: Guid(0ef87058d11dd764abf30aefa470c526) Importer(815301076,1909f56bfc062723c751e8b465ee728b)
Number of updated assets reloaded before import = 0
Start importing Assets/Brick Project Studio/Brief2/Apartment kit/Prefabs/Apt Build Kit/Interiors/Walls Frames & Doors/Apt_01/Int_Apt_01_Wall_03.prefab using Guid(0ef87058d11dd764abf30aefa470c526) Importer(815301076,1909f56bfc062723c751e8b465ee728b)  -> (artifact id: 'adaef8e551bbb95efdac638067290fb9') in 0.036772 seconds 
Number of asset objects unloaded after import = 12
========================================================================
Received Import Request.
  Time since last request: 0.000017 seconds.
  path: Assets/Brick Project Studio/Brief2/Apartment kit/Prefabs/Apt Build Kit/Interiors/Walls Frames & Doors/Apt_01/Int_Apt_01_Wall_Double_01.prefab
  artifactKey: Guid(252cc1d947dc9f34fa0d633f87bbcfc0) Importer(815301076,1909f56bfc062723c751e8b465ee728b)
Number of updated assets reloaded before import = 0
Start importing Assets/Brick Project Studio/Brief2/Apartment kit/Prefabs/Apt Build Kit/Interiors/Walls Frames & Doors/Apt_01/Int_Apt_01_Wall_Double_01.prefab using Guid(252cc1d947dc9f34fa0d633f87bbcfc0) Importer(815301076,1909f56bfc062723c751e8b465ee728b)  -> (artifact id: '672c6a96079466723af4049f7cb202af') in 0.027930 seconds 
Number of asset objects unloaded after import = 12
========================================================================
Received Import Request.
  Time since last request: 0.000022 seconds.
  path: Assets/Brick Project Studio/Brief2/Apartment kit/Prefabs/Apt Build Kit/Interiors/Walls Frames & Doors/Apt_01/Int_Apt_01_Wall_04.prefab
  artifactKey: Guid(e4a073a915d15da469c414beeb6fef2b) Importer(815301076,1909f56bfc062723c751e8b465ee728b)
Number of updated assets reloaded before import = 0
Start importing Assets/Brick Project Studio/Brief2/Apartment kit/Prefabs/Apt Build Kit/Interiors/Walls Frames & Doors/Apt_01/Int_Apt_01_Wall_04.prefab using Guid(e4a073a915d15da469c414beeb6fef2b) Importer(815301076,1909f56bfc062723c751e8b465ee728b)  -> (artifact id: 'c10696b2538caa27d713d9139af706c7') in 0.043446 seconds 
Number of asset objects unloaded after import = 12
========================================================================
Received Import Request.
  Time since last request: 0.000023 seconds.
  path: Assets/Brick Project Studio/Brief2/Apartment kit/Prefabs/Apt Build Kit/Interiors/Walls Frames & Doors/Apt_01/Int_Apt_01_Wall_02.prefab
  artifactKey: Guid(f01b8dde2f2266c4a9c87acaa4ed6003) Importer(815301076,1909f56bfc062723c751e8b465ee728b)
Number of updated assets reloaded before import = 0
Start importing Assets/Brick Project Studio/Brief2/Apartment kit/Prefabs/Apt Build Kit/Interiors/Walls Frames & Doors/Apt_01/Int_Apt_01_Wall_02.prefab using Guid(f01b8dde2f2266c4a9c87acaa4ed6003) Importer(815301076,1909f56bfc062723c751e8b465ee728b)  -> (artifact id: '1d4acab7c01d322c4a11ef972c58ca74') in 0.035852 seconds 
Number of asset objects unloaded after import = 12
========================================================================
Received Import Request.
  Time since last request: 10.814670 seconds.
  path: Assets/Brick Project Studio/Brief2/Apartment kit/Prefabs/Apt Build Kit/Interiors/Flooring & Ceilings
  artifactKey: Guid(423d5a3b369847047810505a9d407d97) Importer(815301076,1909f56bfc062723c751e8b465ee728b)
Number of updated assets reloaded before import = 0
Start importing Assets/Brick Project Studio/Brief2/Apartment kit/Prefabs/Apt Build Kit/Interiors/Flooring & Ceilings using Guid(423d5a3b369847047810505a9d407d97) Importer(815301076,1909f56bfc062723c751e8b465ee728b)  -> (artifact id: '9be9608cc86238facd53d96df7f03889') in 0.005891 seconds 
Number of asset objects unloaded after import = 0
========================================================================
Received Import Request.
  Time since last request: 0.895168 seconds.
  path: Assets/Brick Project Studio/Brief2/Apartment kit/Prefabs/Apt Build Kit/Interiors/Flooring & Ceilings/Int_apt_01_Ceiling_01.prefab
  artifactKey: Guid(3106a6f3c2fc2a547b55f8f47ff2e09c) Importer(815301076,1909f56bfc062723c751e8b465ee728b)
Number of updated assets reloaded before import = 0
Start importing Assets/Brick Project Studio/Brief2/Apartment kit/Prefabs/Apt Build Kit/Interiors/Flooring & Ceilings/Int_apt_01_Ceiling_01.prefab using Guid(3106a6f3c2fc2a547b55f8f47ff2e09c) Importer(815301076,1909f56bfc062723c751e8b465ee728b)  -> (artifact id: 'def81ceaeb9446a471a8aad7a023a4b6') in 0.041979 seconds 
Number of asset objects unloaded after import = 12
========================================================================
Received Import Request.
  Time since last request: 0.000018 seconds.
  path: Assets/Brick Project Studio/Brief2/Apartment kit/Prefabs/Apt Build Kit/Interiors/Flooring & Ceilings/Int_apt_03_Floor_02.prefab
  artifactKey: Guid(a210596d183602d4f9abc956ba791b9e) Importer(815301076,1909f56bfc062723c751e8b465ee728b)
Number of updated assets reloaded before import = 0
Start importing Assets/Brick Project Studio/Brief2/Apartment kit/Prefabs/Apt Build Kit/Interiors/Flooring & Ceilings/Int_apt_03_Floor_02.prefab using Guid(a210596d183602d4f9abc956ba791b9e) Importer(815301076,1909f56bfc062723c751e8b465ee728b)  -> (artifact id: '7d038a4186e291c9009bee20c3b80bb9') in 0.033984 seconds 
Number of asset objects unloaded after import = 11
========================================================================
Received Import Request.
  Time since last request: 20.695275 seconds.
  path: Assets/Brick Project Studio/Brief2/Apartment kit/Prefabs/Apt Build Kit/Interiors/Frames Windows Stairs & Doors
  artifactKey: Guid(05b1d27ed0e85df44bee3c68530ab248) Importer(815301076,1909f56bfc062723c751e8b465ee728b)
Number of updated assets reloaded before import = 0
Start importing Assets/Brick Project Studio/Brief2/Apartment kit/Prefabs/Apt Build Kit/Interiors/Frames Windows Stairs & Doors using Guid(05b1d27ed0e85df44bee3c68530ab248) Importer(815301076,1909f56bfc062723c751e8b465ee728b)  -> (artifact id: '147fd7eec3aacf6ccf3809a8f21d22ba') in 0.004984 seconds 
Number of asset objects unloaded after import = 0
========================================================================
Received Import Request.
  Time since last request: 0.411655 seconds.
  path: Assets/Brick Project Studio/Brief2/Apartment kit/Prefabs/Apt Build Kit/Interiors/Frames Windows Stairs & Doors/DoorFrame_Apt_01.prefab
  artifactKey: Guid(e9a47cdb5968d66499f6b4ee53467cd4) Importer(815301076,1909f56bfc062723c751e8b465ee728b)
Number of updated assets reloaded before import = 0
Start importing Assets/Brick Project Studio/Brief2/Apartment kit/Prefabs/Apt Build Kit/Interiors/Frames Windows Stairs & Doors/DoorFrame_Apt_01.prefab using Guid(e9a47cdb5968d66499f6b4ee53467cd4) Importer(815301076,1909f56bfc062723c751e8b465ee728b)  -> (artifact id: '2fc0432972b5412c4bb6ba0e01d612ed') in 0.022319 seconds 
Number of asset objects unloaded after import = 26
========================================================================
Received Import Request.
  Time since last request: 0.000014 seconds.
  path: Assets/Brick Project Studio/Brief2/Apartment kit/Prefabs/Apt Build Kit/Interiors/Frames Windows Stairs & Doors/DoorFrame_Apt_04.prefab
  artifactKey: Guid(6723febf70d07b7469fbcddd65e8660b) Importer(815301076,1909f56bfc062723c751e8b465ee728b)
Number of updated assets reloaded before import = 0
Start importing Assets/Brick Project Studio/Brief2/Apartment kit/Prefabs/Apt Build Kit/Interiors/Frames Windows Stairs & Doors/DoorFrame_Apt_04.prefab using Guid(6723febf70d07b7469fbcddd65e8660b) Importer(815301076,1909f56bfc062723c751e8b465ee728b)  -> (artifact id: '0e3c81557e7a328c0fb42c4c71cef05d') in 0.032138 seconds 
Number of asset objects unloaded after import = 36
========================================================================
Received Import Request.
  Time since last request: 0.000016 seconds.
  path: Assets/Brick Project Studio/Brief2/Apartment kit/Prefabs/Apt Build Kit/Interiors/Frames Windows Stairs & Doors/Frame_Apt_01.prefab
  artifactKey: Guid(509ac6312e62e5743ae96298947599f7) Importer(815301076,1909f56bfc062723c751e8b465ee728b)
Number of updated assets reloaded before import = 0
Start importing Assets/Brick Project Studio/Brief2/Apartment kit/Prefabs/Apt Build Kit/Interiors/Frames Windows Stairs & Doors/Frame_Apt_01.prefab using Guid(509ac6312e62e5743ae96298947599f7) Importer(815301076,1909f56bfc062723c751e8b465ee728b)  -> (artifact id: 'e1580d608623a8ab73492de862827ae9') in 0.035942 seconds 
Number of asset objects unloaded after import = 10
========================================================================
Received Import Request.
  Time since last request: 0.000016 seconds.
  path: Assets/Brick Project Studio/Brief2/Apartment kit/Prefabs/Apt Build Kit/Interiors/Frames Windows Stairs & Doors/Int_apt_01_Boarder_01.prefab
  artifactKey: Guid(1948577c0f767a2438c3970962e5da19) Importer(815301076,1909f56bfc062723c751e8b465ee728b)
Number of updated assets reloaded before import = 0
Start importing Assets/Brick Project Studio/Brief2/Apartment kit/Prefabs/Apt Build Kit/Interiors/Frames Windows Stairs & Doors/Int_apt_01_Boarder_01.prefab using Guid(1948577c0f767a2438c3970962e5da19) Importer(815301076,1909f56bfc062723c751e8b465ee728b)  -> (artifact id: '45c94d06fa11e64fcd1ef90b8933710b') in 0.048372 seconds 
Number of asset objects unloaded after import = 10
========================================================================
Received Import Request.
  Time since last request: 0.000016 seconds.
  path: Assets/Brick Project Studio/Brief2/Apartment kit/Prefabs/Apt Build Kit/Interiors/Frames Windows Stairs & Doors/Int_apt_01_EdgeRail_01.prefab
  artifactKey: Guid(a32793c2d7a973541a705148244340ef) Importer(815301076,1909f56bfc062723c751e8b465ee728b)
Number of updated assets reloaded before import = 0
Start importing Assets/Brick Project Studio/Brief2/Apartment kit/Prefabs/Apt Build Kit/Interiors/Frames Windows Stairs & Doors/Int_apt_01_EdgeRail_01.prefab using Guid(a32793c2d7a973541a705148244340ef) Importer(815301076,1909f56bfc062723c751e8b465ee728b)  -> (artifact id: 'c14d0c476a74444449a45814313044c0') in 0.039492 seconds 
Number of asset objects unloaded after import = 11
========================================================================
Received Import Request.
  Time since last request: 481.833343 seconds.
  path: Assets/Brick Project Studio/Brief2/Apartment kit/Prefabs
  artifactKey: Guid(cc79d6e5b85a1774e9a1464ebe2229a0) Importer(815301076,1909f56bfc062723c751e8b465ee728b)
Number of updated assets reloaded before import = 0
Start importing Assets/Brick Project Studio/Brief2/Apartment kit/Prefabs using Guid(cc79d6e5b85a1774e9a1464ebe2229a0) Importer(815301076,1909f56bfc062723c751e8b465ee728b)  -> (artifact id: '0526831a25ee6be62c1c6caf62d852bd') in 0.006555 seconds 
Number of asset objects unloaded after import = 0
========================================================================
Received Import Request.
  Time since last request: 237.946799 seconds.
  path: Assets/Brick Project Studio/Brief2/Apartment kit/Prefabs/Apt Build Kit/Interiors/Special
  artifactKey: Guid(3910682e2831d3a4194fd044db661cd1) Importer(815301076,1909f56bfc062723c751e8b465ee728b)
Number of updated assets reloaded before import = 0
Start importing Assets/Brick Project Studio/Brief2/Apartment kit/Prefabs/Apt Build Kit/Interiors/Special using Guid(3910682e2831d3a4194fd044db661cd1) Importer(815301076,1909f56bfc062723c751e8b465ee728b)  -> (artifact id: '1cb86fe70dfed480ddc7076c92b1c60a') in 0.002242 seconds 
Number of asset objects unloaded after import = 0
========================================================================
Received Import Request.
  Time since last request: 2.348221 seconds.
  path: Assets/Brick Project Studio/Brief2/Apartment kit/Prefabs/Apt Build Kit/Interiors/Special/Molding
  artifactKey: Guid(29c8994efe59f524c826b81ad35b574a) Importer(815301076,1909f56bfc062723c751e8b465ee728b)
Number of updated assets reloaded before import = 0
Start importing Assets/Brick Project Studio/Brief2/Apartment kit/Prefabs/Apt Build Kit/Interiors/Special/Molding using Guid(29c8994efe59f524c826b81ad35b574a) Importer(815301076,1909f56bfc062723c751e8b465ee728b)  -> (artifact id: '4c92f96ebcffcf3e0b36a42f7c49276e') in 0.005136 seconds 
Number of asset objects unloaded after import = 0
========================================================================
Received Import Request.
  Time since last request: 0.216830 seconds.
  path: Assets/Brick Project Studio/Brief2/Apartment kit/Prefabs/Apt Build Kit/Interiors/Special/Molding/Int_Molding_Base_Apt_01.prefab
  artifactKey: Guid(f5711794550f9dc49ba65d9b63963e1c) Importer(815301076,1909f56bfc062723c751e8b465ee728b)
Number of updated assets reloaded before import = 0
Start importing Assets/Brick Project Studio/Brief2/Apartment kit/Prefabs/Apt Build Kit/Interiors/Special/Molding/Int_Molding_Base_Apt_01.prefab using Guid(f5711794550f9dc49ba65d9b63963e1c) Importer(815301076,1909f56bfc062723c751e8b465ee728b)  -> (artifact id: '4b10811e0b5917f2dddde8cd1a916cf9') in 0.017022 seconds 
Number of asset objects unloaded after import = 10
========================================================================
Received Import Request.
  Time since last request: 0.000015 seconds.
  path: Assets/Brick Project Studio/Brief2/Apartment kit/Prefabs/Apt Build Kit/Interiors/Special/Molding/Int_Molding_Base_Apt_03.prefab
  artifactKey: Guid(b864c417db32982428d6e52b690ffc78) Importer(815301076,1909f56bfc062723c751e8b465ee728b)
Number of updated assets reloaded before import = 0
Start importing Assets/Brick Project Studio/Brief2/Apartment kit/Prefabs/Apt Build Kit/Interiors/Special/Molding/Int_Molding_Base_Apt_03.prefab using Guid(b864c417db32982428d6e52b690ffc78) Importer(815301076,1909f56bfc062723c751e8b465ee728b)  -> (artifact id: '5ac066cd89bddcc9264c2fda8e20a889') in 0.013891 seconds 
Number of asset objects unloaded after import = 10
========================================================================
Received Import Request.
  Time since last request: 0.000020 seconds.
  path: Assets/Brick Project Studio/Brief2/Apartment kit/Prefabs/Apt Build Kit/Interiors/Special/Molding/Int_Molding_Ceiling_Apt_01.prefab
  artifactKey: Guid(ef4b81edf6a2c2c47a4989214665fcb8) Importer(815301076,1909f56bfc062723c751e8b465ee728b)
Number of updated assets reloaded before import = 0
Start importing Assets/Brick Project Studio/Brief2/Apartment kit/Prefabs/Apt Build Kit/Interiors/Special/Molding/Int_Molding_Ceiling_Apt_01.prefab using Guid(ef4b81edf6a2c2c47a4989214665fcb8) Importer(815301076,1909f56bfc062723c751e8b465ee728b)  -> (artifact id: '8b3b5cfc5fb8726a572a28cfb2a118f8') in 0.038326 seconds 
Number of asset objects unloaded after import = 10
========================================================================
Received Import Request.
  Time since last request: 0.000018 seconds.
  path: Assets/Brick Project Studio/Brief2/Apartment kit/Prefabs/Apt Build Kit/Interiors/Special/Molding/Int_Molding_Base_Apt_04.prefab
  artifactKey: Guid(53415a18e4cbb7e4cb88b0f113ee915b) Importer(815301076,1909f56bfc062723c751e8b465ee728b)
Number of updated assets reloaded before import = 0
Start importing Assets/Brick Project Studio/Brief2/Apartment kit/Prefabs/Apt Build Kit/Interiors/Special/Molding/Int_Molding_Base_Apt_04.prefab using Guid(53415a18e4cbb7e4cb88b0f113ee915b) Importer(815301076,1909f56bfc062723c751e8b465ee728b)  -> (artifact id: '2a9dd60da6fc039886ef53411a8ec92e') in 0.026219 seconds 
Number of asset objects unloaded after import = 10
========================================================================
Received Import Request.
  Time since last request: 3.434689 seconds.
  path: Assets/Brick Project Studio/Brief2/Apartment kit/Prefabs/Apt Build Kit/Interiors/Special/Wall Tiles
  artifactKey: Guid(1ee7c6426dd29064ea3cef11cf1a1522) Importer(815301076,1909f56bfc062723c751e8b465ee728b)
Number of updated assets reloaded before import = 0
Start importing Assets/Brick Project Studio/Brief2/Apartment kit/Prefabs/Apt Build Kit/Interiors/Special/Wall Tiles using Guid(1ee7c6426dd29064ea3cef11cf1a1522) Importer(815301076,1909f56bfc062723c751e8b465ee728b)  -> (artifact id: '4b5421ac69430fae07cf0a4af4528b00') in 0.005774 seconds 
Number of asset objects unloaded after import = 0
========================================================================
Received Import Request.
  Time since last request: 0.064149 seconds.
  path: Assets/Brick Project Studio/Brief2/Apartment kit/Prefabs/Apt Build Kit/Interiors/Special/Wall Tiles/BR_Tile_APT_01_01.prefab
  artifactKey: Guid(9e5c2bb5031891140882f5e81a01c0c7) Importer(815301076,1909f56bfc062723c751e8b465ee728b)
Number of updated assets reloaded before import = 0
Start importing Assets/Brick Project Studio/Brief2/Apartment kit/Prefabs/Apt Build Kit/Interiors/Special/Wall Tiles/BR_Tile_APT_01_01.prefab using Guid(9e5c2bb5031891140882f5e81a01c0c7) Importer(815301076,1909f56bfc062723c751e8b465ee728b)  -> (artifact id: 'cce93d87a8465d94eba2b8ebf5ea5f0a') in 0.020859 seconds 
Number of asset objects unloaded after import = 11
========================================================================
Received Import Request.
  Time since last request: 0.000015 seconds.
  path: Assets/Brick Project Studio/Brief2/Apartment kit/Prefabs/Apt Build Kit/Interiors/Special/Wall Tiles/BR_Tile_APT_01_05.prefab
  artifactKey: Guid(8b20f7b1c11009a4fb828bb33ad93690) Importer(815301076,1909f56bfc062723c751e8b465ee728b)
Number of updated assets reloaded before import = 0
Start importing Assets/Brick Project Studio/Brief2/Apartment kit/Prefabs/Apt Build Kit/Interiors/Special/Wall Tiles/BR_Tile_APT_01_05.prefab using Guid(8b20f7b1c11009a4fb828bb33ad93690) Importer(815301076,1909f56bfc062723c751e8b465ee728b)  -> (artifact id: 'b8c990cde2d062b6393f4eadccdc965c') in 0.045922 seconds 
Number of asset objects unloaded after import = 11
========================================================================
Received Import Request.
  Time since last request: 0.000017 seconds.
  path: Assets/Brick Project Studio/Brief2/Apartment kit/Prefabs/Apt Build Kit/Interiors/Special/Wall Tiles/BR_Tile_APT_02_03.prefab
  artifactKey: Guid(00d829056aee4bb4e9ce54ff8b45aa45) Importer(815301076,1909f56bfc062723c751e8b465ee728b)
Number of updated assets reloaded before import = 0
Start importing Assets/Brick Project Studio/Brief2/Apartment kit/Prefabs/Apt Build Kit/Interiors/Special/Wall Tiles/BR_Tile_APT_02_03.prefab using Guid(00d829056aee4bb4e9ce54ff8b45aa45) Importer(815301076,1909f56bfc062723c751e8b465ee728b)  -> (artifact id: '51ffa0cd82b6a221e24995a9e639e197') in 0.022395 seconds 
Number of asset objects unloaded after import = 10
========================================================================
Received Import Request.
  Time since last request: 0.000017 seconds.
  path: Assets/Brick Project Studio/Brief2/Apartment kit/Prefabs/Apt Build Kit/Interiors/Special/Wall Tiles/BR_Tile_APT_01_04.prefab
  artifactKey: Guid(0d13d6d50c15b8147b1bf9fee7d1326d) Importer(815301076,1909f56bfc062723c751e8b465ee728b)
Number of updated assets reloaded before import = 0
Start importing Assets/Brick Project Studio/Brief2/Apartment kit/Prefabs/Apt Build Kit/Interiors/Special/Wall Tiles/BR_Tile_APT_01_04.prefab using Guid(0d13d6d50c15b8147b1bf9fee7d1326d) Importer(815301076,1909f56bfc062723c751e8b465ee728b)  -> (artifact id: 'c8f075ef187ffd1f5f2eec05cf4c1e22') in 0.046029 seconds 
Number of asset objects unloaded after import = 11
========================================================================
Received Import Request.
  Time since last request: 0.000019 seconds.
  path: Assets/Brick Project Studio/Brief2/Apartment kit/Prefabs/Apt Build Kit/Interiors/Special/Wall Tiles/BR_Tile_APT_02_01.prefab
  artifactKey: Guid(f65183ca19c1b4448a412998605b2216) Importer(815301076,1909f56bfc062723c751e8b465ee728b)
Number of updated assets reloaded before import = 0
Start importing Assets/Brick Project Studio/Brief2/Apartment kit/Prefabs/Apt Build Kit/Interiors/Special/Wall Tiles/BR_Tile_APT_02_01.prefab using Guid(f65183ca19c1b4448a412998605b2216) Importer(815301076,1909f56bfc062723c751e8b465ee728b)  -> (artifact id: 'f85cf822950e9c0786daa1557f803c95') in 0.047778 seconds 
Number of asset objects unloaded after import = 10
========================================================================
Received Import Request.
  Time since last request: 0.000018 seconds.
  path: Assets/Brick Project Studio/Brief2/Apartment kit/Prefabs/Apt Build Kit/Interiors/Special/Wall Tiles/BR_Tile_APT_02_04.prefab
  artifactKey: Guid(e7e7231ccdd4c2745a7aee5414cc2d04) Importer(815301076,1909f56bfc062723c751e8b465ee728b)
Number of updated assets reloaded before import = 0
Start importing Assets/Brick Project Studio/Brief2/Apartment kit/Prefabs/Apt Build Kit/Interiors/Special/Wall Tiles/BR_Tile_APT_02_04.prefab using Guid(e7e7231ccdd4c2745a7aee5414cc2d04) Importer(815301076,1909f56bfc062723c751e8b465ee728b)  -> (artifact id: '53602db1ab6c2380c2a7c04154ba7613') in 0.023551 seconds 
Number of asset objects unloaded after import = 10
========================================================================
Received Import Request.
  Time since last request: 10.074910 seconds.
  path: Assets/Brick Project Studio/Brief2/Apartment kit/Prefabs/Apt Build Kit/Interiors/Walls Frames & Doors/Apt_02
  artifactKey: Guid(f6c840e295526214a9b053f3b1a5eb6b) Importer(815301076,1909f56bfc062723c751e8b465ee728b)
Number of updated assets reloaded before import = 0
Start importing Assets/Brick Project Studio/Brief2/Apartment kit/Prefabs/Apt Build Kit/Interiors/Walls Frames & Doors/Apt_02 using Guid(f6c840e295526214a9b053f3b1a5eb6b) Importer(815301076,1909f56bfc062723c751e8b465ee728b)  -> (artifact id: '8978ff059a689bd5ea824c3c411f9ae7') in 0.005901 seconds 
Number of asset objects unloaded after import = 0
========================================================================
Received Import Request.
  Time since last request: 0.793583 seconds.
  path: Assets/Brick Project Studio/Brief2/Apartment kit/Prefabs/Apt Build Kit/Interiors/Walls Frames & Doors/Apt_02/Int_Apt_02_Corner_01.prefab
  artifactKey: Guid(5751082ea532e49478e631f5ff9a1cfa) Importer(815301076,1909f56bfc062723c751e8b465ee728b)
Number of updated assets reloaded before import = 0
Start importing Assets/Brick Project Studio/Brief2/Apartment kit/Prefabs/Apt Build Kit/Interiors/Walls Frames & Doors/Apt_02/Int_Apt_02_Corner_01.prefab using Guid(5751082ea532e49478e631f5ff9a1cfa) Importer(815301076,1909f56bfc062723c751e8b465ee728b)  -> (artifact id: '5467abdaf8252debd0779aa435b13f5b') in 0.019453 seconds 
Number of asset objects unloaded after import = 11
========================================================================
Received Import Request.
  Time since last request: 0.000016 seconds.
  path: Assets/Brick Project Studio/Brief2/Apartment kit/Prefabs/Apt Build Kit/Interiors/Walls Frames & Doors/Apt_02/Int_Apt_02_Pillar_3x3.prefab
  artifactKey: Guid(a8128beaec68e3a4194a48ac20aafc9a) Importer(815301076,1909f56bfc062723c751e8b465ee728b)
Number of updated assets reloaded before import = 0
Start importing Assets/Brick Project Studio/Brief2/Apartment kit/Prefabs/Apt Build Kit/Interiors/Walls Frames & Doors/Apt_02/Int_Apt_02_Pillar_3x3.prefab using Guid(a8128beaec68e3a4194a48ac20aafc9a) Importer(815301076,1909f56bfc062723c751e8b465ee728b)  -> (artifact id: 'bac30875a4f1db88eaaa67a385c4b134') in 0.045752 seconds 
Number of asset objects unloaded after import = 11
========================================================================
Received Import Request.
  Time since last request: 0.000021 seconds.
  path: Assets/Brick Project Studio/Brief2/Apartment kit/Prefabs/Apt Build Kit/Interiors/Walls Frames & Doors/Apt_02/Int_Apt_02_Wall_01.prefab
  artifactKey: Guid(fb28b01c668360548b1caee1ee42ac7e) Importer(815301076,1909f56bfc062723c751e8b465ee728b)
Number of updated assets reloaded before import = 0
Start importing Assets/Brick Project Studio/Brief2/Apartment kit/Prefabs/Apt Build Kit/Interiors/Walls Frames & Doors/Apt_02/Int_Apt_02_Wall_01.prefab using Guid(fb28b01c668360548b1caee1ee42ac7e) Importer(815301076,1909f56bfc062723c751e8b465ee728b)  -> (artifact id: '6002be3633dcc11a5d428ccabdc0413d') in 0.046070 seconds 
Number of asset objects unloaded after import = 11
========================================================================
Received Import Request.
  Time since last request: 2.781291 seconds.
  path: Assets/Brick Project Studio/Brief2/Apartment kit/Prefabs/Apt Build Kit/Interiors/Walls Frames & Doors/Apt_03
  artifactKey: Guid(5fc645babc362d2469869b278c5797e9) Importer(815301076,1909f56bfc062723c751e8b465ee728b)
Number of updated assets reloaded before import = 0
Start importing Assets/Brick Project Studio/Brief2/Apartment kit/Prefabs/Apt Build Kit/Interiors/Walls Frames & Doors/Apt_03 using Guid(5fc645babc362d2469869b278c5797e9) Importer(815301076,1909f56bfc062723c751e8b465ee728b)  -> (artifact id: 'e3756d1508abb0bd244524fd05fd4c62') in 0.004876 seconds 
Number of asset objects unloaded after import = 0
========================================================================
Received Import Request.
  Time since last request: 0.425785 seconds.
  path: Assets/Brick Project Studio/Brief2/Apartment kit/Prefabs/Apt Build Kit/Interiors/Walls Frames & Doors/Apt_03/Int_Apt_03_Corner_01.prefab
  artifactKey: Guid(c873e765218b357479718f2fe5578f87) Importer(815301076,1909f56bfc062723c751e8b465ee728b)
Number of updated assets reloaded before import = 0
Start importing Assets/Brick Project Studio/Brief2/Apartment kit/Prefabs/Apt Build Kit/Interiors/Walls Frames & Doors/Apt_03/Int_Apt_03_Corner_01.prefab using Guid(c873e765218b357479718f2fe5578f87) Importer(815301076,1909f56bfc062723c751e8b465ee728b)  -> (artifact id: 'a144dd35bdd2e3f21bc19dc1bc5123da') in 0.017697 seconds 
Number of asset objects unloaded after import = 11
========================================================================
Received Import Request.
  Time since last request: 0.000022 seconds.
  path: Assets/Brick Project Studio/Brief2/Apartment kit/Prefabs/Apt Build Kit/Interiors/Walls Frames & Doors/Apt_03/Int_Apt_03_Pillar_3x3.prefab
  artifactKey: Guid(77057a053541fb344a2d4dc020cbf68a) Importer(815301076,1909f56bfc062723c751e8b465ee728b)
Number of updated assets reloaded before import = 0
Start importing Assets/Brick Project Studio/Brief2/Apartment kit/Prefabs/Apt Build Kit/Interiors/Walls Frames & Doors/Apt_03/Int_Apt_03_Pillar_3x3.prefab using Guid(77057a053541fb344a2d4dc020cbf68a) Importer(815301076,1909f56bfc062723c751e8b465ee728b)  -> (artifact id: 'a795b8af52f7073abd0909a5a401d8e4') in 0.022131 seconds 
Number of asset objects unloaded after import = 11
========================================================================
Received Import Request.
  Time since last request: 0.000017 seconds.
  path: Assets/Brick Project Studio/Brief2/Apartment kit/Prefabs/Apt Build Kit/Interiors/Walls Frames & Doors/Apt_03/Int_Apt_03_Wall_04.prefab
  artifactKey: Guid(00db1187d63c7404591f8f93f3547629) Importer(815301076,1909f56bfc062723c751e8b465ee728b)
Number of updated assets reloaded before import = 0
Start importing Assets/Brick Project Studio/Brief2/Apartment kit/Prefabs/Apt Build Kit/Interiors/Walls Frames & Doors/Apt_03/Int_Apt_03_Wall_04.prefab using Guid(00db1187d63c7404591f8f93f3547629) Importer(815301076,1909f56bfc062723c751e8b465ee728b)  -> (artifact id: '8df38b65ecd357dea443a935407f311a') in 0.050059 seconds 
Number of asset objects unloaded after import = 11
========================================================================
Received Import Request.
  Time since last request: 30.466137 seconds.
  path: Assets/Brick Project Studio/Brief2/Apartment kit/Furniture
  artifactKey: Guid(21a0e291e1f508745aed1c49b27d5434) Importer(815301076,1909f56bfc062723c751e8b465ee728b)
Number of updated assets reloaded before import = 0
Start importing Assets/Brick Project Studio/Brief2/Apartment kit/Furniture using Guid(21a0e291e1f508745aed1c49b27d5434) Importer(815301076,1909f56bfc062723c751e8b465ee728b)  -> (artifact id: '08a1fbb584f60edf9066de6683e5a324') in 0.005005 seconds 
Number of asset objects unloaded after import = 0
========================================================================
Received Import Request.
  Time since last request: 6.490897 seconds.
  path: Assets/Brick Project Studio/Brief2/Apartment kit/Furniture/Living Room
  artifactKey: Guid(53e140c5a0581424493108af1eb65836) Importer(815301076,1909f56bfc062723c751e8b465ee728b)
Number of updated assets reloaded before import = 0
Start importing Assets/Brick Project Studio/Brief2/Apartment kit/Furniture/Living Room using Guid(53e140c5a0581424493108af1eb65836) Importer(815301076,1909f56bfc062723c751e8b465ee728b)  -> (artifact id: '0cec83dc1f9bf99b6b78930ead5b1982') in 0.005132 seconds 
Number of asset objects unloaded after import = 0
========================================================================
Received Import Request.
  Time since last request: 0.071531 seconds.
  path: Assets/Brick Project Studio/Brief2/Apartment kit/Furniture/Living Room/Bench_Apt_01.prefab
  artifactKey: Guid(544e2a3365ece1e428837232ca8b768d) Importer(815301076,1909f56bfc062723c751e8b465ee728b)
Number of updated assets reloaded before import = 0
Start importing Assets/Brick Project Studio/Brief2/Apartment kit/Furniture/Living Room/Bench_Apt_01.prefab using Guid(544e2a3365ece1e428837232ca8b768d) Importer(815301076,1909f56bfc062723c751e8b465ee728b)  -> (artifact id: '03e0c07d004948bbcced27fc74758898') in 0.019629 seconds 
Number of asset objects unloaded after import = 27
========================================================================
Received Import Request.
  Time since last request: 0.000015 seconds.
  path: Assets/Brick Project Studio/Brief2/Apartment kit/Furniture/Living Room/Sofa_Apt_01.prefab
  artifactKey: Guid(d46fa1eeedbcb0e41b8c735b2594b434) Importer(815301076,1909f56bfc062723c751e8b465ee728b)
Number of updated assets reloaded before import = 0
Start importing Assets/Brick Project Studio/Brief2/Apartment kit/Furniture/Living Room/Sofa_Apt_01.prefab using Guid(d46fa1eeedbcb0e41b8c735b2594b434) Importer(815301076,1909f56bfc062723c751e8b465ee728b)  -> (artifact id: 'e58c89b97248dd4562ad04a6b626d02e') in 0.028293 seconds 
Number of asset objects unloaded after import = 21
========================================================================
Received Import Request.
  Time since last request: 0.000017 seconds.
  path: Assets/Brick Project Studio/Brief2/Apartment kit/Furniture/Living Room/Sofa_Apt_02.prefab
  artifactKey: Guid(266d5a1d00e2ac2479b93bdd1914ad78) Importer(815301076,1909f56bfc062723c751e8b465ee728b)
Number of updated assets reloaded before import = 0
Start importing Assets/Brick Project Studio/Brief2/Apartment kit/Furniture/Living Room/Sofa_Apt_02.prefab using Guid(266d5a1d00e2ac2479b93bdd1914ad78) Importer(815301076,1909f56bfc062723c751e8b465ee728b)  -> (artifact id: '854cac6d0feb4ffeb61e3c26141db730') in 0.075611 seconds 
Number of asset objects unloaded after import = 20
========================================================================
Received Import Request.
  Time since last request: 0.000019 seconds.
  path: Assets/Brick Project Studio/Brief2/Apartment kit/Furniture/Living Room/WallShelf_Apt_01.prefab
  artifactKey: Guid(3f867dd7956e96f4a90edce652fc7512) Importer(815301076,1909f56bfc062723c751e8b465ee728b)
Number of updated assets reloaded before import = 0
Start importing Assets/Brick Project Studio/Brief2/Apartment kit/Furniture/Living Room/WallShelf_Apt_01.prefab using Guid(3f867dd7956e96f4a90edce652fc7512) Importer(815301076,1909f56bfc062723c751e8b465ee728b)  -> (artifact id: '72d9e04cd80265829531c177322d07fb') in 0.033688 seconds 
Number of asset objects unloaded after import = 12
========================================================================
Received Import Request.
  Time since last request: 0.000022 seconds.
  path: Assets/Brick Project Studio/Brief2/Apartment kit/Furniture/Living Room/Table_Dining_Apt_01_Setup Variant.prefab
  artifactKey: Guid(8949b4a88fb989e4483115e02dfafc96) Importer(815301076,1909f56bfc062723c751e8b465ee728b)
Number of updated assets reloaded before import = 0
Start importing Assets/Brick Project Studio/Brief2/Apartment kit/Furniture/Living Room/Table_Dining_Apt_01_Setup Variant.prefab using Guid(8949b4a88fb989e4483115e02dfafc96) Importer(815301076,1909f56bfc062723c751e8b465ee728b)  -> (artifact id: '6b085a06a3ba8bb176cf6d90ac52bb4d') in 0.052897 seconds 
Number of asset objects unloaded after import = 90
========================================================================
Received Import Request.
  Time since last request: 0.000020 seconds.
  path: Assets/Brick Project Studio/Brief2/Apartment kit/Furniture/Living Room/WallShelf_Apt_02.prefab
  artifactKey: Guid(372a0d77e8005d947bd72f3cf2cbde53) Importer(815301076,1909f56bfc062723c751e8b465ee728b)
Number of updated assets reloaded before import = 0
Start importing Assets/Brick Project Studio/Brief2/Apartment kit/Furniture/Living Room/WallShelf_Apt_02.prefab using Guid(372a0d77e8005d947bd72f3cf2cbde53) Importer(815301076,1909f56bfc062723c751e8b465ee728b)  -> (artifact id: 'cc447a1459016b4b3532f11f8b391ed9') in 0.030130 seconds 
Number of asset objects unloaded after import = 19
========================================================================
Received Import Request.
  Time since last request: 567.959070 seconds.
  path: Assets/Brick Project Studio/Brief2/Apartment kit/Furniture/Misc
  artifactKey: Guid(a736afff634d1a440b7395f96e6bec4d) Importer(815301076,1909f56bfc062723c751e8b465ee728b)
Number of updated assets reloaded before import = 0
Start importing Assets/Brick Project Studio/Brief2/Apartment kit/Furniture/Misc using Guid(a736afff634d1a440b7395f96e6bec4d) Importer(815301076,1909f56bfc062723c751e8b465ee728b)  -> (artifact id: '227f4b81566ec6a6ef32bf0ec6d27eae') in 0.006936 seconds 
Number of asset objects unloaded after import = 0
========================================================================
Received Import Request.
  Time since last request: 0.052443 seconds.
  path: Assets/Brick Project Studio/Brief2/Apartment kit/Furniture/Misc/Bench_Apt_02.prefab
  artifactKey: Guid(843e4058e4b291d44bc18a16bdfae4a2) Importer(815301076,1909f56bfc062723c751e8b465ee728b)
Number of updated assets reloaded before import = 0
Start importing Assets/Brick Project Studio/Brief2/Apartment kit/Furniture/Misc/Bench_Apt_02.prefab using Guid(843e4058e4b291d44bc18a16bdfae4a2) Importer(815301076,1909f56bfc062723c751e8b465ee728b)  -> (artifact id: 'aaa70ab56018ca8b2a9e88b37d5ee977') in 0.027926 seconds 
Number of asset objects unloaded after import = 12
========================================================================
Received Import Request.
  Time since last request: 7.510532 seconds.
  path: Assets/Brick Project Studio/Brief2/Apartment kit/Furniture/Wine Cabinet
  artifactKey: Guid(9f8746d3c6df0bf4ab035c61cd87276b) Importer(815301076,1909f56bfc062723c751e8b465ee728b)
Number of updated assets reloaded before import = 0
Start importing Assets/Brick Project Studio/Brief2/Apartment kit/Furniture/Wine Cabinet using Guid(9f8746d3c6df0bf4ab035c61cd87276b) Importer(815301076,1909f56bfc062723c751e8b465ee728b)  -> (artifact id: 'a68d303cb4cb42fb0801a1294b005d85') in 0.004925 seconds 
Number of asset objects unloaded after import = 0
========================================================================
Received Import Request.
  Time since last request: 0.060431 seconds.
  path: Assets/Brick Project Studio/Brief2/Apartment kit/Furniture/Wine Cabinet/BarCabinet_Apt_01.prefab
  artifactKey: Guid(71546b2097e63004893a3528d003a956) Importer(815301076,1909f56bfc062723c751e8b465ee728b)
Number of updated assets reloaded before import = 0
Start importing Assets/Brick Project Studio/Brief2/Apartment kit/Furniture/Wine Cabinet/BarCabinet_Apt_01.prefab using Guid(71546b2097e63004893a3528d003a956) Importer(815301076,1909f56bfc062723c751e8b465ee728b)  -> (artifact id: 'd10af63ab1f62507fd7a9fb4ea6d78f2') in 0.020463 seconds 
Number of asset objects unloaded after import = 31
========================================================================
Received Import Request.
  Time since last request: 0.000064 seconds.
  path: Assets/Brick Project Studio/Brief2/Apartment kit/Furniture/Wine Cabinet/BarCabinet_Apt_02_Base.prefab
  artifactKey: Guid(929be27b7388507448e23941feba1828) Importer(815301076,1909f56bfc062723c751e8b465ee728b)
Number of updated assets reloaded before import = 0
Start importing Assets/Brick Project Studio/Brief2/Apartment kit/Furniture/Wine Cabinet/BarCabinet_Apt_02_Base.prefab using Guid(929be27b7388507448e23941feba1828) Importer(815301076,1909f56bfc062723c751e8b465ee728b)  -> (artifact id: '6bdc1d5a96be5206c1c2a38e16dd2b4f') in 0.030072 seconds 
Number of asset objects unloaded after import = 40
========================================================================
Received Import Request.
  Time since last request: 0.000021 seconds.
  path: Assets/Brick Project Studio/Brief2/Apartment kit/Furniture/Wine Cabinet/BarCabinet_Apt_02_Center.prefab
  artifactKey: Guid(8915be8858dae144eb1415e1fada3eda) Importer(815301076,1909f56bfc062723c751e8b465ee728b)
Number of updated assets reloaded before import = 0
Start importing Assets/Brick Project Studio/Brief2/Apartment kit/Furniture/Wine Cabinet/BarCabinet_Apt_02_Center.prefab using Guid(8915be8858dae144eb1415e1fada3eda) Importer(815301076,1909f56bfc062723c751e8b465ee728b)  -> (artifact id: '23f585ed91805f663921292b132a0b09') in 0.018380 seconds 
Number of asset objects unloaded after import = 60
========================================================================
Received Import Request.
  Time since last request: 0.000016 seconds.
  path: Assets/Brick Project Studio/Brief2/Apartment kit/Furniture/Wine Cabinet/BarCabinet_Apt_02_CenterTower.prefab
  artifactKey: Guid(f0f8347ddc1d5ed4bb8d2379f9008300) Importer(815301076,1909f56bfc062723c751e8b465ee728b)
Number of updated assets reloaded before import = 0
Start importing Assets/Brick Project Studio/Brief2/Apartment kit/Furniture/Wine Cabinet/BarCabinet_Apt_02_CenterTower.prefab using Guid(f0f8347ddc1d5ed4bb8d2379f9008300) Importer(815301076,1909f56bfc062723c751e8b465ee728b)  -> (artifact id: 'ee1dd107dcea37d4108351a3398d6c40') in 0.029432 seconds 
Number of asset objects unloaded after import = 104
========================================================================
Received Import Request.
  Time since last request: 0.000031 seconds.
  path: Assets/Brick Project Studio/Brief2/Apartment kit/Furniture/Wine Cabinet/BarCabinet_Apt_04.prefab
  artifactKey: Guid(aa765da573f752d409b64961b914353f) Importer(815301076,1909f56bfc062723c751e8b465ee728b)
Number of updated assets reloaded before import = 0
Start importing Assets/Brick Project Studio/Brief2/Apartment kit/Furniture/Wine Cabinet/BarCabinet_Apt_04.prefab using Guid(aa765da573f752d409b64961b914353f) Importer(815301076,1909f56bfc062723c751e8b465ee728b)  -> (artifact id: 'fd579eeea956738e02abfcecddf3d12b') in 0.035212 seconds 
Number of asset objects unloaded after import = 112
========================================================================
Received Import Request.
  Time since last request: 0.000023 seconds.
  path: Assets/Brick Project Studio/Brief2/Apartment kit/Furniture/Wine Cabinet/BarCabinet_Apt_03_Filled.prefab
  artifactKey: Guid(3d51d280e33c5fe4c97ae593c2292997) Importer(815301076,1909f56bfc062723c751e8b465ee728b)
Number of updated assets reloaded before import = 0
Start importing Assets/Brick Project Studio/Brief2/Apartment kit/Furniture/Wine Cabinet/BarCabinet_Apt_03_Filled.prefab using Guid(3d51d280e33c5fe4c97ae593c2292997) Importer(815301076,1909f56bfc062723c751e8b465ee728b)  -> (artifact id: 'c293a62f799bd57947222296fbd5f9e8') in 0.039734 seconds 
Number of asset objects unloaded after import = 206
========================================================================
Received Import Request.
  Time since last request: 0.000022 seconds.
  path: Assets/Brick Project Studio/Brief2/Apartment kit/Furniture/Wine Cabinet/BarCabinet_Apt_02_Filled.prefab
  artifactKey: Guid(d17c15e72c29a9f49879ff3b971bd44c) Importer(815301076,1909f56bfc062723c751e8b465ee728b)
Number of updated assets reloaded before import = 0
Start importing Assets/Brick Project Studio/Brief2/Apartment kit/Furniture/Wine Cabinet/BarCabinet_Apt_02_Filled.prefab using Guid(d17c15e72c29a9f49879ff3b971bd44c) Importer(815301076,1909f56bfc062723c751e8b465ee728b)  -> (artifact id: 'b59f31a32cb42234ac1abd962a7df5ef') in 0.031944 seconds 
Number of asset objects unloaded after import = 893
========================================================================
Received Import Request.
  Time since last request: 0.000021 seconds.
  path: Assets/Brick Project Studio/Brief2/Apartment kit/Furniture/Wine Cabinet/BarCabinet_Apt_04_Filled.prefab
  artifactKey: Guid(2e2398df6726e164fb29cbffecf878a0) Importer(815301076,1909f56bfc062723c751e8b465ee728b)
Number of updated assets reloaded before import = 0
Start importing Assets/Brick Project Studio/Brief2/Apartment kit/Furniture/Wine Cabinet/BarCabinet_Apt_04_Filled.prefab using Guid(2e2398df6726e164fb29cbffecf878a0) Importer(815301076,1909f56bfc062723c751e8b465ee728b)  -> (artifact id: '02f4109d0d475794cae193335e83a760') in 0.030372 seconds 
Number of asset objects unloaded after import = 207
========================================================================
Received Import Request.
  Time since last request: 0.000023 seconds.
  path: Assets/Brick Project Studio/Brief2/Apartment kit/Furniture/Wine Cabinet/BarCabinet_Apt_02_CenterBase.prefab
  artifactKey: Guid(4c9bf42b955bc1a4b83f6740aea218cb) Importer(815301076,1909f56bfc062723c751e8b465ee728b)
Number of updated assets reloaded before import = 0
Start importing Assets/Brick Project Studio/Brief2/Apartment kit/Furniture/Wine Cabinet/BarCabinet_Apt_02_CenterBase.prefab using Guid(4c9bf42b955bc1a4b83f6740aea218cb) Importer(815301076,1909f56bfc062723c751e8b465ee728b)  -> (artifact id: '89667e06bc2e508623d35bb1bdfbcb0e') in 0.018587 seconds 
Number of asset objects unloaded after import = 121
========================================================================
Received Import Request.
  Time since last request: 0.000028 seconds.
  path: Assets/Brick Project Studio/Brief2/Apartment kit/Furniture/Wine Cabinet/BarCabinet_Apt_02.prefab
  artifactKey: Guid(86ae21e881865b04f8548c4edade5fd2) Importer(815301076,1909f56bfc062723c751e8b465ee728b)
Number of updated assets reloaded before import = 0
Start importing Assets/Brick Project Studio/Brief2/Apartment kit/Furniture/Wine Cabinet/BarCabinet_Apt_02.prefab using Guid(86ae21e881865b04f8548c4edade5fd2) Importer(815301076,1909f56bfc062723c751e8b465ee728b)  -> (artifact id: '6f4a0c957584fc9ff01c39ce5edbf8ec') in 0.017416 seconds 
Number of asset objects unloaded after import = 141
========================================================================
Received Import Request.
  Time since last request: 0.000025 seconds.
  path: Assets/Brick Project Studio/Brief2/Apartment kit/Furniture/Wine Cabinet/BarCabinet_Apt_02_Side.prefab
  artifactKey: Guid(6b094143198273d43b21bd5b1dd0b3c3) Importer(815301076,1909f56bfc062723c751e8b465ee728b)
Number of updated assets reloaded before import = 0
Start importing Assets/Brick Project Studio/Brief2/Apartment kit/Furniture/Wine Cabinet/BarCabinet_Apt_02_Side.prefab using Guid(6b094143198273d43b21bd5b1dd0b3c3) Importer(815301076,1909f56bfc062723c751e8b465ee728b)  -> (artifact id: '1ff9a0d7c3558e51ff85b9e5891f7a47') in 0.013283 seconds 
Number of asset objects unloaded after import = 16
========================================================================
Received Import Request.
  Time since last request: 0.000022 seconds.
  path: Assets/Brick Project Studio/Brief2/Apartment kit/Furniture/Wine Cabinet/BarCabinet_Apt_02_Tower.prefab
  artifactKey: Guid(50f7395fbbcbfff47b55a68bd9ca5773) Importer(815301076,1909f56bfc062723c751e8b465ee728b)
Number of updated assets reloaded before import = 0
Start importing Assets/Brick Project Studio/Brief2/Apartment kit/Furniture/Wine Cabinet/BarCabinet_Apt_02_Tower.prefab using Guid(50f7395fbbcbfff47b55a68bd9ca5773) Importer(815301076,1909f56bfc062723c751e8b465ee728b)  -> (artifact id: '3a94fbedb8356d71ec237610e1ebe09b') in 0.014213 seconds 
Number of asset objects unloaded after import = 50
========================================================================
Received Import Request.
  Time since last request: 0.000018 seconds.
  path: Assets/Brick Project Studio/Brief2/Apartment kit/Furniture/Wine Cabinet/BarCabinet_Apt_03.prefab
  artifactKey: Guid(f193bec3a0b87ca45a9dc2e7af25e968) Importer(815301076,1909f56bfc062723c751e8b465ee728b)
Number of updated assets reloaded before import = 0
Start importing Assets/Brick Project Studio/Brief2/Apartment kit/Furniture/Wine Cabinet/BarCabinet_Apt_03.prefab using Guid(f193bec3a0b87ca45a9dc2e7af25e968) Importer(815301076,1909f56bfc062723c751e8b465ee728b)  -> (artifact id: 'e3a50486ceb34a801fdae7e556d28f1c') in 0.016430 seconds 
Number of asset objects unloaded after import = 82
Editor requested this worker to shutdown with reason: Scaling down because of idle timeout
TcpMessagingSession - receive error: operation aborted. errorcode: 995, details: Lopration dentre/sortie a t abandonne en raison de larrt dun thread ou  la demande dune application.
AssetImportWorker is now disconnected from the server
Process exiting
Exiting without the bug reporter. Application will terminate with return code 0