Using pre-set license
Built from '2022.2/release' branch; Version is '2022.2.1f1 (4fead5835099) revision 5237461'; Using compiler version '192829333'; Build Type 'Release'
OS: 'Windows 11  (10.0.22621) 64bit Core' Language: 'fr' Physical Memory: 16163 MB
BatchMode: 1, IsHumanControllingUs: 0, StartBugReporterOnCrash: 0, Is64bit: 1, IsPro: 1

COMMAND LINE ARGUMENTS:
C:\Program Files\Unity\Hub\Editor\2022.2.1f1\Editor\Unity.exe
-adb2
-batchMode
-noUpm
-name
AssetImportWorker6
-projectPath
C:/Users/zBouarfa/Desktop/brief2/brief_2
-logFile
Logs/AssetImportWorker6.log
-srvPort
55644
Successfully changed project path to: C:/Users/zBouarfa/Desktop/brief2/brief_2
C:/Users/zBouarfa/Desktop/brief2/brief_2
[UnityMemory] Configuration Parameters - Can be set up in boot.config
    "memorysetup-bucket-allocator-granularity=16"
    "memorysetup-bucket-allocator-bucket-count=8"
    "memorysetup-bucket-allocator-block-size=33554432"
    "memorysetup-bucket-allocator-block-count=8"
    "memorysetup-main-allocator-block-size=16777216"
    "memorysetup-thread-allocator-block-size=16777216"
    "memorysetup-gfx-main-allocator-block-size=16777216"
    "memorysetup-gfx-thread-allocator-block-size=16777216"
    "memorysetup-cache-allocator-block-size=4194304"
    "memorysetup-typetree-allocator-block-size=2097152"
    "memorysetup-profiler-bucket-allocator-granularity=16"
    "memorysetup-profiler-bucket-allocator-bucket-count=8"
    "memorysetup-profiler-bucket-allocator-block-size=33554432"
    "memorysetup-profiler-bucket-allocator-block-count=8"
    "memorysetup-profiler-allocator-block-size=16777216"
    "memorysetup-profiler-editor-allocator-block-size=1048576"
    "memorysetup-temp-allocator-size-main=16777216"
    "memorysetup-job-temp-allocator-block-size=2097152"
    "memorysetup-job-temp-allocator-block-size-background=1048576"
    "memorysetup-job-temp-allocator-reduction-small-platforms=262144"
    "memorysetup-temp-allocator-size-background-worker=32768"
    "memorysetup-temp-allocator-size-job-worker=262144"
    "memorysetup-temp-allocator-size-preload-manager=33554432"
    "memorysetup-temp-allocator-size-nav-mesh-worker=65536"
    "memorysetup-temp-allocator-size-audio-worker=65536"
    "memorysetup-temp-allocator-size-cloud-worker=32768"
    "memorysetup-temp-allocator-size-gi-baking-worker=262144"
    "memorysetup-temp-allocator-size-gfx=262144"
Player connection [18812] Host "[IP] 10.0.21.214 [Port] 0 [Flags] 2 [Guid] 3561609793 [EditorId] 3561609793 [Version] 1048832 [Id] WindowsEditor(7,simplon-3d-06) [Debug] 1 [PackageName] WindowsEditor [ProjectName] Editor" joined multi-casting on [225.0.0.222:54997]...

Player connection [18812] Host "[IP] 10.0.21.214 [Port] 0 [Flags] 2 [Guid] 3561609793 [EditorId] 3561609793 [Version] 1048832 [Id] WindowsEditor(7,simplon-3d-06) [Debug] 1 [PackageName] WindowsEditor [ProjectName] Editor" joined alternative multi-casting on [225.0.0.222:34997]...

Refreshing native plugins compatible for Editor in 2.99 ms, found 2 plugins.
Preloading 0 native plugins for Editor in 0.00 ms.
Initialize engine version: 2022.2.1f1 (4fead5835099)
[Subsystems] Discovering subsystems at path C:/Program Files/Unity/Hub/Editor/2022.2.1f1/Editor/Data/Resources/UnitySubsystems
[Subsystems] Discovering subsystems at path C:/Users/zBouarfa/Desktop/brief2/brief_2/Assets
GfxDevice: creating device client; threaded=0; jobified=0
Direct3D:
    Version:  Direct3D 11.0 [level 11.1]
    Renderer: NVIDIA GeForce RTX 3060 Laptop GPU (ID=0x2520)
    Vendor:   NVIDIA
    VRAM:     6023 MB
    Driver:   27.21.14.6275
Initialize mono
Mono path[0] = 'C:/Program Files/Unity/Hub/Editor/2022.2.1f1/Editor/Data/Managed'
Mono path[1] = 'C:/Program Files/Unity/Hub/Editor/2022.2.1f1/Editor/Data/MonoBleedingEdge/lib/mono/unityjit-win32'
Mono config path = 'C:/Program Files/Unity/Hub/Editor/2022.2.1f1/Editor/Data/MonoBleedingEdge/etc'
Using monoOptions --debugger-agent=transport=dt_socket,embedding=1,server=y,suspend=n,address=127.0.0.1:56644
Begin MonoManager ReloadAssembly
Registering precompiled unity dll's ...
Register platform support module: C:/Program Files/Unity/Hub/Editor/2022.2.1f1/Editor/Data/PlaybackEngines/WindowsStandaloneSupport/UnityEditor.WindowsStandalone.Extensions.dll
Registered in 0.003186 seconds.
- Loaded All Assemblies, in  0.225 seconds
Native extension for WindowsStandalone target not found
Mono: successfully reloaded assembly
- Finished resetting the current domain, in  0.189 seconds
Domain Reload Profiling:
	ReloadAssembly (126ms)
		BeginReloadAssembly (51ms)
			ExecutionOrderSort (0ms)
			DisableScriptedObjects (0ms)
			BackupInstance (0ms)
			ReleaseScriptingObjects (0ms)
			CreateAndSetChildDomain (1ms)
		LoadAllAssembliesAndSetupDomain (0ms)
			LoadAssemblies (49ms)
			RebuildTransferFunctionScriptingTraits (0ms)
			SetupTypeCache (95ms)
				TypeCache.Initialize (95ms)
					TypeCache.ScanAssembly (93ms)
				ResolveRequiredComponents (0ms)
		FinalizeReload (0ms)
			ReleaseScriptCaches (0ms)
			RebuildScriptCaches (0ms)
			SetupLoadedEditorAssemblies (147ms)
				LogAssemblyErrors (0ms)
				InitializePlatformSupportModulesInManaged (6ms)
				SetLoadedEditorAssemblies (6ms)
				RefreshPlugins (0ms)
				BeforeProcessingInitializeOnLoad (1ms)
				ProcessInitializeOnLoadAttributes (101ms)
				ProcessInitializeOnLoadMethodAttributes (35ms)
				AfterProcessingInitializeOnLoad (0ms)
				EditorAssembliesLoaded (0ms)
			ExecutionOrderSort2 (0ms)
			AwakeInstancesAfterBackupRestoration (0ms)
========================================================================
Worker process is ready to serve import requests
Begin MonoManager ReloadAssembly
- Loaded All Assemblies, in  0.349 seconds
Refreshing native plugins compatible for Editor in 1.33 ms, found 2 plugins.
Native extension for WindowsStandalone target not found
Mono: successfully reloaded assembly
- Finished resetting the current domain, in  0.325 seconds
Domain Reload Profiling:
	ReloadAssembly (152ms)
		BeginReloadAssembly (86ms)
			ExecutionOrderSort (0ms)
			DisableScriptedObjects (4ms)
			BackupInstance (0ms)
			ReleaseScriptingObjects (0ms)
			CreateAndSetChildDomain (19ms)
		LoadAllAssembliesAndSetupDomain (197ms)
			LoadAssemblies (49ms)
			RebuildTransferFunctionScriptingTraits (0ms)
			SetupTypeCache (183ms)
				TypeCache.Initialize (142ms)
					TypeCache.ScanAssembly (139ms)
				ResolveRequiredComponents (1ms)
		FinalizeReload (0ms)
			ReleaseScriptCaches (0ms)
			RebuildScriptCaches (0ms)
			SetupLoadedEditorAssemblies (229ms)
				LogAssemblyErrors (0ms)
				InitializePlatformSupportModulesInManaged (4ms)
				SetLoadedEditorAssemblies (4ms)
				RefreshPlugins (0ms)
				BeforeProcessingInitializeOnLoad (32ms)
				ProcessInitializeOnLoadAttributes (167ms)
				ProcessInitializeOnLoadMethodAttributes (19ms)
				AfterProcessingInitializeOnLoad (3ms)
				EditorAssembliesLoaded (0ms)
			ExecutionOrderSort2 (0ms)
			AwakeInstancesAfterBackupRestoration (5ms)
Launched and connected shader compiler UnityShaderCompiler.exe after 0.03 seconds
Refreshing native plugins compatible for Editor in 1.33 ms, found 2 plugins.
Preloading 0 native plugins for Editor in 0.00 ms.
Unloading 1708 Unused Serialized files (Serialized files now loaded: 0)
Unloading 20 unused Assets / (56.7 KB). Loaded Objects now: 2195.
Memory consumption went from 295.4 MB to 295.3 MB.
Total: 2.719500 ms (FindLiveObjects: 0.159100 ms CreateObjectMapping: 0.036700 ms MarkObjects: 2.414100 ms  DeleteObjects: 0.107700 ms)

AssetImportParameters requested are different than current active one (requested -> active):
  custom:video-decoder-webm-vp8: 9c59270c3fd7afecdb556c50c9e8de78 -> 
  custom:container-demuxer-ogg: 62fdf1f143b41e24485cea50d1cbac27 -> 
  custom:AudioImporter_EditorPlatform: d09bf68614088b80899f8185d706f6e7 -> 
  custom:video-codec-MediaFoundation-h265: 746d11721c4dcdbdad8f713fa42b33f4 -> 
  custom:video-decoder-ogg-theora: a1e56fd34408186e4bbccfd4996cb3dc -> 
  custom:framework-win-MediaFoundation: 216162199b28c13a410421893ffa2e32 -> 
  custom:video-encoder-webm-vp8: eb34c28f22e8b96e1ab97ce403110664 -> 
  custom:audio-decoder-ogg-vorbis: bf7c407c2cedff20999df2af8eb42d56 -> 
  custom:container-demuxer-webm: 4f35f7cbe854078d1ac9338744f61a02 -> 
  custom:audio-encoder-webm-vorbis: bf7c407c2cedff20999df2af8eb42d56 -> 
  custom:container-muxer-webm: aa71ff27fc2769a1b78a27578f13a17b -> 
========================================================================
Received Import Request.
  Time since last request: 76958.552759 seconds.
  path: Assets/Brick Project Studio/Brief2/Apartment kit/Prefabs/Apt Build Kit/Interiors/Special/Wall Tiles/BR_Tile_APT_01_02.prefab
  artifactKey: Guid(3a840935b4015fb44b4d247b6f257006) Importer(815301076,1909f56bfc062723c751e8b465ee728b)
Number of updated assets reloaded before import = 0
Start importing Assets/Brick Project Studio/Brief2/Apartment kit/Prefabs/Apt Build Kit/Interiors/Special/Wall Tiles/BR_Tile_APT_01_02.prefab using Guid(3a840935b4015fb44b4d247b6f257006) Importer(815301076,1909f56bfc062723c751e8b465ee728b)  -> (artifact id: '512ef8c8e5b48630a8d4427dcc7f9f75') in 0.217893 seconds 
Number of asset objects unloaded after import = 11
========================================================================
Received Import Request.
  Time since last request: 10.879879 seconds.
  path: Assets/Brick Project Studio/Brief2/Apartment kit/Prefabs/Apt Build Kit/Interiors/Walls Frames & Doors/Apt_02/Int_Apt_02_Pillar_1x1.prefab
  artifactKey: Guid(b5b612cc5cb971b459b8c21f79f75715) Importer(815301076,1909f56bfc062723c751e8b465ee728b)
Number of updated assets reloaded before import = 0
Start importing Assets/Brick Project Studio/Brief2/Apartment kit/Prefabs/Apt Build Kit/Interiors/Walls Frames & Doors/Apt_02/Int_Apt_02_Pillar_1x1.prefab using Guid(b5b612cc5cb971b459b8c21f79f75715) Importer(815301076,1909f56bfc062723c751e8b465ee728b)  -> (artifact id: '3018500b90430de2268a06c163e8d54d') in 0.043506 seconds 
Number of asset objects unloaded after import = 11
========================================================================
Received Import Request.
  Time since last request: 0.000017 seconds.
  path: Assets/Brick Project Studio/Brief2/Apartment kit/Prefabs/Apt Build Kit/Interiors/Walls Frames & Doors/Apt_02/Int_Apt_02_Pillar_4x4.prefab
  artifactKey: Guid(b6eb91e203f46fb4c8f3ae98b953a325) Importer(815301076,1909f56bfc062723c751e8b465ee728b)
Number of updated assets reloaded before import = 0
Start importing Assets/Brick Project Studio/Brief2/Apartment kit/Prefabs/Apt Build Kit/Interiors/Walls Frames & Doors/Apt_02/Int_Apt_02_Pillar_4x4.prefab using Guid(b6eb91e203f46fb4c8f3ae98b953a325) Importer(815301076,1909f56bfc062723c751e8b465ee728b)  -> (artifact id: '39609475340b59acf5c1ffae4123feaf') in 0.047818 seconds 
Number of asset objects unloaded after import = 11
========================================================================
Received Import Request.
  Time since last request: 0.000026 seconds.
  path: Assets/Brick Project Studio/Brief2/Apartment kit/Prefabs/Apt Build Kit/Interiors/Walls Frames & Doors/Apt_02/Int_Apt_02_Wall_03.prefab
  artifactKey: Guid(17aade79dac654f4aa0b24a36cd4b136) Importer(815301076,1909f56bfc062723c751e8b465ee728b)
Number of updated assets reloaded before import = 0
Start importing Assets/Brick Project Studio/Brief2/Apartment kit/Prefabs/Apt Build Kit/Interiors/Walls Frames & Doors/Apt_02/Int_Apt_02_Wall_03.prefab using Guid(17aade79dac654f4aa0b24a36cd4b136) Importer(815301076,1909f56bfc062723c751e8b465ee728b)  -> (artifact id: '2c754a51a7ada348fb6386173b0dd978') in 0.045604 seconds 
Number of asset objects unloaded after import = 11
========================================================================
Received Import Request.
  Time since last request: 3.187774 seconds.
  path: Assets/Brick Project Studio/Brief2/Apartment kit/Prefabs/Apt Build Kit/Interiors/Walls Frames & Doors/Apt_03/Int_Apt_03_Pillar_1x1.prefab
  artifactKey: Guid(7262bf6e31d2c3047abf1089a09b516d) Importer(815301076,1909f56bfc062723c751e8b465ee728b)
Number of updated assets reloaded before import = 0
Start importing Assets/Brick Project Studio/Brief2/Apartment kit/Prefabs/Apt Build Kit/Interiors/Walls Frames & Doors/Apt_03/Int_Apt_03_Pillar_1x1.prefab using Guid(7262bf6e31d2c3047abf1089a09b516d) Importer(815301076,1909f56bfc062723c751e8b465ee728b)  -> (artifact id: '2698230fccfaff4dc547b01bf6cbaa95') in 0.019346 seconds 
Number of asset objects unloaded after import = 11
========================================================================
Received Import Request.
  Time since last request: 0.000022 seconds.
  path: Assets/Brick Project Studio/Brief2/Apartment kit/Prefabs/Apt Build Kit/Interiors/Walls Frames & Doors/Apt_03/Int_Apt_03_Wall_01.prefab
  artifactKey: Guid(42f30c85f9e074e4eb17ea01048327d2) Importer(815301076,1909f56bfc062723c751e8b465ee728b)
Number of updated assets reloaded before import = 0
Start importing Assets/Brick Project Studio/Brief2/Apartment kit/Prefabs/Apt Build Kit/Interiors/Walls Frames & Doors/Apt_03/Int_Apt_03_Wall_01.prefab using Guid(42f30c85f9e074e4eb17ea01048327d2) Importer(815301076,1909f56bfc062723c751e8b465ee728b)  -> (artifact id: '62c1bf284e00a78e24ae7d72e6af9dac') in 0.050176 seconds 
Number of asset objects unloaded after import = 11
========================================================================
Received Import Request.
  Time since last request: 0.000016 seconds.
  path: Assets/Brick Project Studio/Brief2/Apartment kit/Prefabs/Apt Build Kit/Interiors/Walls Frames & Doors/Apt_03/Int_Apt_03_Wall_02.prefab
  artifactKey: Guid(1b521e989c39fb544aaf387f9eda3db9) Importer(815301076,1909f56bfc062723c751e8b465ee728b)
Number of updated assets reloaded before import = 0
Start importing Assets/Brick Project Studio/Brief2/Apartment kit/Prefabs/Apt Build Kit/Interiors/Walls Frames & Doors/Apt_03/Int_Apt_03_Wall_02.prefab using Guid(1b521e989c39fb544aaf387f9eda3db9) Importer(815301076,1909f56bfc062723c751e8b465ee728b)  -> (artifact id: '416bd02d0c48ec34fc888ed8b3f86a28') in 0.035471 seconds 
Number of asset objects unloaded after import = 11
========================================================================
Received Import Request.
  Time since last request: 37.056234 seconds.
  path: Assets/Brick Project Studio/Brief2/Apartment kit/Furniture/Living Room/Chair_Apt_01.prefab
  artifactKey: Guid(29eb9cdec523f4944b46fcfae81dc9c8) Importer(815301076,1909f56bfc062723c751e8b465ee728b)
Number of updated assets reloaded before import = 0
Start importing Assets/Brick Project Studio/Brief2/Apartment kit/Furniture/Living Room/Chair_Apt_01.prefab using Guid(29eb9cdec523f4944b46fcfae81dc9c8) Importer(815301076,1909f56bfc062723c751e8b465ee728b)  -> (artifact id: 'd9553900e1903c6540f03a759f729c31') in 0.040708 seconds 
Number of asset objects unloaded after import = 20
========================================================================
Received Import Request.
  Time since last request: 0.000017 seconds.
  path: Assets/Brick Project Studio/Brief2/Apartment kit/Furniture/Living Room/Table_Computer_01.prefab
  artifactKey: Guid(85e9540880fc7824c8aff31eb2cc6498) Importer(815301076,1909f56bfc062723c751e8b465ee728b)
Number of updated assets reloaded before import = 0
Start importing Assets/Brick Project Studio/Brief2/Apartment kit/Furniture/Living Room/Table_Computer_01.prefab using Guid(85e9540880fc7824c8aff31eb2cc6498) Importer(815301076,1909f56bfc062723c751e8b465ee728b)  -> (artifact id: '94e99f32dc75466cf85a9c7aa13065ac') in 0.047660 seconds 
Number of asset objects unloaded after import = 66
========================================================================
Received Import Request.
  Time since last request: 0.000017 seconds.
  path: Assets/Brick Project Studio/Brief2/Apartment kit/Furniture/Living Room/Table_Coffee_01.prefab
  artifactKey: Guid(8c62e0f64b2956748ab5f5ece60bc90c) Importer(815301076,1909f56bfc062723c751e8b465ee728b)
Number of updated assets reloaded before import = 0
Start importing Assets/Brick Project Studio/Brief2/Apartment kit/Furniture/Living Room/Table_Coffee_01.prefab using Guid(8c62e0f64b2956748ab5f5ece60bc90c) Importer(815301076,1909f56bfc062723c751e8b465ee728b)  -> (artifact id: '2c184ca23babc54f2f37c38776ab3672') in 0.040083 seconds 
Number of asset objects unloaded after import = 20
========================================================================
Received Import Request.
  Time since last request: 0.000025 seconds.
  path: Assets/Brick Project Studio/Brief2/Apartment kit/Furniture/Living Room/Table_Side_Apt_01.prefab
  artifactKey: Guid(355f0f3f8c2463f4d8bed401784f063f) Importer(815301076,1909f56bfc062723c751e8b465ee728b)
Number of updated assets reloaded before import = 0
Start importing Assets/Brick Project Studio/Brief2/Apartment kit/Furniture/Living Room/Table_Side_Apt_01.prefab using Guid(355f0f3f8c2463f4d8bed401784f063f) Importer(815301076,1909f56bfc062723c751e8b465ee728b)  -> (artifact id: '53f06ed7c9ade9308a0cd288759ad34d') in 0.073829 seconds 
Number of asset objects unloaded after import = 40
========================================================================
Received Import Request.
  Time since last request: 0.000023 seconds.
  path: Assets/Brick Project Studio/Brief2/Apartment kit/Furniture/Living Room/Table_Dining_Apt_01.prefab
  artifactKey: Guid(88eb65b4dea685a4cad7ad664104b001) Importer(815301076,1909f56bfc062723c751e8b465ee728b)
Number of updated assets reloaded before import = 0
Start importing Assets/Brick Project Studio/Brief2/Apartment kit/Furniture/Living Room/Table_Dining_Apt_01.prefab using Guid(88eb65b4dea685a4cad7ad664104b001) Importer(815301076,1909f56bfc062723c751e8b465ee728b)  -> (artifact id: 'ed8239d0466be2e82fd7757edf733667') in 0.023620 seconds 
Number of asset objects unloaded after import = 21
Editor requested this worker to shutdown with reason: Scaling down because of idle timeout
TcpMessagingSession - receive error: operation aborted. errorcode: 995, details: L’opération d’entrée/sortie a été abandonnée en raison de l’arrêt d’un thread ou à la demande d’une application.
AssetImportWorker is now disconnected from the server
Process exiting
Exiting without the bug reporter. Application will terminate with return code 0