Using pre-set license
Built from '2022.2/release' branch; Version is '2022.2.1f1 (4fead5835099) revision 5237461'; Using compiler version '192829333'; Build Type 'Release'
OS: 'Windows 11  (10.0.22621) 64bit Core' Language: 'fr' Physical Memory: 16163 MB
BatchMode: 1, IsHumanControllingUs: 0, StartBugReporterOnCrash: 0, Is64bit: 1, IsPro: 1

COMMAND LINE ARGUMENTS:
C:\Program Files\Unity\Hub\Editor\2022.2.1f1\Editor\Unity.exe
-adb2
-batchMode
-noUpm
-name
AssetImportWorker7
-projectPath
C:/Users/zBouarfa/Desktop/brief2/brief_2
-logFile
Logs/AssetImportWorker7.log
-srvPort
55644
Successfully changed project path to: C:/Users/zBouarfa/Desktop/brief2/brief_2
C:/Users/zBouarfa/Desktop/brief2/brief_2
[UnityMemory] Configuration Parameters - Can be set up in boot.config
    "memorysetup-bucket-allocator-granularity=16"
    "memorysetup-bucket-allocator-bucket-count=8"
    "memorysetup-bucket-allocator-block-size=33554432"
    "memorysetup-bucket-allocator-block-count=8"
    "memorysetup-main-allocator-block-size=16777216"
    "memorysetup-thread-allocator-block-size=16777216"
    "memorysetup-gfx-main-allocator-block-size=16777216"
    "memorysetup-gfx-thread-allocator-block-size=16777216"
    "memorysetup-cache-allocator-block-size=4194304"
    "memorysetup-typetree-allocator-block-size=2097152"
    "memorysetup-profiler-bucket-allocator-granularity=16"
    "memorysetup-profiler-bucket-allocator-bucket-count=8"
    "memorysetup-profiler-bucket-allocator-block-size=33554432"
    "memorysetup-profiler-bucket-allocator-block-count=8"
    "memorysetup-profiler-allocator-block-size=16777216"
    "memorysetup-profiler-editor-allocator-block-size=1048576"
    "memorysetup-temp-allocator-size-main=16777216"
    "memorysetup-job-temp-allocator-block-size=2097152"
    "memorysetup-job-temp-allocator-block-size-background=1048576"
    "memorysetup-job-temp-allocator-reduction-small-platforms=262144"
    "memorysetup-temp-allocator-size-background-worker=32768"
    "memorysetup-temp-allocator-size-job-worker=262144"
    "memorysetup-temp-allocator-size-preload-manager=33554432"
    "memorysetup-temp-allocator-size-nav-mesh-worker=65536"
    "memorysetup-temp-allocator-size-audio-worker=65536"
    "memorysetup-temp-allocator-size-cloud-worker=32768"
    "memorysetup-temp-allocator-size-gi-baking-worker=262144"
    "memorysetup-temp-allocator-size-gfx=262144"
Player connection [1648] Host "[IP] 10.0.21.214 [Port] 0 [Flags] 2 [Guid] 459605733 [EditorId] 459605733 [Version] 1048832 [Id] WindowsEditor(7,simplon-3d-06) [Debug] 1 [PackageName] WindowsEditor [ProjectName] Editor" joined multi-casting on [225.0.0.222:54997]...

Player connection [1648] Host "[IP] 10.0.21.214 [Port] 0 [Flags] 2 [Guid] 459605733 [EditorId] 459605733 [Version] 1048832 [Id] WindowsEditor(7,simplon-3d-06) [Debug] 1 [PackageName] WindowsEditor [ProjectName] Editor" joined alternative multi-casting on [225.0.0.222:34997]...

Refreshing native plugins compatible for Editor in 4.34 ms, found 2 plugins.
Preloading 0 native plugins for Editor in 0.00 ms.
Initialize engine version: 2022.2.1f1 (4fead5835099)
[Subsystems] Discovering subsystems at path C:/Program Files/Unity/Hub/Editor/2022.2.1f1/Editor/Data/Resources/UnitySubsystems
[Subsystems] Discovering subsystems at path C:/Users/zBouarfa/Desktop/brief2/brief_2/Assets
GfxDevice: creating device client; threaded=0; jobified=0
Direct3D:
    Version:  Direct3D 11.0 [level 11.1]
    Renderer: NVIDIA GeForce RTX 3060 Laptop GPU (ID=0x2520)
    Vendor:   NVIDIA
    VRAM:     6023 MB
    Driver:   27.21.14.6275
Initialize mono
Mono path[0] = 'C:/Program Files/Unity/Hub/Editor/2022.2.1f1/Editor/Data/Managed'
Mono path[1] = 'C:/Program Files/Unity/Hub/Editor/2022.2.1f1/Editor/Data/MonoBleedingEdge/lib/mono/unityjit-win32'
Mono config path = 'C:/Program Files/Unity/Hub/Editor/2022.2.1f1/Editor/Data/MonoBleedingEdge/etc'
Using monoOptions --debugger-agent=transport=dt_socket,embedding=1,server=y,suspend=n,address=127.0.0.1:56820
Begin MonoManager ReloadAssembly
Registering precompiled unity dll's ...
Register platform support module: C:/Program Files/Unity/Hub/Editor/2022.2.1f1/Editor/Data/PlaybackEngines/WindowsStandaloneSupport/UnityEditor.WindowsStandalone.Extensions.dll
Registered in 0.003626 seconds.
- Loaded All Assemblies, in  0.265 seconds
Native extension for WindowsStandalone target not found
Mono: successfully reloaded assembly
- Finished resetting the current domain, in  0.208 seconds
Domain Reload Profiling:
	ReloadAssembly (155ms)
		BeginReloadAssembly (64ms)
			ExecutionOrderSort (0ms)
			DisableScriptedObjects (0ms)
			BackupInstance (0ms)
			ReleaseScriptingObjects (0ms)
			CreateAndSetChildDomain (1ms)
		LoadAllAssembliesAndSetupDomain (0ms)
			LoadAssemblies (63ms)
			RebuildTransferFunctionScriptingTraits (0ms)
			SetupTypeCache (106ms)
				TypeCache.Initialize (105ms)
					TypeCache.ScanAssembly (104ms)
				ResolveRequiredComponents (0ms)
		FinalizeReload (0ms)
			ReleaseScriptCaches (0ms)
			RebuildScriptCaches (0ms)
			SetupLoadedEditorAssemblies (162ms)
				LogAssemblyErrors (0ms)
				InitializePlatformSupportModulesInManaged (6ms)
				SetLoadedEditorAssemblies (6ms)
				RefreshPlugins (0ms)
				BeforeProcessingInitializeOnLoad (1ms)
				ProcessInitializeOnLoadAttributes (112ms)
				ProcessInitializeOnLoadMethodAttributes (37ms)
				AfterProcessingInitializeOnLoad (0ms)
				EditorAssembliesLoaded (0ms)
			ExecutionOrderSort2 (0ms)
			AwakeInstancesAfterBackupRestoration (0ms)
========================================================================
Worker process is ready to serve import requests
Begin MonoManager ReloadAssembly
- Loaded All Assemblies, in  0.372 seconds
Refreshing native plugins compatible for Editor in 1.38 ms, found 2 plugins.
Native extension for WindowsStandalone target not found
Mono: successfully reloaded assembly
- Finished resetting the current domain, in  0.354 seconds
Domain Reload Profiling:
	ReloadAssembly (152ms)
		BeginReloadAssembly (85ms)
			ExecutionOrderSort (0ms)
			DisableScriptedObjects (4ms)
			BackupInstance (0ms)
			ReleaseScriptingObjects (0ms)
			CreateAndSetChildDomain (17ms)
		LoadAllAssembliesAndSetupDomain (219ms)
			LoadAssemblies (45ms)
			RebuildTransferFunctionScriptingTraits (0ms)
			SetupTypeCache (206ms)
				TypeCache.Initialize (160ms)
					TypeCache.ScanAssembly (157ms)
				ResolveRequiredComponents (2ms)
		FinalizeReload (0ms)
			ReleaseScriptCaches (0ms)
			RebuildScriptCaches (0ms)
			SetupLoadedEditorAssemblies (250ms)
				LogAssemblyErrors (0ms)
				InitializePlatformSupportModulesInManaged (4ms)
				SetLoadedEditorAssemblies (4ms)
				RefreshPlugins (0ms)
				BeforeProcessingInitializeOnLoad (35ms)
				ProcessInitializeOnLoadAttributes (183ms)
				ProcessInitializeOnLoadMethodAttributes (21ms)
				AfterProcessingInitializeOnLoad (4ms)
				EditorAssembliesLoaded (0ms)
			ExecutionOrderSort2 (0ms)
			AwakeInstancesAfterBackupRestoration (5ms)
Launched and connected shader compiler UnityShaderCompiler.exe after 0.04 seconds
Refreshing native plugins compatible for Editor in 1.38 ms, found 2 plugins.
Preloading 0 native plugins for Editor in 0.00 ms.
Unloading 1708 Unused Serialized files (Serialized files now loaded: 0)
Unloading 20 unused Assets / (56.7 KB). Loaded Objects now: 2195.
Memory consumption went from 295.3 MB to 295.3 MB.
Total: 2.288400 ms (FindLiveObjects: 0.128100 ms CreateObjectMapping: 0.029000 ms MarkObjects: 2.046500 ms  DeleteObjects: 0.084000 ms)

AssetImportParameters requested are different than current active one (requested -> active):
  custom:video-decoder-webm-vp8: 9c59270c3fd7afecdb556c50c9e8de78 -> 
  custom:container-demuxer-ogg: 62fdf1f143b41e24485cea50d1cbac27 -> 
  custom:AudioImporter_EditorPlatform: d09bf68614088b80899f8185d706f6e7 -> 
  custom:video-codec-MediaFoundation-h265: 746d11721c4dcdbdad8f713fa42b33f4 -> 
  custom:video-decoder-ogg-theora: a1e56fd34408186e4bbccfd4996cb3dc -> 
  custom:framework-win-MediaFoundation: 216162199b28c13a410421893ffa2e32 -> 
  custom:video-encoder-webm-vp8: eb34c28f22e8b96e1ab97ce403110664 -> 
  custom:audio-decoder-ogg-vorbis: bf7c407c2cedff20999df2af8eb42d56 -> 
  custom:container-demuxer-webm: 4f35f7cbe854078d1ac9338744f61a02 -> 
  custom:audio-encoder-webm-vorbis: bf7c407c2cedff20999df2af8eb42d56 -> 
  custom:container-muxer-webm: aa71ff27fc2769a1b78a27578f13a17b -> 
========================================================================
Received Import Request.
  Time since last request: 77730.542374 seconds.
  path: Assets/Brick Project Studio/Brief2/Apartment kit/Common/Materials/Interior Exterior/Int_Apt_01.mat
  artifactKey: Guid(e5edd18648b6fe340941b7f67c9a2996) Importer(815301076,1909f56bfc062723c751e8b465ee728b)
Number of updated assets reloaded before import = 0
Start importing Assets/Brick Project Studio/Brief2/Apartment kit/Common/Materials/Interior Exterior/Int_Apt_01.mat using Guid(e5edd18648b6fe340941b7f67c9a2996) Importer(815301076,1909f56bfc062723c751e8b465ee728b)  -> (artifact id: 'f9e747304b68daecad0c51b7afc9767d') in 0.178650 seconds 
Number of asset objects unloaded after import = 4
========================================================================
Received Import Request.
  Time since last request: 3.089039 seconds.
  path: Assets/Brick Project Studio/Brief2/Apartment kit/Common/Materials/Misc/Canvas_Painting_01.mat
  artifactKey: Guid(5c4d526e95a945e46abbe1645a318634) Importer(815301076,1909f56bfc062723c751e8b465ee728b)
Number of updated assets reloaded before import = 0
Start importing Assets/Brick Project Studio/Brief2/Apartment kit/Common/Materials/Misc/Canvas_Painting_01.mat using Guid(5c4d526e95a945e46abbe1645a318634) Importer(815301076,1909f56bfc062723c751e8b465ee728b)  -> (artifact id: '554a4ebd831893ed7610d10d1d36da07') in 0.019976 seconds 
Number of asset objects unloaded after import = 3
========================================================================
Received Import Request.
  Time since last request: 0.000018 seconds.
  path: Assets/Brick Project Studio/Brief2/Apartment kit/Common/Materials/Misc/Colors_apt_01.mat
  artifactKey: Guid(ef29f2ebae532ed4291b1e9ad9cc45a5) Importer(815301076,1909f56bfc062723c751e8b465ee728b)
Number of updated assets reloaded before import = 0
Start importing Assets/Brick Project Studio/Brief2/Apartment kit/Common/Materials/Misc/Colors_apt_01.mat using Guid(ef29f2ebae532ed4291b1e9ad9cc45a5) Importer(815301076,1909f56bfc062723c751e8b465ee728b)  -> (artifact id: '44174f5dabdec43103e807436932a318') in 0.020567 seconds 
Number of asset objects unloaded after import = 2
========================================================================
Received Import Request.
  Time since last request: 0.000025 seconds.
  path: Assets/Brick Project Studio/Brief2/Apartment kit/Common/Materials/Misc/DisfusedVase.mat
  artifactKey: Guid(076286717a5c2d64c91c17c7f0ce84fd) Importer(815301076,1909f56bfc062723c751e8b465ee728b)
Number of updated assets reloaded before import = 0
Start importing Assets/Brick Project Studio/Brief2/Apartment kit/Common/Materials/Misc/DisfusedVase.mat using Guid(076286717a5c2d64c91c17c7f0ce84fd) Importer(815301076,1909f56bfc062723c751e8b465ee728b)  -> (artifact id: '664c8f7c5dbd63173015fa1e2470b4c5') in 0.018279 seconds 
Number of asset objects unloaded after import = 2
========================================================================
Received Import Request.
  Time since last request: 0.000013 seconds.
  path: Assets/Brick Project Studio/Brief2/Apartment kit/Common/Materials/Misc/Painting.mat
  artifactKey: Guid(450760a940231c348ab7f9bfdc460276) Importer(815301076,1909f56bfc062723c751e8b465ee728b)
Number of updated assets reloaded before import = 0
Start importing Assets/Brick Project Studio/Brief2/Apartment kit/Common/Materials/Misc/Painting.mat using Guid(450760a940231c348ab7f9bfdc460276) Importer(815301076,1909f56bfc062723c751e8b465ee728b)  -> (artifact id: 'eacdc5da2ea06ef54cde082b2dacf2e8') in 0.014146 seconds 
Number of asset objects unloaded after import = 2
========================================================================
Received Import Request.
  Time since last request: 0.000016 seconds.
  path: Assets/Brick Project Studio/Brief2/Apartment kit/Common/Materials/Misc/WallArt_Apt_02.mat
  artifactKey: Guid(9fe643e01fee71e4e8eb0fdd60b24118) Importer(815301076,1909f56bfc062723c751e8b465ee728b)
Number of updated assets reloaded before import = 0
Start importing Assets/Brick Project Studio/Brief2/Apartment kit/Common/Materials/Misc/WallArt_Apt_02.mat using Guid(9fe643e01fee71e4e8eb0fdd60b24118) Importer(815301076,1909f56bfc062723c751e8b465ee728b)  -> (artifact id: 'c9dead43b8b5b6113d63e36208c34899') in 0.035145 seconds 
Number of asset objects unloaded after import = 2
========================================================================
Received Import Request.
  Time since last request: 0.000018 seconds.
  path: Assets/Brick Project Studio/Brief2/Apartment kit/Common/Materials/Misc/Lamp 02 Ceiling.mat
  artifactKey: Guid(c4401e5b03b52de47b786ae0f6002794) Importer(815301076,1909f56bfc062723c751e8b465ee728b)
Number of updated assets reloaded before import = 0
Start importing Assets/Brick Project Studio/Brief2/Apartment kit/Common/Materials/Misc/Lamp 02 Ceiling.mat using Guid(c4401e5b03b52de47b786ae0f6002794) Importer(815301076,1909f56bfc062723c751e8b465ee728b)  -> (artifact id: '4460695bc0a985421aed7ea0d3576a4b') in 0.035855 seconds 
Number of asset objects unloaded after import = 2
========================================================================
Received Import Request.
  Time since last request: 0.000017 seconds.
  path: Assets/Brick Project Studio/Brief2/Apartment kit/Common/Materials/Misc/Lamp 02 Shade - On.mat
  artifactKey: Guid(71e62a5ab55406f4aada84fe885d47b0) Importer(815301076,1909f56bfc062723c751e8b465ee728b)
Number of updated assets reloaded before import = 0
Start importing Assets/Brick Project Studio/Brief2/Apartment kit/Common/Materials/Misc/Lamp 02 Shade - On.mat using Guid(71e62a5ab55406f4aada84fe885d47b0) Importer(815301076,1909f56bfc062723c751e8b465ee728b)  -> (artifact id: '3e5468bf3f41554564144dc471bf746f') in 0.033443 seconds 
Number of asset objects unloaded after import = 1
========================================================================
Received Import Request.
  Time since last request: 0.000034 seconds.
  path: Assets/Brick Project Studio/Brief2/Apartment kit/Common/Materials/Misc/Controller Screen_01.mat
  artifactKey: Guid(a89efc085b210d34fb9c6f0b7b0f669a) Importer(815301076,1909f56bfc062723c751e8b465ee728b)
Number of updated assets reloaded before import = 0
Start importing Assets/Brick Project Studio/Brief2/Apartment kit/Common/Materials/Misc/Controller Screen_01.mat using Guid(a89efc085b210d34fb9c6f0b7b0f669a) Importer(815301076,1909f56bfc062723c751e8b465ee728b)  -> (artifact id: '2f03f5cb48c57af5dcc31828dc9ac0ee') in 0.030925 seconds 
Number of asset objects unloaded after import = 2
========================================================================
Received Import Request.
  Time since last request: 0.000017 seconds.
  path: Assets/Brick Project Studio/Brief2/Apartment kit/Common/Materials/Misc/ScreenMonitor_01.mat
  artifactKey: Guid(be58df235057e3040b40406a31bcbf58) Importer(815301076,1909f56bfc062723c751e8b465ee728b)
Number of updated assets reloaded before import = 0
Start importing Assets/Brick Project Studio/Brief2/Apartment kit/Common/Materials/Misc/ScreenMonitor_01.mat using Guid(be58df235057e3040b40406a31bcbf58) Importer(815301076,1909f56bfc062723c751e8b465ee728b)  -> (artifact id: '63a4495ce080af24351ffd46f81b01c3') in 0.031630 seconds 
Number of asset objects unloaded after import = 2
========================================================================
Received Import Request.
  Time since last request: 0.000021 seconds.
  path: Assets/Brick Project Studio/Brief2/Apartment kit/Common/Materials/Misc/DoorMat_01.mat
  artifactKey: Guid(cca629179fca3a14ab08d0f1cc0ecce3) Importer(815301076,1909f56bfc062723c751e8b465ee728b)
Number of updated assets reloaded before import = 0
Start importing Assets/Brick Project Studio/Brief2/Apartment kit/Common/Materials/Misc/DoorMat_01.mat using Guid(cca629179fca3a14ab08d0f1cc0ecce3) Importer(815301076,1909f56bfc062723c751e8b465ee728b)  -> (artifact id: '63978af48cf385e283ec8deb076165f9') in 0.038270 seconds 
Number of asset objects unloaded after import = 3
========================================================================
Received Import Request.
  Time since last request: 0.000027 seconds.
  path: Assets/Brick Project Studio/Brief2/Apartment kit/Common/Materials/Misc/ControlPanel.mat
  artifactKey: Guid(bf99784c0118e114c80ad5c8ca2a5b8d) Importer(815301076,1909f56bfc062723c751e8b465ee728b)
Number of updated assets reloaded before import = 0
Start importing Assets/Brick Project Studio/Brief2/Apartment kit/Common/Materials/Misc/ControlPanel.mat using Guid(bf99784c0118e114c80ad5c8ca2a5b8d) Importer(815301076,1909f56bfc062723c751e8b465ee728b)  -> (artifact id: 'c05066f7394a30b5a15c402e209037b8') in 0.018542 seconds 
Number of asset objects unloaded after import = 2
========================================================================
Received Import Request.
  Time since last request: 0.000016 seconds.
  path: Assets/Brick Project Studio/Brief2/Apartment kit/Common/Materials/Misc/WallArt_Apt_03.mat
  artifactKey: Guid(a79b9dfdb7c8f754f8d5fd1924ac5fdf) Importer(815301076,1909f56bfc062723c751e8b465ee728b)
Number of updated assets reloaded before import = 0
Start importing Assets/Brick Project Studio/Brief2/Apartment kit/Common/Materials/Misc/WallArt_Apt_03.mat using Guid(a79b9dfdb7c8f754f8d5fd1924ac5fdf) Importer(815301076,1909f56bfc062723c751e8b465ee728b)  -> (artifact id: 'd93d95b5f5daef70e7caf686fb2699d7') in 0.017632 seconds 
Number of asset objects unloaded after import = 2
========================================================================
Received Import Request.
  Time since last request: 0.000018 seconds.
  path: Assets/Brick Project Studio/Brief2/Apartment kit/Common/Materials/Misc/WallArt_Apt_01.mat
  artifactKey: Guid(2078401f2a19e7e4aa88ce0df5064d71) Importer(815301076,1909f56bfc062723c751e8b465ee728b)
Number of updated assets reloaded before import = 0
Start importing Assets/Brick Project Studio/Brief2/Apartment kit/Common/Materials/Misc/WallArt_Apt_01.mat using Guid(2078401f2a19e7e4aa88ce0df5064d71) Importer(815301076,1909f56bfc062723c751e8b465ee728b)  -> (artifact id: '0ac20ee847181b3f02ed707809e2ab98') in 0.018774 seconds 
Number of asset objects unloaded after import = 2
========================================================================
Received Import Request.
  Time since last request: 0.000015 seconds.
  path: Assets/Brick Project Studio/Brief2/Apartment kit/Common/Materials/Misc/Controller Screen_02.mat
  artifactKey: Guid(83b00c8a16e3e6748806636bd5f3c6e4) Importer(815301076,1909f56bfc062723c751e8b465ee728b)
Number of updated assets reloaded before import = 0
Start importing Assets/Brick Project Studio/Brief2/Apartment kit/Common/Materials/Misc/Controller Screen_02.mat using Guid(83b00c8a16e3e6748806636bd5f3c6e4) Importer(815301076,1909f56bfc062723c751e8b465ee728b)  -> (artifact id: 'b7ebbd155bb33c38088b1baf56695a22') in 0.018400 seconds 
Number of asset objects unloaded after import = 2
========================================================================
Received Import Request.
  Time since last request: 0.000014 seconds.
  path: Assets/Brick Project Studio/Brief2/Apartment kit/Common/Materials/Misc/GameConsole_01.mat
  artifactKey: Guid(cd2528b4c58decf4fa93cbcfc4c870ee) Importer(815301076,1909f56bfc062723c751e8b465ee728b)
Number of updated assets reloaded before import = 0
Start importing Assets/Brick Project Studio/Brief2/Apartment kit/Common/Materials/Misc/GameConsole_01.mat using Guid(cd2528b4c58decf4fa93cbcfc4c870ee) Importer(815301076,1909f56bfc062723c751e8b465ee728b)  -> (artifact id: '33c1d688d059ab10c855468f1945cbca') in 0.019702 seconds 
Number of asset objects unloaded after import = 2
========================================================================
Received Import Request.
  Time since last request: 0.000019 seconds.
  path: Assets/Brick Project Studio/Brief2/Apartment kit/Common/Materials/Misc/Label.mat
  artifactKey: Guid(887cd0bd2b51873418b96f1bf6f04da4) Importer(815301076,1909f56bfc062723c751e8b465ee728b)
Number of updated assets reloaded before import = 0
Start importing Assets/Brick Project Studio/Brief2/Apartment kit/Common/Materials/Misc/Label.mat using Guid(887cd0bd2b51873418b96f1bf6f04da4) Importer(815301076,1909f56bfc062723c751e8b465ee728b)  -> (artifact id: '83a48c09147d4acd4b05cb2763003d6e') in 0.022045 seconds 
Number of asset objects unloaded after import = 2
========================================================================
Received Import Request.
  Time since last request: 0.000020 seconds.
  path: Assets/Brick Project Studio/Brief2/Apartment kit/Common/Materials/Misc/keyboard_01.mat
  artifactKey: Guid(82dc13826f8c00040b92c94337944a2f) Importer(815301076,1909f56bfc062723c751e8b465ee728b)
Number of updated assets reloaded before import = 0
Start importing Assets/Brick Project Studio/Brief2/Apartment kit/Common/Materials/Misc/keyboard_01.mat using Guid(82dc13826f8c00040b92c94337944a2f) Importer(815301076,1909f56bfc062723c751e8b465ee728b)  -> (artifact id: '475ba95438fd9dc62638e4e789894183') in 0.013787 seconds 
Number of asset objects unloaded after import = 3
========================================================================
Received Import Request.
  Time since last request: 3.884095 seconds.
  path: Assets/Brick Project Studio/Brief2/Apartment kit/Common/Materials/Surface/Antique.mat
  artifactKey: Guid(7a2c0b18d3d81384a9318118e5c1c9ae) Importer(815301076,1909f56bfc062723c751e8b465ee728b)
Number of updated assets reloaded before import = 0
Start importing Assets/Brick Project Studio/Brief2/Apartment kit/Common/Materials/Surface/Antique.mat using Guid(7a2c0b18d3d81384a9318118e5c1c9ae) Importer(815301076,1909f56bfc062723c751e8b465ee728b)  -> (artifact id: 'd692b8b785d3ff0a109148c8a6de3553') in 0.012012 seconds 
Number of asset objects unloaded after import = 1
========================================================================
Received Import Request.
  Time since last request: 0.000017 seconds.
  path: Assets/Brick Project Studio/Brief2/Apartment kit/Common/Materials/Surface/BR_Tile_01_Mod.mat
  artifactKey: Guid(99811246d7017024d85cfa934a83345b) Importer(815301076,1909f56bfc062723c751e8b465ee728b)
Number of updated assets reloaded before import = 0
Start importing Assets/Brick Project Studio/Brief2/Apartment kit/Common/Materials/Surface/BR_Tile_01_Mod.mat using Guid(99811246d7017024d85cfa934a83345b) Importer(815301076,1909f56bfc062723c751e8b465ee728b)  -> (artifact id: '10b6a80af70838b1a3274ba644357921') in 0.032291 seconds 
Number of asset objects unloaded after import = 3
========================================================================
Received Import Request.
  Time since last request: 0.000016 seconds.
  path: Assets/Brick Project Studio/Brief2/Apartment kit/Common/Materials/Surface/Porcelain_01.mat
  artifactKey: Guid(460d4e0c91ed8c5439e09b9b3b47c398) Importer(815301076,1909f56bfc062723c751e8b465ee728b)
Number of updated assets reloaded before import = 0
Start importing Assets/Brick Project Studio/Brief2/Apartment kit/Common/Materials/Surface/Porcelain_01.mat using Guid(460d4e0c91ed8c5439e09b9b3b47c398) Importer(815301076,1909f56bfc062723c751e8b465ee728b)  -> (artifact id: '5416a91b264b426f5d298982b76e048b') in 0.032372 seconds 
Number of asset objects unloaded after import = 1
========================================================================
Received Import Request.
  Time since last request: 0.000016 seconds.
  path: Assets/Brick Project Studio/Brief2/Apartment kit/Common/Materials/Surface/BR_Tile_01.mat
  artifactKey: Guid(aae18af11f5af9d43bb55831bba0ae8f) Importer(815301076,1909f56bfc062723c751e8b465ee728b)
Number of updated assets reloaded before import = 0
Start importing Assets/Brick Project Studio/Brief2/Apartment kit/Common/Materials/Surface/BR_Tile_01.mat using Guid(aae18af11f5af9d43bb55831bba0ae8f) Importer(815301076,1909f56bfc062723c751e8b465ee728b)  -> (artifact id: '87a5f75a97027930446410144c930c29') in 0.037687 seconds 
Number of asset objects unloaded after import = 3
========================================================================
Received Import Request.
  Time since last request: 0.000016 seconds.
  path: Assets/Brick Project Studio/Brief2/Apartment kit/Common/Materials/Surface/Ebony Wood.mat
  artifactKey: Guid(5af27c19293d0ff4cb00b35cc2189634) Importer(815301076,1909f56bfc062723c751e8b465ee728b)
Number of updated assets reloaded before import = 0
Start importing Assets/Brick Project Studio/Brief2/Apartment kit/Common/Materials/Surface/Ebony Wood.mat using Guid(5af27c19293d0ff4cb00b35cc2189634) Importer(815301076,1909f56bfc062723c751e8b465ee728b)  -> (artifact id: '05103f35b4104146eec825c71a30f831') in 0.045193 seconds 
Number of asset objects unloaded after import = 4
========================================================================
Received Import Request.
  Time since last request: 0.000015 seconds.
  path: Assets/Brick Project Studio/Brief2/Apartment kit/Common/Materials/Surface/BR_Tile_02.mat
  artifactKey: Guid(10c8542d4324afc4bb4d61e51e00800e) Importer(815301076,1909f56bfc062723c751e8b465ee728b)
Number of updated assets reloaded before import = 0
Start importing Assets/Brick Project Studio/Brief2/Apartment kit/Common/Materials/Surface/BR_Tile_02.mat using Guid(10c8542d4324afc4bb4d61e51e00800e) Importer(815301076,1909f56bfc062723c751e8b465ee728b)  -> (artifact id: '527078f5886e5674e3f7a72f7320fa37') in 0.024153 seconds 
Number of asset objects unloaded after import = 2
========================================================================
Received Import Request.
  Time since last request: 0.000030 seconds.
  path: Assets/Brick Project Studio/Brief2/Apartment kit/Common/Materials/Surface/BathroomMat_01.mat
  artifactKey: Guid(5eb7a5a1792bf624eb105fb759006553) Importer(815301076,1909f56bfc062723c751e8b465ee728b)
Number of updated assets reloaded before import = 0
Start importing Assets/Brick Project Studio/Brief2/Apartment kit/Common/Materials/Surface/BathroomMat_01.mat using Guid(5eb7a5a1792bf624eb105fb759006553) Importer(815301076,1909f56bfc062723c751e8b465ee728b)  -> (artifact id: 'bfbd696aaf2dbd6a18a217027a8e617f') in 0.052390 seconds 
Number of asset objects unloaded after import = 2
========================================================================
Received Import Request.
  Time since last request: 0.000023 seconds.
  path: Assets/Brick Project Studio/Brief2/Apartment kit/Common/Materials/Surface/Burlap_01.mat
  artifactKey: Guid(4c3e122e15d5d984083bffaa2d094ff5) Importer(815301076,1909f56bfc062723c751e8b465ee728b)
Number of updated assets reloaded before import = 0
Start importing Assets/Brick Project Studio/Brief2/Apartment kit/Common/Materials/Surface/Burlap_01.mat using Guid(4c3e122e15d5d984083bffaa2d094ff5) Importer(815301076,1909f56bfc062723c751e8b465ee728b)  -> (artifact id: '8150188dc0e8ebd31849ff1e5b4ef69b') in 0.040387 seconds 
Number of asset objects unloaded after import = 3
========================================================================
Received Import Request.
  Time since last request: 0.000014 seconds.
  path: Assets/Brick Project Studio/Brief2/Apartment kit/Common/Materials/Surface/CastIron_01.mat
  artifactKey: Guid(27f834cdb4589be48903c1e529e09c59) Importer(815301076,1909f56bfc062723c751e8b465ee728b)
Number of updated assets reloaded before import = 0
Start importing Assets/Brick Project Studio/Brief2/Apartment kit/Common/Materials/Surface/CastIron_01.mat using Guid(27f834cdb4589be48903c1e529e09c59) Importer(815301076,1909f56bfc062723c751e8b465ee728b)  -> (artifact id: '2acaa575e42d3687a36bf5a3bcebfba9') in 0.015526 seconds 
Number of asset objects unloaded after import = 5
========================================================================
Received Import Request.
  Time since last request: 0.000015 seconds.
  path: Assets/Brick Project Studio/Brief2/Apartment kit/Common/Materials/Surface/Cabinets_02.mat
  artifactKey: Guid(8065c96d5d4286e4987cd02652878015) Importer(815301076,1909f56bfc062723c751e8b465ee728b)
Number of updated assets reloaded before import = 0
Start importing Assets/Brick Project Studio/Brief2/Apartment kit/Common/Materials/Surface/Cabinets_02.mat using Guid(8065c96d5d4286e4987cd02652878015) Importer(815301076,1909f56bfc062723c751e8b465ee728b)  -> (artifact id: 'e2b8fadb1ef9337ee75bba3e0ec87f57') in 0.011398 seconds 
Number of asset objects unloaded after import = 1
========================================================================
Received Import Request.
  Time since last request: 0.000024 seconds.
  path: Assets/Brick Project Studio/Brief2/Apartment kit/Common/Materials/Surface/Fabric_01_White.mat
  artifactKey: Guid(7f1d2f122bc99854b95672cfb7d080fa) Importer(815301076,1909f56bfc062723c751e8b465ee728b)
Number of updated assets reloaded before import = 0
Start importing Assets/Brick Project Studio/Brief2/Apartment kit/Common/Materials/Surface/Fabric_01_White.mat using Guid(7f1d2f122bc99854b95672cfb7d080fa) Importer(815301076,1909f56bfc062723c751e8b465ee728b)  -> (artifact id: 'c6cab7c446f9fc71bd05ad2a8ebc96ef') in 0.014480 seconds 
Number of asset objects unloaded after import = 5
========================================================================
Received Import Request.
  Time since last request: 0.000015 seconds.
  path: Assets/Brick Project Studio/Brief2/Apartment kit/Common/Materials/Surface/Glass Wine Bottle Wrapper 02.mat
  artifactKey: Guid(5d5f7ba22899a774081673e045e96cc5) Importer(815301076,1909f56bfc062723c751e8b465ee728b)
Number of updated assets reloaded before import = 0
Start importing Assets/Brick Project Studio/Brief2/Apartment kit/Common/Materials/Surface/Glass Wine Bottle Wrapper 02.mat using Guid(5d5f7ba22899a774081673e045e96cc5) Importer(815301076,1909f56bfc062723c751e8b465ee728b)  -> (artifact id: 'af4a92a8b80e3dc8a6036b5358ffc12f') in 0.011806 seconds 
Number of asset objects unloaded after import = 1
========================================================================
Received Import Request.
  Time since last request: 0.000018 seconds.
  path: Assets/Brick Project Studio/Brief2/Apartment kit/Common/Materials/Surface/Leather_02.mat
  artifactKey: Guid(6b037e7c427c8fc478dce6529e818f82) Importer(815301076,1909f56bfc062723c751e8b465ee728b)
Number of updated assets reloaded before import = 0
Start importing Assets/Brick Project Studio/Brief2/Apartment kit/Common/Materials/Surface/Leather_02.mat using Guid(6b037e7c427c8fc478dce6529e818f82) Importer(815301076,1909f56bfc062723c751e8b465ee728b)  -> (artifact id: '60de1a74117386a92301ec13e9d41cdc') in 0.018495 seconds 
Number of asset objects unloaded after import = 4
========================================================================
Received Import Request.
  Time since last request: 0.000017 seconds.
  path: Assets/Brick Project Studio/Brief2/Apartment kit/Common/Materials/Surface/DarkGlass.mat
  artifactKey: Guid(64463c6a7652f604b8996718d7515215) Importer(815301076,1909f56bfc062723c751e8b465ee728b)
Number of updated assets reloaded before import = 0
Start importing Assets/Brick Project Studio/Brief2/Apartment kit/Common/Materials/Surface/DarkGlass.mat using Guid(64463c6a7652f604b8996718d7515215) Importer(815301076,1909f56bfc062723c751e8b465ee728b)  -> (artifact id: '497bc4a93d9c9e70a142c45f130ed875') in 0.016095 seconds 
Number of asset objects unloaded after import = 1
========================================================================
Received Import Request.
  Time since last request: 0.273325 seconds.
  path: Assets/Brick Project Studio/Brief2/Apartment kit/Common/Materials/Surface/Shiny Metal_01.mat
  artifactKey: Guid(cf467f7163d9eb14ca56735e8000eccb) Importer(815301076,1909f56bfc062723c751e8b465ee728b)
Number of updated assets reloaded before import = 0
Start importing Assets/Brick Project Studio/Brief2/Apartment kit/Common/Materials/Surface/Shiny Metal_01.mat using Guid(cf467f7163d9eb14ca56735e8000eccb) Importer(815301076,1909f56bfc062723c751e8b465ee728b)  -> (artifact id: 'ed03ae28c6fd0919e93a0b1c8a6c48f3') in 0.010090 seconds 
Number of asset objects unloaded after import = 1
========================================================================
Received Import Request.
  Time since last request: 0.000017 seconds.
  path: Assets/Brick Project Studio/Brief2/Apartment kit/Common/Materials/Surface/Shiny Metal_04.mat
  artifactKey: Guid(48852ed51db63954399f7facee033ea4) Importer(815301076,1909f56bfc062723c751e8b465ee728b)
Number of updated assets reloaded before import = 0
Start importing Assets/Brick Project Studio/Brief2/Apartment kit/Common/Materials/Surface/Shiny Metal_04.mat using Guid(48852ed51db63954399f7facee033ea4) Importer(815301076,1909f56bfc062723c751e8b465ee728b)  -> (artifact id: '52c33507633dc07c302822355c2bbff0') in 0.011376 seconds 
Number of asset objects unloaded after import = 1
========================================================================
Received Import Request.
  Time since last request: 0.000030 seconds.
  path: Assets/Brick Project Studio/Brief2/Apartment kit/Common/Materials/Surface/WhiteDull.mat
  artifactKey: Guid(ac3fc719b726a894c8420c2dfeb24547) Importer(815301076,1909f56bfc062723c751e8b465ee728b)
Number of updated assets reloaded before import = 0
Start importing Assets/Brick Project Studio/Brief2/Apartment kit/Common/Materials/Surface/WhiteDull.mat using Guid(ac3fc719b726a894c8420c2dfeb24547) Importer(815301076,1909f56bfc062723c751e8b465ee728b)  -> (artifact id: '1b6779b791386da2bd3ef2506a7b2286') in 0.012613 seconds 
Number of asset objects unloaded after import = 1
========================================================================
Received Import Request.
  Time since last request: 5.374725 seconds.
  path: Assets/Brick Project Studio/Brief2/Apartment kit/Common/Textures/Misc/Art_03.png
  artifactKey: Guid(6344bcc8e46893f49ab242604a00da23) Importer(815301076,1909f56bfc062723c751e8b465ee728b)
Number of updated assets reloaded before import = 0
Start importing Assets/Brick Project Studio/Brief2/Apartment kit/Common/Textures/Misc/Art_03.png using Guid(6344bcc8e46893f49ab242604a00da23) Importer(815301076,1909f56bfc062723c751e8b465ee728b)  -> (artifact id: '56e97e23f4b6ea2adf33f03a6338e7ed') in 0.071077 seconds 
Number of asset objects unloaded after import = 2
========================================================================
Received Import Request.
  Time since last request: 0.000018 seconds.
  path: Assets/Brick Project Studio/Brief2/Apartment kit/Common/Textures/Misc/keyboard_01_N.png
  artifactKey: Guid(37f203c6a42b6b54ea38024733ee10e5) Importer(815301076,1909f56bfc062723c751e8b465ee728b)
Number of updated assets reloaded before import = 0
Start importing Assets/Brick Project Studio/Brief2/Apartment kit/Common/Textures/Misc/keyboard_01_N.png using Guid(37f203c6a42b6b54ea38024733ee10e5) Importer(815301076,1909f56bfc062723c751e8b465ee728b)  -> (artifact id: 'd9f8a62c7bf444b0d5e6b53d6fa47c49') in 0.035823 seconds 
Number of asset objects unloaded after import = 2
========================================================================
Received Import Request.
  Time since last request: 0.000015 seconds.
  path: Assets/Brick Project Studio/Brief2/Apartment kit/Common/Textures/Misc/Controller Screen_01_A.png
  artifactKey: Guid(7bce827c508e5884d9ca002075d8459f) Importer(815301076,1909f56bfc062723c751e8b465ee728b)
Number of updated assets reloaded before import = 0
Start importing Assets/Brick Project Studio/Brief2/Apartment kit/Common/Textures/Misc/Controller Screen_01_A.png using Guid(7bce827c508e5884d9ca002075d8459f) Importer(815301076,1909f56bfc062723c751e8b465ee728b)  -> (artifact id: '71062628126bf9ba2b49f2bfc56ed651') in 0.028094 seconds 
Number of asset objects unloaded after import = 2
========================================================================
Received Import Request.
  Time since last request: 0.000020 seconds.
  path: Assets/Brick Project Studio/Brief2/Apartment kit/Common/Textures/Misc/Int_Apt_03_A.png
  artifactKey: Guid(151c8bea4e39c94459a318ab8efb5fdd) Importer(815301076,1909f56bfc062723c751e8b465ee728b)
Number of updated assets reloaded before import = 0
Start importing Assets/Brick Project Studio/Brief2/Apartment kit/Common/Textures/Misc/Int_Apt_03_A.png using Guid(151c8bea4e39c94459a318ab8efb5fdd) Importer(815301076,1909f56bfc062723c751e8b465ee728b)  -> (artifact id: 'd2c589d95a3cdd421b77132d5d2e590d') in 0.032606 seconds 
Number of asset objects unloaded after import = 2
========================================================================
Received Import Request.
  Time since last request: 0.000017 seconds.
  path: Assets/Brick Project Studio/Brief2/Apartment kit/Common/Textures/Misc/Controller Screen_02_A.png
  artifactKey: Guid(cde7f6eb91781a7469564a0d4f32910d) Importer(815301076,1909f56bfc062723c751e8b465ee728b)
Number of updated assets reloaded before import = 0
Start importing Assets/Brick Project Studio/Brief2/Apartment kit/Common/Textures/Misc/Controller Screen_02_A.png using Guid(cde7f6eb91781a7469564a0d4f32910d) Importer(815301076,1909f56bfc062723c751e8b465ee728b)  -> (artifact id: '8ff621140907c9171d464775451160e4') in 0.030253 seconds 
Number of asset objects unloaded after import = 2
========================================================================
Received Import Request.
  Time since last request: 0.000025 seconds.
  path: Assets/Brick Project Studio/Brief2/Apartment kit/Common/Textures/Misc/Painting.png
  artifactKey: Guid(c48e0ce806de2c94dabba0382fedcea1) Importer(815301076,1909f56bfc062723c751e8b465ee728b)
Number of updated assets reloaded before import = 0
Start importing Assets/Brick Project Studio/Brief2/Apartment kit/Common/Textures/Misc/Painting.png using Guid(c48e0ce806de2c94dabba0382fedcea1) Importer(815301076,1909f56bfc062723c751e8b465ee728b)  -> (artifact id: 'a6d1dbec562bd7a1c5780011f07e2359') in 0.028547 seconds 
Number of asset objects unloaded after import = 2
========================================================================
Received Import Request.
  Time since last request: 0.000015 seconds.
  path: Assets/Brick Project Studio/Brief2/Apartment kit/Common/Textures/Misc/Lamp 02 Standing.png
  artifactKey: Guid(55dfb52b333416b4580cd9cd619b1904) Importer(815301076,1909f56bfc062723c751e8b465ee728b)
Number of updated assets reloaded before import = 0
Start importing Assets/Brick Project Studio/Brief2/Apartment kit/Common/Textures/Misc/Lamp 02 Standing.png using Guid(55dfb52b333416b4580cd9cd619b1904) Importer(815301076,1909f56bfc062723c751e8b465ee728b)  -> (artifact id: '6b51afb70bcf4e208b3c7b5ff71ac6a4') in 0.027697 seconds 
Number of asset objects unloaded after import = 2
========================================================================
Received Import Request.
  Time since last request: 0.000014 seconds.
  path: Assets/Brick Project Studio/Brief2/Apartment kit/Common/Textures/Misc/Colors_apt_02_N.png
  artifactKey: Guid(5ab1704465c86f547adfee08c8bf0327) Importer(815301076,1909f56bfc062723c751e8b465ee728b)
Number of updated assets reloaded before import = 0
Start importing Assets/Brick Project Studio/Brief2/Apartment kit/Common/Textures/Misc/Colors_apt_02_N.png using Guid(5ab1704465c86f547adfee08c8bf0327) Importer(815301076,1909f56bfc062723c751e8b465ee728b)  -> (artifact id: '9cbc67f56214c90bb0d41ea979973311') in 0.026354 seconds 
Number of asset objects unloaded after import = 2
========================================================================
Received Import Request.
  Time since last request: 0.000022 seconds.
  path: Assets/Brick Project Studio/Brief2/Apartment kit/Common/Textures/Misc/Lamp 02 Table - Normal.png
  artifactKey: Guid(e78c362fff317e74095651e83dffc09e) Importer(815301076,1909f56bfc062723c751e8b465ee728b)
Number of updated assets reloaded before import = 0
Start importing Assets/Brick Project Studio/Brief2/Apartment kit/Common/Textures/Misc/Lamp 02 Table - Normal.png using Guid(e78c362fff317e74095651e83dffc09e) Importer(815301076,1909f56bfc062723c751e8b465ee728b)  -> (artifact id: '90ec88eb5a9b37f8c000ca81db956dea') in 0.015284 seconds 
Number of asset objects unloaded after import = 2
========================================================================
Received Import Request.
  Time since last request: 0.000022 seconds.
  path: Assets/Brick Project Studio/Brief2/Apartment kit/Common/Textures/Misc/GameConsole_01_A.png
  artifactKey: Guid(074c28f4b5334064caf66caa002ae822) Importer(815301076,1909f56bfc062723c751e8b465ee728b)
Number of updated assets reloaded before import = 0
Start importing Assets/Brick Project Studio/Brief2/Apartment kit/Common/Textures/Misc/GameConsole_01_A.png using Guid(074c28f4b5334064caf66caa002ae822) Importer(815301076,1909f56bfc062723c751e8b465ee728b)  -> (artifact id: '8e062197b62e95ef8bb9cf4f5a628b18') in 0.012751 seconds 
Number of asset objects unloaded after import = 2
========================================================================
Received Import Request.
  Time since last request: 0.000028 seconds.
  path: Assets/Brick Project Studio/Brief2/Apartment kit/Common/Textures/Misc/Int_Apt_01_A.png
  artifactKey: Guid(bd10fda34a46a5a4794b3bb3ccb0dab1) Importer(815301076,1909f56bfc062723c751e8b465ee728b)
Number of updated assets reloaded before import = 0
Start importing Assets/Brick Project Studio/Brief2/Apartment kit/Common/Textures/Misc/Int_Apt_01_A.png using Guid(bd10fda34a46a5a4794b3bb3ccb0dab1) Importer(815301076,1909f56bfc062723c751e8b465ee728b)  -> (artifact id: '20c7726dab49db60d32a7854f69a3f91') in 0.016328 seconds 
Number of asset objects unloaded after import = 2
========================================================================
Received Import Request.
  Time since last request: 1.048975 seconds.
  path: Assets/Brick Project Studio/Brief2/Apartment kit/Common/Textures/Misc/Pattern_03.png
  artifactKey: Guid(bb0cfd11535504b46901d5b1cb1b403e) Importer(815301076,1909f56bfc062723c751e8b465ee728b)
Number of updated assets reloaded before import = 0
Start importing Assets/Brick Project Studio/Brief2/Apartment kit/Common/Textures/Misc/Pattern_03.png using Guid(bb0cfd11535504b46901d5b1cb1b403e) Importer(815301076,1909f56bfc062723c751e8b465ee728b)  -> (artifact id: '9474a477c78f1228c1b7388b61c56fcd') in 0.017247 seconds 
Number of asset objects unloaded after import = 2
========================================================================
Received Import Request.
  Time since last request: 0.000019 seconds.
  path: Assets/Brick Project Studio/Brief2/Apartment kit/Common/Textures/Misc/ScreenMonitor_01_A.png
  artifactKey: Guid(cf5ee09346dbbdd4b90575ec3312b67d) Importer(815301076,1909f56bfc062723c751e8b465ee728b)
Number of updated assets reloaded before import = 0
Start importing Assets/Brick Project Studio/Brief2/Apartment kit/Common/Textures/Misc/ScreenMonitor_01_A.png using Guid(cf5ee09346dbbdd4b90575ec3312b67d) Importer(815301076,1909f56bfc062723c751e8b465ee728b)  -> (artifact id: 'b492eee9c88fc57d6028816a307cb365') in 0.016658 seconds 
Number of asset objects unloaded after import = 2
========================================================================
Received Import Request.
  Time since last request: 53.743080 seconds.
  path: Assets/Brick Project Studio/Brief2/Apartment kit/Common/Textures/Surface/BathroomMat_01_A.png
  artifactKey: Guid(f4065082f0bb85c438e68d90ffd11ade) Importer(815301076,1909f56bfc062723c751e8b465ee728b)
Number of updated assets reloaded before import = 0
Start importing Assets/Brick Project Studio/Brief2/Apartment kit/Common/Textures/Surface/BathroomMat_01_A.png using Guid(f4065082f0bb85c438e68d90ffd11ade) Importer(815301076,1909f56bfc062723c751e8b465ee728b)  -> (artifact id: 'bd6dae0aedb619bee461f1a0c17bda33') in 0.018996 seconds 
Number of asset objects unloaded after import = 2
========================================================================
Received Import Request.
  Time since last request: 0.000017 seconds.
  path: Assets/Brick Project Studio/Brief2/Apartment kit/Common/Textures/Surface/BrushedMetal_N.png
  artifactKey: Guid(9c068687252a67747a8ff9e098cbf47b) Importer(815301076,1909f56bfc062723c751e8b465ee728b)
Number of updated assets reloaded before import = 0
Start importing Assets/Brick Project Studio/Brief2/Apartment kit/Common/Textures/Surface/BrushedMetal_N.png using Guid(9c068687252a67747a8ff9e098cbf47b) Importer(815301076,1909f56bfc062723c751e8b465ee728b)  -> (artifact id: '66377902cf27746a9ca9f93a2cfb9cd4') in 0.024330 seconds 
Number of asset objects unloaded after import = 2
========================================================================
Received Import Request.
  Time since last request: 0.000018 seconds.
  path: Assets/Brick Project Studio/Brief2/Apartment kit/Common/Textures/Surface/Mesh_Black_A.png
  artifactKey: Guid(ef5f21946157b6049bebeadd326783c1) Importer(815301076,1909f56bfc062723c751e8b465ee728b)
Number of updated assets reloaded before import = 0
Start importing Assets/Brick Project Studio/Brief2/Apartment kit/Common/Textures/Surface/Mesh_Black_A.png using Guid(ef5f21946157b6049bebeadd326783c1) Importer(815301076,1909f56bfc062723c751e8b465ee728b)  -> (artifact id: '880415eee139cc4f78c3a754bf3b3a3b') in 0.026597 seconds 
Number of asset objects unloaded after import = 2
========================================================================
Received Import Request.
  Time since last request: 0.000029 seconds.
  path: Assets/Brick Project Studio/Brief2/Apartment kit/Common/Textures/Surface/Marble_Dark_01_N.png
  artifactKey: Guid(46992959d77f88c4783fc144795e2ba4) Importer(815301076,1909f56bfc062723c751e8b465ee728b)
Number of updated assets reloaded before import = 0
Start importing Assets/Brick Project Studio/Brief2/Apartment kit/Common/Textures/Surface/Marble_Dark_01_N.png using Guid(46992959d77f88c4783fc144795e2ba4) Importer(815301076,1909f56bfc062723c751e8b465ee728b)  -> (artifact id: '4923a62b270edd1a9c768b96847339ab') in 0.028151 seconds 
Number of asset objects unloaded after import = 2
========================================================================
Received Import Request.
  Time since last request: 0.000021 seconds.
  path: Assets/Brick Project Studio/Brief2/Apartment kit/Common/Textures/Surface/FabricShadeGlow_A.png
  artifactKey: Guid(7a64650033ac05447acbadbe68bf5324) Importer(815301076,1909f56bfc062723c751e8b465ee728b)
Number of updated assets reloaded before import = 0
Start importing Assets/Brick Project Studio/Brief2/Apartment kit/Common/Textures/Surface/FabricShadeGlow_A.png using Guid(7a64650033ac05447acbadbe68bf5324) Importer(815301076,1909f56bfc062723c751e8b465ee728b)  -> (artifact id: 'efe0886745521604d0b8e9cf1bb25f30') in 0.025958 seconds 
Number of asset objects unloaded after import = 2
========================================================================
Received Import Request.
  Time since last request: 0.000016 seconds.
  path: Assets/Brick Project Studio/Brief2/Apartment kit/Common/Textures/Surface/CastIron_M.png
  artifactKey: Guid(60fe05f4313f9a743a60a9520b20834a) Importer(815301076,1909f56bfc062723c751e8b465ee728b)
Number of updated assets reloaded before import = 0
Start importing Assets/Brick Project Studio/Brief2/Apartment kit/Common/Textures/Surface/CastIron_M.png using Guid(60fe05f4313f9a743a60a9520b20834a) Importer(815301076,1909f56bfc062723c751e8b465ee728b)  -> (artifact id: '1bd8a3dc59b09f43c03cef58b790e209') in 0.026091 seconds 
Number of asset objects unloaded after import = 2
========================================================================
Received Import Request.
  Time since last request: 0.000017 seconds.
  path: Assets/Brick Project Studio/Brief2/Apartment kit/Common/Textures/Surface/Plastic_01_N.png
  artifactKey: Guid(df5c52a1546418346bff1558b601f6a5) Importer(815301076,1909f56bfc062723c751e8b465ee728b)
Number of updated assets reloaded before import = 0
Start importing Assets/Brick Project Studio/Brief2/Apartment kit/Common/Textures/Surface/Plastic_01_N.png using Guid(df5c52a1546418346bff1558b601f6a5) Importer(815301076,1909f56bfc062723c751e8b465ee728b)  -> (artifact id: 'b731a9a49f71ce66b897b4a1422cb170') in 0.022119 seconds 
Number of asset objects unloaded after import = 2
========================================================================
Received Import Request.
  Time since last request: 0.000014 seconds.
  path: Assets/Brick Project Studio/Brief2/Apartment kit/Common/Textures/Surface/CT_Marble_01_A.png
  artifactKey: Guid(8bda7c52bef951a48a04b29d6d730922) Importer(815301076,1909f56bfc062723c751e8b465ee728b)
Number of updated assets reloaded before import = 0
Start importing Assets/Brick Project Studio/Brief2/Apartment kit/Common/Textures/Surface/CT_Marble_01_A.png using Guid(8bda7c52bef951a48a04b29d6d730922) Importer(815301076,1909f56bfc062723c751e8b465ee728b)  -> (artifact id: 'f3d9bdb3b7f256984388164d360dfb8b') in 0.025172 seconds 
Number of asset objects unloaded after import = 2
========================================================================
Received Import Request.
  Time since last request: 0.000021 seconds.
  path: Assets/Brick Project Studio/Brief2/Apartment kit/Common/Textures/Surface/CT_Marble_01_N.png
  artifactKey: Guid(c17c63007b0781242b9a53c53f5a2102) Importer(815301076,1909f56bfc062723c751e8b465ee728b)
Number of updated assets reloaded before import = 0
Start importing Assets/Brick Project Studio/Brief2/Apartment kit/Common/Textures/Surface/CT_Marble_01_N.png using Guid(c17c63007b0781242b9a53c53f5a2102) Importer(815301076,1909f56bfc062723c751e8b465ee728b)  -> (artifact id: '115ef80708486212ad7f78b2cef0b348') in 0.019645 seconds 
Number of asset objects unloaded after import = 2
========================================================================
Received Import Request.
  Time since last request: 0.000016 seconds.
  path: Assets/Brick Project Studio/Brief2/Apartment kit/Common/Textures/Surface/CastIron_H.png
  artifactKey: Guid(f3243849f3d44224597bc618e578d293) Importer(815301076,1909f56bfc062723c751e8b465ee728b)
Number of updated assets reloaded before import = 0
Start importing Assets/Brick Project Studio/Brief2/Apartment kit/Common/Textures/Surface/CastIron_H.png using Guid(f3243849f3d44224597bc618e578d293) Importer(815301076,1909f56bfc062723c751e8b465ee728b)  -> (artifact id: '0627c0fe7ea8df409d60f2328a07b41d') in 0.024926 seconds 
Number of asset objects unloaded after import = 2
========================================================================
Received Import Request.
  Time since last request: 0.000014 seconds.
  path: Assets/Brick Project Studio/Brief2/Apartment kit/Common/Textures/Surface/Plastic_01_A.png
  artifactKey: Guid(473e76b7fdb58724ab105d9d07528a63) Importer(815301076,1909f56bfc062723c751e8b465ee728b)
Number of updated assets reloaded before import = 0
Start importing Assets/Brick Project Studio/Brief2/Apartment kit/Common/Textures/Surface/Plastic_01_A.png using Guid(473e76b7fdb58724ab105d9d07528a63) Importer(815301076,1909f56bfc062723c751e8b465ee728b)  -> (artifact id: 'e622fa991a6b7824e86db61ac0192e46') in 0.021574 seconds 
Number of asset objects unloaded after import = 2
========================================================================
Received Import Request.
  Time since last request: 0.000020 seconds.
  path: Assets/Brick Project Studio/Brief2/Apartment kit/Common/Textures/Surface/Burlap_01_A.png
  artifactKey: Guid(3e34cde6de0ecce4183b7f04b0d704ae) Importer(815301076,1909f56bfc062723c751e8b465ee728b)
Number of updated assets reloaded before import = 0
Start importing Assets/Brick Project Studio/Brief2/Apartment kit/Common/Textures/Surface/Burlap_01_A.png using Guid(3e34cde6de0ecce4183b7f04b0d704ae) Importer(815301076,1909f56bfc062723c751e8b465ee728b)  -> (artifact id: '583ef4d74854f06a3b863ee43a48576f') in 0.024207 seconds 
Number of asset objects unloaded after import = 2
========================================================================
Received Import Request.
  Time since last request: 0.448978 seconds.
  path: Assets/Brick Project Studio/Brief2/Apartment kit/Common/Textures/Surface/Rustic Wood.png
  artifactKey: Guid(a0e0457c9788feb4f989fdc5b6977fde) Importer(815301076,1909f56bfc062723c751e8b465ee728b)
Number of updated assets reloaded before import = 0
Start importing Assets/Brick Project Studio/Brief2/Apartment kit/Common/Textures/Surface/Rustic Wood.png using Guid(a0e0457c9788feb4f989fdc5b6977fde) Importer(815301076,1909f56bfc062723c751e8b465ee728b)  -> (artifact id: '94d90a185fe6546b7bc45213ac694154') in 0.010515 seconds 
Number of asset objects unloaded after import = 2
========================================================================
Received Import Request.
  Time since last request: 0.000015 seconds.
  path: Assets/Brick Project Studio/Brief2/Apartment kit/Common/Textures/Surface/White Wood.png
  artifactKey: Guid(82825fa1dbf49564796bb87fafd54ed0) Importer(815301076,1909f56bfc062723c751e8b465ee728b)
Number of updated assets reloaded before import = 0
Start importing Assets/Brick Project Studio/Brief2/Apartment kit/Common/Textures/Surface/White Wood.png using Guid(82825fa1dbf49564796bb87fafd54ed0) Importer(815301076,1909f56bfc062723c751e8b465ee728b)  -> (artifact id: '2d24a85c70c02dc60b8cf81e59985289') in 0.010460 seconds 
Number of asset objects unloaded after import = 2
========================================================================
Received Import Request.
  Time since last request: 0.000019 seconds.
  path: Assets/Brick Project Studio/Brief2/Apartment kit/Common/Textures/Surface/Wood_Ebony_01_A.png
  artifactKey: Guid(852e56973a7526a4b88475a4f8463f4b) Importer(815301076,1909f56bfc062723c751e8b465ee728b)
Number of updated assets reloaded before import = 0
Start importing Assets/Brick Project Studio/Brief2/Apartment kit/Common/Textures/Surface/Wood_Ebony_01_A.png using Guid(852e56973a7526a4b88475a4f8463f4b) Importer(815301076,1909f56bfc062723c751e8b465ee728b)  -> (artifact id: '23a565d88b67279275b246cad96c9d93') in 0.011649 seconds 
Number of asset objects unloaded after import = 2
========================================================================
Received Import Request.
  Time since last request: 7.274712 seconds.
  path: Assets/Brick Project Studio/Brief2/Apartment kit/Common/Textures/Interior Exterior/Int_Apt_01_A.png
  artifactKey: Guid(1b1d6a4d760591e49b71fd4d6e2cc5f9) Importer(815301076,1909f56bfc062723c751e8b465ee728b)
Number of updated assets reloaded before import = 0
Start importing Assets/Brick Project Studio/Brief2/Apartment kit/Common/Textures/Interior Exterior/Int_Apt_01_A.png using Guid(1b1d6a4d760591e49b71fd4d6e2cc5f9) Importer(815301076,1909f56bfc062723c751e8b465ee728b)  -> (artifact id: '9e9fcadd50cf7d9a4e9d14ee0771f1b2') in 0.019258 seconds 
Number of asset objects unloaded after import = 2
========================================================================
Received Import Request.
  Time since last request: 0.000017 seconds.
  path: Assets/Brick Project Studio/Brief2/Apartment kit/Common/Textures/Interior Exterior/Int_Apt_03_N.png
  artifactKey: Guid(3fe628b28bc9f1840a32714ccf063eb3) Importer(815301076,1909f56bfc062723c751e8b465ee728b)
Number of updated assets reloaded before import = 0
Start importing Assets/Brick Project Studio/Brief2/Apartment kit/Common/Textures/Interior Exterior/Int_Apt_03_N.png using Guid(3fe628b28bc9f1840a32714ccf063eb3) Importer(815301076,1909f56bfc062723c751e8b465ee728b)  -> (artifact id: '51f7fa84e1d771fe86ea03a3426b14cf') in 0.034686 seconds 
Number of asset objects unloaded after import = 2
========================================================================
Received Import Request.
  Time since last request: 0.000016 seconds.
  path: Assets/Brick Project Studio/Brief2/Apartment kit/Common/Textures/Interior Exterior/Int_Apt_01_N.png
  artifactKey: Guid(52cab35fc66c35d47b73fd24748c768b) Importer(815301076,1909f56bfc062723c751e8b465ee728b)
Number of updated assets reloaded before import = 0
Start importing Assets/Brick Project Studio/Brief2/Apartment kit/Common/Textures/Interior Exterior/Int_Apt_01_N.png using Guid(52cab35fc66c35d47b73fd24748c768b) Importer(815301076,1909f56bfc062723c751e8b465ee728b)  -> (artifact id: '8b1484f771339bda2ac5ffe6b00a4331') in 0.030729 seconds 
Number of asset objects unloaded after import = 2
========================================================================
Received Import Request.
  Time since last request: 0.000017 seconds.
  path: Assets/Brick Project Studio/Brief2/Apartment kit/Common/Textures/Interior Exterior/Int_Apt_02_A.png
  artifactKey: Guid(2250416960944be479b4dade787e02d6) Importer(815301076,1909f56bfc062723c751e8b465ee728b)
Number of updated assets reloaded before import = 0
Start importing Assets/Brick Project Studio/Brief2/Apartment kit/Common/Textures/Interior Exterior/Int_Apt_02_A.png using Guid(2250416960944be479b4dade787e02d6) Importer(815301076,1909f56bfc062723c751e8b465ee728b)  -> (artifact id: '061ba93142ea7893c32976b38687b415') in 0.023770 seconds 
Number of asset objects unloaded after import = 2
========================================================================
Received Import Request.
  Time since last request: 4.924873 seconds.
  path: Assets/Brick Project Studio/Brief2/Apartment kit/Common/Models/Apt_Kit_01.fbx
  artifactKey: Guid(cd0bf29c9c9af6f4098b74076d25f0cd) Importer(815301076,1909f56bfc062723c751e8b465ee728b)
Number of updated assets reloaded before import = 0
Start importing Assets/Brick Project Studio/Brief2/Apartment kit/Common/Models/Apt_Kit_01.fbx using Guid(cd0bf29c9c9af6f4098b74076d25f0cd) Importer(815301076,1909f56bfc062723c751e8b465ee728b)  -> (artifact id: '4677103362bcca7f64bd15e517e6cdd7') in 0.335992 seconds 
Number of asset objects unloaded after import = 99
========================================================================
Received Import Request.
  Time since last request: 0.000032 seconds.
  path: Assets/Brick Project Studio/Brief2/Apartment kit/Common/Models/Lamp 02.fbx
  artifactKey: Guid(e501afb3ed5c60243ac1515b7ca1e2be) Importer(815301076,1909f56bfc062723c751e8b465ee728b)
Number of updated assets reloaded before import = 0
Start importing Assets/Brick Project Studio/Brief2/Apartment kit/Common/Models/Lamp 02.fbx using Guid(e501afb3ed5c60243ac1515b7ca1e2be) Importer(815301076,1909f56bfc062723c751e8b465ee728b)  -> (artifact id: '4f2776a27751c5bf5a6cb2b32eb60c96') in 0.079316 seconds 
Number of asset objects unloaded after import = 81
========================================================================
Received Import Request.
  Time since last request: 0.000029 seconds.
  path: Assets/Brick Project Studio/Brief2/Apartment kit/Common/Models/wine bottle 04_LP.fbx
  artifactKey: Guid(dc3a1db86c73bb14f8ebd6e2953b7e70) Importer(815301076,1909f56bfc062723c751e8b465ee728b)
Number of updated assets reloaded before import = 0
Start importing Assets/Brick Project Studio/Brief2/Apartment kit/Common/Models/wine bottle 04_LP.fbx using Guid(dc3a1db86c73bb14f8ebd6e2953b7e70) Importer(815301076,1909f56bfc062723c751e8b465ee728b)  -> (artifact id: '33e4fcc4f6660c069986be7e80b356c0') in 0.030763 seconds 
Number of asset objects unloaded after import = 18
========================================================================
Received Import Request.
  Time since last request: 0.000014 seconds.
  path: Assets/Brick Project Studio/Brief2/Apartment kit/Common/Models/Painting.fbx
  artifactKey: Guid(27b4045e9d44110428f91ffc9297b5f1) Importer(815301076,1909f56bfc062723c751e8b465ee728b)
Number of updated assets reloaded before import = 0
Start importing Assets/Brick Project Studio/Brief2/Apartment kit/Common/Models/Painting.fbx using Guid(27b4045e9d44110428f91ffc9297b5f1) Importer(815301076,1909f56bfc062723c751e8b465ee728b)  -> (artifact id: 'dd2d2794df03313aa697b319b1f30250') in 0.017541 seconds 
Number of asset objects unloaded after import = 8
========================================================================
Received Import Request.
  Time since last request: 0.000017 seconds.
  path: Assets/Brick Project Studio/Brief2/Apartment kit/Common/Models/Kitchen_01.fbx
  artifactKey: Guid(2a83511a782a6aa4dafed1f5a2bd3803) Importer(815301076,1909f56bfc062723c751e8b465ee728b)
Number of updated assets reloaded before import = 0
Start importing Assets/Brick Project Studio/Brief2/Apartment kit/Common/Models/Kitchen_01.fbx using Guid(2a83511a782a6aa4dafed1f5a2bd3803) Importer(815301076,1909f56bfc062723c751e8b465ee728b)  -> (artifact id: '78c825e7c669ca9c3a3e27fd8c0f6ad5') in 0.475567 seconds 
Number of asset objects unloaded after import = 659
========================================================================
Received Import Request.
  Time since last request: 0.000028 seconds.
  path: Assets/Brick Project Studio/Brief2/Apartment kit/Common/Models/Bathroom_Apt_01.fbx
  artifactKey: Guid(651d77a525480c84e9327ec0894c0da1) Importer(815301076,1909f56bfc062723c751e8b465ee728b)
Number of updated assets reloaded before import = 0
Start importing Assets/Brick Project Studio/Brief2/Apartment kit/Common/Models/Bathroom_Apt_01.fbx using Guid(651d77a525480c84e9327ec0894c0da1) Importer(815301076,1909f56bfc062723c751e8b465ee728b)  -> (artifact id: '4b4d5c149356c31ea1a4bd3adde452f9') in 0.228957 seconds 
Number of asset objects unloaded after import = 290
========================================================================
Received Import Request.
  Time since last request: 18.164057 seconds.
  path: Assets/Brick Project Studio/Brief2/Apartment kit/Props/Lighting/Lamp_Ceiling_Apt_02.prefab
  artifactKey: Guid(283fe20ffc8ff164080c612ba8cb7b86) Importer(815301076,1909f56bfc062723c751e8b465ee728b)
Number of updated assets reloaded before import = 0
Start importing Assets/Brick Project Studio/Brief2/Apartment kit/Props/Lighting/Lamp_Ceiling_Apt_02.prefab using Guid(283fe20ffc8ff164080c612ba8cb7b86) Importer(815301076,1909f56bfc062723c751e8b465ee728b)  -> (artifact id: '58577329f635caf44c2d93cee8d061e9') in 0.015399 seconds 
Number of asset objects unloaded after import = 15
========================================================================
Received Import Request.
  Time since last request: 0.000020 seconds.
  path: Assets/Brick Project Studio/Brief2/Apartment kit/Props/Lighting/Lamp_Floor_Apt_01.prefab
  artifactKey: Guid(4850c514825283749bdc56155d7559a9) Importer(815301076,1909f56bfc062723c751e8b465ee728b)
Number of updated assets reloaded before import = 0
Start importing Assets/Brick Project Studio/Brief2/Apartment kit/Props/Lighting/Lamp_Floor_Apt_01.prefab using Guid(4850c514825283749bdc56155d7559a9) Importer(815301076,1909f56bfc062723c751e8b465ee728b)  -> (artifact id: '87639a4f21b3ca4e62799749bd794369') in 0.065405 seconds 
Number of asset objects unloaded after import = 20
========================================================================
Received Import Request.
  Time since last request: 0.000016 seconds.
  path: Assets/Brick Project Studio/Brief2/Apartment kit/Props/Lighting/Lamp_Table_Apt_01.prefab
  artifactKey: Guid(3e7be61a66e072c44bc2cc6bbee79f45) Importer(815301076,1909f56bfc062723c751e8b465ee728b)
Number of updated assets reloaded before import = 0
Start importing Assets/Brick Project Studio/Brief2/Apartment kit/Props/Lighting/Lamp_Table_Apt_01.prefab using Guid(3e7be61a66e072c44bc2cc6bbee79f45) Importer(815301076,1909f56bfc062723c751e8b465ee728b)  -> (artifact id: '64697552e0c9901fbb9472a4782443e4') in 0.066682 seconds 
Number of asset objects unloaded after import = 110
========================================================================
Received Import Request.
  Time since last request: 0.000020 seconds.
  path: Assets/Brick Project Studio/Brief2/Apartment kit/Props/Lighting/Lamp_Floor_Apt_03.prefab
  artifactKey: Guid(d386d629c043bd849840935643a668b9) Importer(815301076,1909f56bfc062723c751e8b465ee728b)
Number of updated assets reloaded before import = 0
Start importing Assets/Brick Project Studio/Brief2/Apartment kit/Props/Lighting/Lamp_Floor_Apt_03.prefab using Guid(d386d629c043bd849840935643a668b9) Importer(815301076,1909f56bfc062723c751e8b465ee728b)  -> (artifact id: '971cc2d9c3ab719e0dd3479d6515af1a') in 0.040911 seconds 
Number of asset objects unloaded after import = 110
========================================================================
Received Import Request.
  Time since last request: 5.377837 seconds.
  path: Assets/Brick Project Studio/Brief2/Apartment kit/Props/Electronics/GameController_Apt_01_01.prefab
  artifactKey: Guid(94e4c3350f88fe94ba5e156103abcf1c) Importer(815301076,1909f56bfc062723c751e8b465ee728b)
Number of updated assets reloaded before import = 0
Start importing Assets/Brick Project Studio/Brief2/Apartment kit/Props/Electronics/GameController_Apt_01_01.prefab using Guid(94e4c3350f88fe94ba5e156103abcf1c) Importer(815301076,1909f56bfc062723c751e8b465ee728b)  -> (artifact id: '1acfeb2af68cd0897b4b260fb46ccee9') in 0.018386 seconds 
Number of asset objects unloaded after import = 71
========================================================================
Received Import Request.
  Time since last request: 0.000021 seconds.
  path: Assets/Brick Project Studio/Brief2/Apartment kit/Props/Electronics/KeyBoard_Apt_01.prefab
  artifactKey: Guid(cf41c3b90dc3ff44c8efe4be6ce3494c) Importer(815301076,1909f56bfc062723c751e8b465ee728b)
Number of updated assets reloaded before import = 0
Start importing Assets/Brick Project Studio/Brief2/Apartment kit/Props/Electronics/KeyBoard_Apt_01.prefab using Guid(cf41c3b90dc3ff44c8efe4be6ce3494c) Importer(815301076,1909f56bfc062723c751e8b465ee728b)  -> (artifact id: '7f055ec3b392b0160f6b4b3f7c78ca3d') in 0.016753 seconds 
Number of asset objects unloaded after import = 11
========================================================================
Received Import Request.
  Time since last request: 0.000020 seconds.
  path: Assets/Brick Project Studio/Brief2/Apartment kit/Props/Electronics/TV_Apt_01.prefab
  artifactKey: Guid(56a93cd127ed0184982c13ec0a61cfa5) Importer(815301076,1909f56bfc062723c751e8b465ee728b)
Number of updated assets reloaded before import = 0
Start importing Assets/Brick Project Studio/Brief2/Apartment kit/Props/Electronics/TV_Apt_01.prefab using Guid(56a93cd127ed0184982c13ec0a61cfa5) Importer(815301076,1909f56bfc062723c751e8b465ee728b)  -> (artifact id: 'c33ca06c94f2cab5cca0c0e32b4ff41b') in 0.045463 seconds 
Number of asset objects unloaded after import = 25
========================================================================
Received Import Request.
  Time since last request: 0.000018 seconds.
  path: Assets/Brick Project Studio/Brief2/Apartment kit/Props/Electronics/Speaker Sub.prefab
  artifactKey: Guid(484da822e5bb83b4281e1b99f942b4c1) Importer(815301076,1909f56bfc062723c751e8b465ee728b)
Number of updated assets reloaded before import = 0
Start importing Assets/Brick Project Studio/Brief2/Apartment kit/Props/Electronics/Speaker Sub.prefab using Guid(484da822e5bb83b4281e1b99f942b4c1) Importer(815301076,1909f56bfc062723c751e8b465ee728b)  -> (artifact id: '6e01a1a55568dbfb63e8c986aa819bd2') in 0.043256 seconds 
Number of asset objects unloaded after import = 11
========================================================================
Received Import Request.
  Time since last request: 1009.622977 seconds.
  path: Assets/Brick Project Studio/Brief2/Apartment kit/Props/Misc/Chess_Board_Base.prefab
  artifactKey: Guid(04530b01cfbd5f044a2cc04ba39e91df) Importer(815301076,1909f56bfc062723c751e8b465ee728b)
Number of updated assets reloaded before import = 0
Start importing Assets/Brick Project Studio/Brief2/Apartment kit/Props/Misc/Chess_Board_Base.prefab using Guid(04530b01cfbd5f044a2cc04ba39e91df) Importer(815301076,1909f56bfc062723c751e8b465ee728b)  -> (artifact id: '1b00ef43c140ee6d48a75dd424714a88') in 0.028442 seconds 
Number of asset objects unloaded after import = 161
========================================================================
Received Import Request.
  Time since last request: 0.000021 seconds.
  path: Assets/Brick Project Studio/Brief2/Apartment kit/Props/Misc/Vase_Apt_01.prefab
  artifactKey: Guid(eeba5b089ee3b4a4cbe7167afae0e4e1) Importer(815301076,1909f56bfc062723c751e8b465ee728b)
Number of updated assets reloaded before import = 0
Start importing Assets/Brick Project Studio/Brief2/Apartment kit/Props/Misc/Vase_Apt_01.prefab using Guid(eeba5b089ee3b4a4cbe7167afae0e4e1) Importer(815301076,1909f56bfc062723c751e8b465ee728b)  -> (artifact id: '34b1b64bc0a1b089ff2a2c78e1301f61') in 0.021745 seconds 
Number of asset objects unloaded after import = 9
========================================================================
Received Import Request.
  Time since last request: 0.000021 seconds.
  path: Assets/Brick Project Studio/Brief2/Apartment kit/Props/Misc/Wall_Mirror_01.prefab
  artifactKey: Guid(22a931750861f724a854421dccfa17e0) Importer(815301076,1909f56bfc062723c751e8b465ee728b)
Number of updated assets reloaded before import = 0
Start importing Assets/Brick Project Studio/Brief2/Apartment kit/Props/Misc/Wall_Mirror_01.prefab using Guid(22a931750861f724a854421dccfa17e0) Importer(815301076,1909f56bfc062723c751e8b465ee728b)  -> (artifact id: '7e8dca331c2f47c2ef0ddb36680d7975') in 0.034390 seconds 
Number of asset objects unloaded after import = 18
========================================================================
Received Import Request.
  Time since last request: 0.000015 seconds.
  path: Assets/Brick Project Studio/Brief2/Apartment kit/Props/Misc/WelcomeMat_01.prefab
  artifactKey: Guid(7ade998a75360c54ca6e55373981e604) Importer(815301076,1909f56bfc062723c751e8b465ee728b)
Number of updated assets reloaded before import = 0
Start importing Assets/Brick Project Studio/Brief2/Apartment kit/Props/Misc/WelcomeMat_01.prefab using Guid(7ade998a75360c54ca6e55373981e604) Importer(815301076,1909f56bfc062723c751e8b465ee728b)  -> (artifact id: 'ff1d3d094f904b67e46555bc1d64058c') in 0.034865 seconds 
Number of asset objects unloaded after import = 11
========================================================================
Received Import Request.
  Time since last request: 0.000017 seconds.
  path: Assets/Brick Project Studio/Brief2/Apartment kit/Props/Misc/Wall_Mirror_02.prefab
  artifactKey: Guid(646857c834326db489fedada3df0bbc5) Importer(815301076,1909f56bfc062723c751e8b465ee728b)
Number of updated assets reloaded before import = 0
Start importing Assets/Brick Project Studio/Brief2/Apartment kit/Props/Misc/Wall_Mirror_02.prefab using Guid(646857c834326db489fedada3df0bbc5) Importer(815301076,1909f56bfc062723c751e8b465ee728b)  -> (artifact id: 'dee8acb7de0f96814282aba54efd4c36') in 0.026441 seconds 
Number of asset objects unloaded after import = 18
========================================================================
Received Import Request.
  Time since last request: 0.000021 seconds.
  path: Assets/Brick Project Studio/Brief2/Apartment kit/Props/Misc/Vase_Apt_03.prefab
  artifactKey: Guid(7a897a6b060173d41a37261351d86569) Importer(815301076,1909f56bfc062723c751e8b465ee728b)
Number of updated assets reloaded before import = 0
Start importing Assets/Brick Project Studio/Brief2/Apartment kit/Props/Misc/Vase_Apt_03.prefab using Guid(7a897a6b060173d41a37261351d86569) Importer(815301076,1909f56bfc062723c751e8b465ee728b)  -> (artifact id: 'cf5b60a2a3c6a44e7db13acfa1025550') in 0.030895 seconds 
Number of asset objects unloaded after import = 31
========================================================================
Received Import Request.
  Time since last request: 3.120682 seconds.
  path: Assets/Brick Project Studio/Brief2/Apartment kit/Props/Wine Liquor Beer and Glassware - Sample/wine bottle 04_Low Poly.prefab
  artifactKey: Guid(e0f8fa703bcf04a419f5263f5020b059) Importer(815301076,1909f56bfc062723c751e8b465ee728b)
Number of updated assets reloaded before import = 0
Start importing Assets/Brick Project Studio/Brief2/Apartment kit/Props/Wine Liquor Beer and Glassware - Sample/wine bottle 04_Low Poly.prefab using Guid(e0f8fa703bcf04a419f5263f5020b059) Importer(815301076,1909f56bfc062723c751e8b465ee728b)  -> (artifact id: '408d84a1bc13fc4c72119b9580183da0') in 0.020630 seconds 
Number of asset objects unloaded after import = 22
========================================================================
Received Import Request.
  Time since last request: 0.000017 seconds.
  path: Assets/Brick Project Studio/Brief2/Apartment kit/Props/Wine Liquor Beer and Glassware - Sample/wine thin glass Red Wine.prefab
  artifactKey: Guid(e32f2e76bad645746b596640d4736354) Importer(815301076,1909f56bfc062723c751e8b465ee728b)
Number of updated assets reloaded before import = 0
Start importing Assets/Brick Project Studio/Brief2/Apartment kit/Props/Wine Liquor Beer and Glassware - Sample/wine thin glass Red Wine.prefab using Guid(e32f2e76bad645746b596640d4736354) Importer(815301076,1909f56bfc062723c751e8b465ee728b)  -> (artifact id: 'feaa1c6723520ac21ca041ab764d86a7') in 0.015723 seconds 
Number of asset objects unloaded after import = 15
========================================================================
Received Import Request.
  Time since last request: 2.737612 seconds.
  path: Assets/Brick Project Studio/Brief2/Apartment kit/Props/Sculptures/Sculpture_apt_01_02.prefab
  artifactKey: Guid(93aca5305e2fdde45bd10238f67be364) Importer(815301076,1909f56bfc062723c751e8b465ee728b)
Number of updated assets reloaded before import = 0
Start importing Assets/Brick Project Studio/Brief2/Apartment kit/Props/Sculptures/Sculpture_apt_01_02.prefab using Guid(93aca5305e2fdde45bd10238f67be364) Importer(815301076,1909f56bfc062723c751e8b465ee728b)  -> (artifact id: '4ff4205001085f0da912351740c69cdd') in 0.017680 seconds 
Number of asset objects unloaded after import = 17
========================================================================
Received Import Request.
  Time since last request: 0.000018 seconds.
  path: Assets/Brick Project Studio/Brief2/Apartment kit/Props/Sculptures/Sculpture_apt_01_04.prefab
  artifactKey: Guid(f00af83dfea20324d8081f143b53730c) Importer(815301076,1909f56bfc062723c751e8b465ee728b)
Number of updated assets reloaded before import = 0
Start importing Assets/Brick Project Studio/Brief2/Apartment kit/Props/Sculptures/Sculpture_apt_01_04.prefab using Guid(f00af83dfea20324d8081f143b53730c) Importer(815301076,1909f56bfc062723c751e8b465ee728b)  -> (artifact id: '0d728f41c02c344e0302498c6e23c87b') in 0.017410 seconds 
Number of asset objects unloaded after import = 17
========================================================================
Received Import Request.
  Time since last request: 0.000018 seconds.
  path: Assets/Brick Project Studio/Brief2/Apartment kit/Props/Sculptures/Sculpture_apt_02_04.prefab
  artifactKey: Guid(6ad7ae35911007741856dfec75c6ab59) Importer(815301076,1909f56bfc062723c751e8b465ee728b)
Number of updated assets reloaded before import = 0
Start importing Assets/Brick Project Studio/Brief2/Apartment kit/Props/Sculptures/Sculpture_apt_02_04.prefab using Guid(6ad7ae35911007741856dfec75c6ab59) Importer(815301076,1909f56bfc062723c751e8b465ee728b)  -> (artifact id: '4c60c1ca143cd707ba2a47448b77ef54') in 0.059339 seconds 
Number of asset objects unloaded after import = 11
========================================================================
Received Import Request.
  Time since last request: 46.773109 seconds.
  path: Assets/Brick Project Studio/Brief2/Basic assets/Prefabs/Fire/Torch Flame.prefab
  artifactKey: Guid(65b0d7b3c17d2854f87e4c8416f798fb) Importer(815301076,1909f56bfc062723c751e8b465ee728b)
Number of updated assets reloaded before import = 0
Start importing Assets/Brick Project Studio/Brief2/Basic assets/Prefabs/Fire/Torch Flame.prefab using Guid(65b0d7b3c17d2854f87e4c8416f798fb) Importer(815301076,1909f56bfc062723c751e8b465ee728b)  -> (artifact id: '072a84dcadaeea6fa9401d4aa1c9320c') in 0.075955 seconds 
Number of asset objects unloaded after import = 25
========================================================================
Received Import Request.
  Time since last request: 9.344608 seconds.
  path: Assets/Brick Project Studio/Brief2/Basic assets/Prefabs/Restroom/Fixtures/RR_MirrorFrame_01.prefab
  artifactKey: Guid(252461d3f6f63ab4893c8eb882ee2be0) Importer(815301076,1909f56bfc062723c751e8b465ee728b)
Number of updated assets reloaded before import = 0
Start importing Assets/Brick Project Studio/Brief2/Basic assets/Prefabs/Restroom/Fixtures/RR_MirrorFrame_01.prefab using Guid(252461d3f6f63ab4893c8eb882ee2be0) Importer(815301076,1909f56bfc062723c751e8b465ee728b)  -> (artifact id: '2c7c7ce9029b4a50214a1d0a7c022e71') in 0.033421 seconds 
Number of asset objects unloaded after import = 17
========================================================================
Received Import Request.
  Time since last request: 0.000017 seconds.
  path: Assets/Brick Project Studio/Brief2/Basic assets/Prefabs/Restroom/Fixtures/RR_ToiletPaperDispenser.prefab
  artifactKey: Guid(c78bc6eecce41e24ea169a70169c6508) Importer(815301076,1909f56bfc062723c751e8b465ee728b)
Number of updated assets reloaded before import = 0
Start importing Assets/Brick Project Studio/Brief2/Basic assets/Prefabs/Restroom/Fixtures/RR_ToiletPaperDispenser.prefab using Guid(c78bc6eecce41e24ea169a70169c6508) Importer(815301076,1909f56bfc062723c751e8b465ee728b)  -> (artifact id: 'aa3de9234aa98602148aee271db7292a') in 0.056845 seconds 
Number of asset objects unloaded after import = 19
========================================================================
Received Import Request.
  Time since last request: 0.000014 seconds.
  path: Assets/Brick Project Studio/Brief2/Basic assets/Prefabs/Restroom/Fixtures/RR_PaperTowelDispenser_01.prefab
  artifactKey: Guid(d493d80813479394da472625132622ed) Importer(815301076,1909f56bfc062723c751e8b465ee728b)
Number of updated assets reloaded before import = 0
Start importing Assets/Brick Project Studio/Brief2/Basic assets/Prefabs/Restroom/Fixtures/RR_PaperTowelDispenser_01.prefab using Guid(d493d80813479394da472625132622ed) Importer(815301076,1909f56bfc062723c751e8b465ee728b)  -> (artifact id: '9c80c67dd07c809f7a8c8eb649696e3d') in 0.058107 seconds 
Number of asset objects unloaded after import = 24
========================================================================
Received Import Request.
  Time since last request: 3.929461 seconds.
  path: Assets/Brick Project Studio/Brief2/Basic assets/Prefabs/Restroom/Signs/RR_Restroom_Woman_Sign.prefab
  artifactKey: Guid(e44a81cddb13cac4d8ad43dcfcb329b3) Importer(815301076,1909f56bfc062723c751e8b465ee728b)
Number of updated assets reloaded before import = 0
Start importing Assets/Brick Project Studio/Brief2/Basic assets/Prefabs/Restroom/Signs/RR_Restroom_Woman_Sign.prefab using Guid(e44a81cddb13cac4d8ad43dcfcb329b3) Importer(815301076,1909f56bfc062723c751e8b465ee728b)  -> (artifact id: '0f8363c85ea6aaefe257fdd46ecde992') in 0.043756 seconds 
Number of asset objects unloaded after import = 9
========================================================================
Received Import Request.
  Time since last request: 8.502521 seconds.
  path: Assets/Brick Project Studio/Brief2/Basic assets/Prefabs/Restroom/RR Build Kit/Stall/RR_Stall_01_R.prefab
  artifactKey: Guid(9c3dbc8f461d4914d9c9d995785ff708) Importer(815301076,1909f56bfc062723c751e8b465ee728b)
Number of updated assets reloaded before import = 0
Start importing Assets/Brick Project Studio/Brief2/Basic assets/Prefabs/Restroom/RR Build Kit/Stall/RR_Stall_01_R.prefab using Guid(9c3dbc8f461d4914d9c9d995785ff708) Importer(815301076,1909f56bfc062723c751e8b465ee728b)  -> (artifact id: '5d4139ce3acd4687d0ac179e8e2e33e6') in 0.041227 seconds 
Number of asset objects unloaded after import = 18
========================================================================
Received Import Request.
  Time since last request: 3.330142 seconds.
  path: Assets/Brick Project Studio/Brief2/Basic assets/Prefabs/Restroom/RR Build Kit/Walls/Int_RR_01_pillar_2x2.prefab
  artifactKey: Guid(b17effefd1c1da643888570fb5635416) Importer(815301076,1909f56bfc062723c751e8b465ee728b)
Number of updated assets reloaded before import = 0
Start importing Assets/Brick Project Studio/Brief2/Basic assets/Prefabs/Restroom/RR Build Kit/Walls/Int_RR_01_pillar_2x2.prefab using Guid(b17effefd1c1da643888570fb5635416) Importer(815301076,1909f56bfc062723c751e8b465ee728b)  -> (artifact id: 'aa0937771210d1e84a161a0673eb19fa') in 0.029068 seconds 
Number of asset objects unloaded after import = 11
========================================================================
Received Import Request.
  Time since last request: 0.000015 seconds.
  path: Assets/Brick Project Studio/Brief2/Basic assets/Prefabs/Restroom/RR Build Kit/Walls/Int_RR_01_Wall_01.prefab
  artifactKey: Guid(b813d19c40ec4bc43890e91f97b087d3) Importer(815301076,1909f56bfc062723c751e8b465ee728b)
Number of updated assets reloaded before import = 0
Start importing Assets/Brick Project Studio/Brief2/Basic assets/Prefabs/Restroom/RR Build Kit/Walls/Int_RR_01_Wall_01.prefab using Guid(b813d19c40ec4bc43890e91f97b087d3) Importer(815301076,1909f56bfc062723c751e8b465ee728b)  -> (artifact id: 'fced71bcb1d32b695ce61da3c7b23d56') in 0.046403 seconds 
Number of asset objects unloaded after import = 11
========================================================================
Received Import Request.
  Time since last request: 4.710489 seconds.
  path: Assets/Brick Project Studio/Brief2/Basic assets/Prefabs/Restroom/RR Build Kit/Doors/Int_RR_DoorFrame_01_Woman.prefab
  artifactKey: Guid(f0043371e2fd88747891ddb3064283ab) Importer(815301076,1909f56bfc062723c751e8b465ee728b)
Number of updated assets reloaded before import = 0
Start importing Assets/Brick Project Studio/Brief2/Basic assets/Prefabs/Restroom/RR Build Kit/Doors/Int_RR_DoorFrame_01_Woman.prefab using Guid(f0043371e2fd88747891ddb3064283ab) Importer(815301076,1909f56bfc062723c751e8b465ee728b)  -> (artifact id: '1cf462bb890914cf50b0aee4207eccc1') in 0.015374 seconds 
Number of asset objects unloaded after import = 32
========================================================================
Received Import Request.
  Time since last request: 16.295554 seconds.
  path: Assets/Brick Project Studio/Brief2/Basic assets/Prefabs/Basic Asset/BA Build Kit/Interior/Doors Frames/Int_BA_Frame_02.prefab
  artifactKey: Guid(6b0fe008d0f2fd649ba26243e4ef0ee8) Importer(815301076,1909f56bfc062723c751e8b465ee728b)
Number of updated assets reloaded before import = 0
Start importing Assets/Brick Project Studio/Brief2/Basic assets/Prefabs/Basic Asset/BA Build Kit/Interior/Doors Frames/Int_BA_Frame_02.prefab using Guid(6b0fe008d0f2fd649ba26243e4ef0ee8) Importer(815301076,1909f56bfc062723c751e8b465ee728b)  -> (artifact id: 'd3ba1d769217325b26470d80dfa0295e') in 0.027007 seconds 
Number of asset objects unloaded after import = 10
========================================================================
Received Import Request.
  Time since last request: 2.096344 seconds.
  path: Assets/Brick Project Studio/Brief2/Basic assets/Prefabs/Basic Asset/BA Build Kit/Interior/Int_01/Int_BA_01_Filler_02.prefab
  artifactKey: Guid(586efc4ccee24ca4883a7542f1e326bb) Importer(815301076,1909f56bfc062723c751e8b465ee728b)
Number of updated assets reloaded before import = 0
Start importing Assets/Brick Project Studio/Brief2/Basic assets/Prefabs/Basic Asset/BA Build Kit/Interior/Int_01/Int_BA_01_Filler_02.prefab using Guid(586efc4ccee24ca4883a7542f1e326bb) Importer(815301076,1909f56bfc062723c751e8b465ee728b)  -> (artifact id: 'ec038e9f05e41f01beb51f6031fdc7f3') in 0.031854 seconds 
Number of asset objects unloaded after import = 10
========================================================================
Received Import Request.
  Time since last request: 0.000015 seconds.
  path: Assets/Brick Project Studio/Brief2/Basic assets/Prefabs/Basic Asset/BA Build Kit/Interior/Int_01/Int_BA_01_Wall_01.prefab
  artifactKey: Guid(87b837bc5f2c7db4787b6fb7663c16d1) Importer(815301076,1909f56bfc062723c751e8b465ee728b)
Number of updated assets reloaded before import = 0
Start importing Assets/Brick Project Studio/Brief2/Basic assets/Prefabs/Basic Asset/BA Build Kit/Interior/Int_01/Int_BA_01_Wall_01.prefab using Guid(87b837bc5f2c7db4787b6fb7663c16d1) Importer(815301076,1909f56bfc062723c751e8b465ee728b)  -> (artifact id: '629199e1f3bf02057a4df906ee8707a9') in 0.044950 seconds 
Number of asset objects unloaded after import = 10
========================================================================
Received Import Request.
  Time since last request: 0.000019 seconds.
  path: Assets/Brick Project Studio/Brief2/Basic assets/Prefabs/Basic Asset/BA Build Kit/Interior/Int_01/Int_BA_01_Wall_02.prefab
  artifactKey: Guid(feb38e40cfc697547a18577613164676) Importer(815301076,1909f56bfc062723c751e8b465ee728b)
Number of updated assets reloaded before import = 0
Start importing Assets/Brick Project Studio/Brief2/Basic assets/Prefabs/Basic Asset/BA Build Kit/Interior/Int_01/Int_BA_01_Wall_02.prefab using Guid(feb38e40cfc697547a18577613164676) Importer(815301076,1909f56bfc062723c751e8b465ee728b)  -> (artifact id: 'ae93d4329c7071f88376e17273fdc7d3') in 0.046561 seconds 
Number of asset objects unloaded after import = 10
========================================================================
Received Import Request.
  Time since last request: 0.000033 seconds.
  path: Assets/Brick Project Studio/Brief2/Basic assets/Prefabs/Basic Asset/BA Build Kit/Interior/Int_01/Int_BA_01_Pillar_1x1.prefab
  artifactKey: Guid(736096cdbd0f7f34cb9e8fdc25987b1c) Importer(815301076,1909f56bfc062723c751e8b465ee728b)
Number of updated assets reloaded before import = 0
Start importing Assets/Brick Project Studio/Brief2/Basic assets/Prefabs/Basic Asset/BA Build Kit/Interior/Int_01/Int_BA_01_Pillar_1x1.prefab using Guid(736096cdbd0f7f34cb9e8fdc25987b1c) Importer(815301076,1909f56bfc062723c751e8b465ee728b)  -> (artifact id: '0715caec88b02ba3e87cb5f7f8a992e2') in 0.048911 seconds 
Number of asset objects unloaded after import = 10
========================================================================
Received Import Request.
  Time since last request: 4.393869 seconds.
  path: Assets/Brick Project Studio/Brief2/Basic assets/Prefabs/Basic Asset/BA Build Kit/Interior/Int_02/Int_BA_02_Filler_02.prefab
  artifactKey: Guid(da76ff28749b4d54ab63d4533af0b4c3) Importer(815301076,1909f56bfc062723c751e8b465ee728b)
Number of updated assets reloaded before import = 0
Start importing Assets/Brick Project Studio/Brief2/Basic assets/Prefabs/Basic Asset/BA Build Kit/Interior/Int_02/Int_BA_02_Filler_02.prefab using Guid(da76ff28749b4d54ab63d4533af0b4c3) Importer(815301076,1909f56bfc062723c751e8b465ee728b)  -> (artifact id: '8aeb6e0ab9c21e5eee74486b5c908ee8') in 0.030888 seconds 
Number of asset objects unloaded after import = 10
========================================================================
Received Import Request.
  Time since last request: 0.000015 seconds.
  path: Assets/Brick Project Studio/Brief2/Basic assets/Prefabs/Basic Asset/BA Build Kit/Interior/Int_02/Int_BA_02_Floor_01.prefab
  artifactKey: Guid(3d085e6f9521f33418df246d3b5f694f) Importer(815301076,1909f56bfc062723c751e8b465ee728b)
Number of updated assets reloaded before import = 0
Start importing Assets/Brick Project Studio/Brief2/Basic assets/Prefabs/Basic Asset/BA Build Kit/Interior/Int_02/Int_BA_02_Floor_01.prefab using Guid(3d085e6f9521f33418df246d3b5f694f) Importer(815301076,1909f56bfc062723c751e8b465ee728b)  -> (artifact id: 'fe029ca17811b884e655a963dc2e081d') in 0.048816 seconds 
Number of asset objects unloaded after import = 10
========================================================================
Received Import Request.
  Time since last request: 0.000022 seconds.
  path: Assets/Brick Project Studio/Brief2/Basic assets/Prefabs/Basic Asset/BA Build Kit/Interior/Int_02/Int_BA_02_Wall_02.prefab
  artifactKey: Guid(e865b35190d61134389351f1fb9a589f) Importer(815301076,1909f56bfc062723c751e8b465ee728b)
Number of updated assets reloaded before import = 0
Start importing Assets/Brick Project Studio/Brief2/Basic assets/Prefabs/Basic Asset/BA Build Kit/Interior/Int_02/Int_BA_02_Wall_02.prefab using Guid(e865b35190d61134389351f1fb9a589f) Importer(815301076,1909f56bfc062723c751e8b465ee728b)  -> (artifact id: '98c3a323da934ec9f77167ffab08b3b7') in 0.047864 seconds 
Number of asset objects unloaded after import = 10
========================================================================
Received Import Request.
  Time since last request: 0.000018 seconds.
  path: Assets/Brick Project Studio/Brief2/Basic assets/Prefabs/Basic Asset/BA Build Kit/Interior/Int_02/Int_BA_02_Pillar_3x3.prefab
  artifactKey: Guid(9068914faab841c49adc9e106827f827) Importer(815301076,1909f56bfc062723c751e8b465ee728b)
Number of updated assets reloaded before import = 0
Start importing Assets/Brick Project Studio/Brief2/Basic assets/Prefabs/Basic Asset/BA Build Kit/Interior/Int_02/Int_BA_02_Pillar_3x3.prefab using Guid(9068914faab841c49adc9e106827f827) Importer(815301076,1909f56bfc062723c751e8b465ee728b)  -> (artifact id: '72a1dfe24ea22b1f86e1f9489e3a9788') in 0.040023 seconds 
Number of asset objects unloaded after import = 10
========================================================================
Received Import Request.
  Time since last request: 7.197732 seconds.
  path: Assets/Brick Project Studio/Brief2/Basic assets/Prefabs/Basic Asset/Furniture_Props/BPS_Table_01.prefab
  artifactKey: Guid(3a3c0bbe58beeff4a8d63acd5a770137) Importer(815301076,1909f56bfc062723c751e8b465ee728b)
Number of updated assets reloaded before import = 0
Start importing Assets/Brick Project Studio/Brief2/Basic assets/Prefabs/Basic Asset/Furniture_Props/BPS_Table_01.prefab using Guid(3a3c0bbe58beeff4a8d63acd5a770137) Importer(815301076,1909f56bfc062723c751e8b465ee728b)  -> (artifact id: '024331d1d384622a970e9425d5cc4f4e') in 0.040494 seconds 
Number of asset objects unloaded after import = 11
========================================================================
Received Import Request.
  Time since last request: 13.356988 seconds.
  path: Assets/Brick Project Studio/Brief2/Basic assets/Prefabs/Basic Asset/BA Build Kit/IntExt/IntExt_BA_GlassFrameDoor_01.prefab
  artifactKey: Guid(eaaaafd5975a5d544a3d11507b3670ec) Importer(815301076,1909f56bfc062723c751e8b465ee728b)
Number of updated assets reloaded before import = 0
Start importing Assets/Brick Project Studio/Brief2/Basic assets/Prefabs/Basic Asset/BA Build Kit/IntExt/IntExt_BA_GlassFrameDoor_01.prefab using Guid(eaaaafd5975a5d544a3d11507b3670ec) Importer(815301076,1909f56bfc062723c751e8b465ee728b)  -> (artifact id: 'c9af91e814420ece4dfa79a81c602922') in 0.038138 seconds 
Number of asset objects unloaded after import = 52
========================================================================
Received Import Request.
  Time since last request: 1420.087052 seconds.
  path: Assets/Brick Project Studio/Brief2/Apartment kit/Furniture/Bedroom/Bed_Apt_01_02.prefab
  artifactKey: Guid(8af73887c9cd7fa47a2f642969b20378) Importer(815301076,1909f56bfc062723c751e8b465ee728b)
Number of updated assets reloaded before import = 0
Start importing Assets/Brick Project Studio/Brief2/Apartment kit/Furniture/Bedroom/Bed_Apt_01_02.prefab using Guid(8af73887c9cd7fa47a2f642969b20378) Importer(815301076,1909f56bfc062723c751e8b465ee728b)  -> (artifact id: '1390853d028722c3eeeb02d546f09f36') in 0.076138 seconds 
Number of asset objects unloaded after import = 34
========================================================================
Received Import Request.
  Time since last request: 0.000022 seconds.
  path: Assets/Brick Project Studio/Brief2/Apartment kit/Furniture/Bedroom/Table_End_02.prefab
  artifactKey: Guid(28f3f85a3fb032b4cbee99b8dd59df44) Importer(815301076,1909f56bfc062723c751e8b465ee728b)
Number of updated assets reloaded before import = 0
Start importing Assets/Brick Project Studio/Brief2/Apartment kit/Furniture/Bedroom/Table_End_02.prefab using Guid(28f3f85a3fb032b4cbee99b8dd59df44) Importer(815301076,1909f56bfc062723c751e8b465ee728b)  -> (artifact id: '7d3fff7a83b4a8af2f3f269353bc1b59') in 0.028208 seconds 
Number of asset objects unloaded after import = 30
========================================================================
Received Import Request.
  Time since last request: 0.000024 seconds.
  path: Assets/Brick Project Studio/Brief2/Apartment kit/Furniture/Bedroom/Dresser_Apt_01.prefab
  artifactKey: Guid(3f38091ec14910c4c8b8af3bab31b1bf) Importer(815301076,1909f56bfc062723c751e8b465ee728b)
Number of updated assets reloaded before import = 0
Start importing Assets/Brick Project Studio/Brief2/Apartment kit/Furniture/Bedroom/Dresser_Apt_01.prefab using Guid(3f38091ec14910c4c8b8af3bab31b1bf) Importer(815301076,1909f56bfc062723c751e8b465ee728b)  -> (artifact id: '5b18dd91607b58896deea92fb14ec55b') in 0.041575 seconds 
Number of asset objects unloaded after import = 107
Editor requested this worker to shutdown with reason: Scaling down because of idle timeout
TcpMessagingSession - receive error: operation aborted. errorcode: 995, details: Lopration dentre/sortie a t abandonne en raison de larrt dun thread ou  la demande dune application.
AssetImportWorker is now disconnected from the server
Process exiting
Exiting without the bug reporter. Application will terminate with return code 0